download.instal.session.id "<instance: java.lang.Object, $className: java.lang.Integer>"
java.lang.Throwable
	at com.download.DownloadModel.getExtra(Native Method)
	at com.download.DownloadManager.initDownloadData(SourceFile:528)
	at com.download.DownloadManager.initDownloadManager(SourceFile:146)
	at com.download.DownloadManager.getInstance(SourceFile:128)
	at com.m4399.gamecenter.plugin.main.PluginApplication.onCreate(SourceFile:470)
	at com.m4399.plugin.PluginLauncher.a(SourceFile:464)
	at com.m4399.plugin.PluginLauncher.loadHostPlugin(SourceFile:414)
	at com.m4399.plugin.PluginLauncher.A(SourceFile:239)
	at com.m4399.plugin.PluginLauncher.getPluginPackageImpl(SourceFile:174)
	at com.m4399.plugin.PluginLauncher.getPluginPackage(SourceFile:122)
	at com.m4399.gamecenter.b.c.jz(SourceFile:100)
	at com.m4399.gamecenter.b.c.aO(SourceFile:62)
	at com.m4399.gamecenter.b.c$4.run(SourceFile:390)
	at java.util.concurrent.ThreadPoolExecutor.runWorker(ThreadPoolExecutor.java:1162)
	at java.util.concurrent.ThreadPoolExecutor$Worker.run(ThreadPoolExecutor.java:636)
	at java.lang.Thread.run(Thread.java:764)

download.instal.session.id "<instance: java.lang.Object, $className: java.lang.Integer>"
java.lang.Throwable
	at com.download.DownloadModel.getExtra(Native Method)
	at com.download.DownloadManager.initDownloadData(SourceFile:528)
	at com.download.DownloadManager.initDownloadManager(SourceFile:146)
	at com.download.DownloadManager.getInstance(SourceFile:128)
	at com.m4399.gamecenter.plugin.main.PluginApplication.onCreate(SourceFile:470)
	at com.m4399.plugin.PluginLauncher.a(SourceFile:464)
	at com.m4399.plugin.PluginLauncher.loadHostPlugin(SourceFile:414)
	at com.m4399.plugin.PluginLauncher.A(SourceFile:239)
	at com.m4399.plugin.PluginLauncher.getPluginPackageImpl(SourceFile:174)
	at com.m4399.plugin.PluginLauncher.getPluginPackage(SourceFile:122)
	at com.m4399.gamecenter.b.c.jz(SourceFile:100)
	at com.m4399.gamecenter.b.c.aO(SourceFile:62)
	at com.m4399.gamecenter.b.c$4.run(SourceFile:390)
	at java.util.concurrent.ThreadPoolExecutor.runWorker(ThreadPoolExecutor.java:1162)
	at java.util.concurrent.ThreadPoolExecutor$Worker.run(ThreadPoolExecutor.java:636)
	at java.lang.Thread.run(Thread.java:764)

download.instal.session.id "<instance: java.lang.Object, $className: java.lang.Integer>"
java.lang.Throwable
	at com.download.DownloadModel.getExtra(Native Method)
	at com.download.DownloadManager.initDownloadData(SourceFile:528)
	at com.download.DownloadManager.initDownloadManager(SourceFile:146)
	at com.download.DownloadManager.getInstance(SourceFile:128)
	at com.m4399.gamecenter.plugin.main.PluginApplication.onCreate(SourceFile:470)
	at com.m4399.plugin.PluginLauncher.a(SourceFile:464)
	at com.m4399.plugin.PluginLauncher.loadHostPlugin(SourceFile:414)
	at com.m4399.plugin.PluginLauncher.A(SourceFile:239)
	at com.m4399.plugin.PluginLauncher.getPluginPackageImpl(SourceFile:174)
	at com.m4399.plugin.PluginLauncher.getPluginPackage(SourceFile:122)
	at com.m4399.gamecenter.b.c.jz(SourceFile:100)
	at com.m4399.gamecenter.b.c.aO(SourceFile:62)
	at com.m4399.gamecenter.b.c$4.run(SourceFile:390)
	at java.util.concurrent.ThreadPoolExecutor.runWorker(ThreadPoolExecutor.java:1162)
	at java.util.concurrent.ThreadPoolExecutor$Worker.run(ThreadPoolExecutor.java:636)
	at java.lang.Thread.run(Thread.java:764)

download.instal.session.id "<instance: java.lang.Object, $className: java.lang.Integer>"
java.lang.Throwable
	at com.download.DownloadModel.getExtra(Native Method)
	at com.download.DownloadManager.initDownloadData(SourceFile:528)
	at com.download.DownloadManager.initDownloadManager(SourceFile:146)
	at com.download.DownloadManager.getInstance(SourceFile:128)
	at com.m4399.gamecenter.plugin.main.PluginApplication.onCreate(SourceFile:470)
	at com.m4399.plugin.PluginLauncher.a(SourceFile:464)
	at com.m4399.plugin.PluginLauncher.loadHostPlugin(SourceFile:414)
	at com.m4399.plugin.PluginLauncher.A(SourceFile:239)
	at com.m4399.plugin.PluginLauncher.getPluginPackageImpl(SourceFile:174)
	at com.m4399.plugin.PluginLauncher.getPluginPackage(SourceFile:122)
	at com.m4399.gamecenter.b.c.jz(SourceFile:100)
	at com.m4399.gamecenter.b.c.aO(SourceFile:62)
	at com.m4399.gamecenter.b.c$4.run(SourceFile:390)
	at java.util.concurrent.ThreadPoolExecutor.runWorker(ThreadPoolExecutor.java:1162)
	at java.util.concurrent.ThreadPoolExecutor$Worker.run(ThreadPoolExecutor.java:636)
	at java.lang.Thread.run(Thread.java:764)

extra.auto.clear.time "<instance: java.lang.Object, $className: java.lang.Long>"
java.lang.Throwable
	at com.download.DownloadModel.getExtra(Native Method)
	at com.m4399.gamecenter.plugin.main.utils.s$1.run(SourceFile:342)
	at java.util.concurrent.ThreadPoolExecutor.runWorker(ThreadPoolExecutor.java:1162)
	at java.util.concurrent.ThreadPoolExecutor$Worker.run(ThreadPoolExecutor.java:636)
	at java.lang.Thread.run(Thread.java:764)

extra.auto.clear.time "<instance: java.lang.Object, $className: java.lang.Long>"
java.lang.Throwable
	at com.download.DownloadModel.getExtra(Native Method)
	at com.m4399.gamecenter.plugin.main.utils.s$1.run(SourceFile:342)
	at java.util.concurrent.ThreadPoolExecutor.runWorker(ThreadPoolExecutor.java:1162)
	at java.util.concurrent.ThreadPoolExecutor$Worker.run(ThreadPoolExecutor.java:636)
	at java.lang.Thread.run(Thread.java:764)

extra.auto.clear.time "<instance: java.lang.Object, $className: java.lang.Long>"
java.lang.Throwable
	at com.download.DownloadModel.getExtra(Native Method)
	at com.m4399.gamecenter.plugin.main.utils.s$1.run(SourceFile:342)
	at java.util.concurrent.ThreadPoolExecutor.runWorker(ThreadPoolExecutor.java:1162)
	at java.util.concurrent.ThreadPoolExecutor$Worker.run(ThreadPoolExecutor.java:636)
	at java.lang.Thread.run(Thread.java:764)

