#
# A fatal error has been detected by the Java Runtime Environment:
#
#  EXCEPTION_ACCESS_VIOLATION (0xc0000005) at pc=0x00007ffa67b388b6, pid=10876, tid=11616
#
# JRE version: OpenJDK Runtime Environment Temurin-17.0.3+7 (17.0.3+7) (build 17.0.3+7)
# Java VM: OpenJDK 64-Bit Server VM Temurin-17.0.3+7 (17.0.3+7, mixed mode, tiered, compressed oops, compressed class ptrs, parallel gc, windows-amd64)
# Problematic frame:
# V  [jvm.dll+0x6a88b6]
#
# No core dump will be written. Minidumps are not enabled by default on client versions of Windows
#
# If you would like to submit a bug report, please visit:
#   https://github.com/adoptium/adoptium-support/issues
#

---------------  S U M M A R Y ------------

Command Line: --add-modules=ALL-SYSTEM --add-opens=java.base/java.util=ALL-UNNAMED --add-opens=java.base/java.lang=ALL-UNNAMED --add-opens=java.base/sun.nio.fs=ALL-UNNAMED -Declipse.application=org.eclipse.jdt.ls.core.id1 -Dosgi.bundles.defaultStartLevel=4 -Declipse.product=org.eclipse.jdt.ls.core.product -Djava.import.generatesMetadataFilesAtProjectRoot=false -Dfile.encoding=utf8 -DwatchParentProcess=false -XX:+UseParallelGC -XX:GCTimeRatio=4 -XX:AdaptiveSizePolicyWeight=90 -Dsun.zip.disableMemoryMapping=true -Xmx1G -Xms100m -javaagent:c:\Users\rico\.vscode\extensions\redhat.java-1.9.0-win32-x64\lombok\lombok-1.18.24.jar -XX:+HeapDumpOnOutOfMemoryError -XX:HeapDumpPath=c:\Users\rico\AppData\Roaming\Code\User\workspaceStorage\0611f32559b85457e451a53528c07f48\redhat.java c:\Users\rico\.vscode\extensions\redhat.java-1.9.0-win32-x64\server\plugins\org.eclipse.equinox.launcher_1.6.400.v20210924-0641.jar -configuration c:\Users\rico\AppData\Roaming\Code\User\globalStorage\redhat.java\1.9.0\config_win -data c:\Users\rico\AppData\Roaming\Code\User\workspaceStorage\0611f32559b85457e451a53528c07f48\redhat.java\jdt_ws

Host: 12th Gen Intel(R) Core(TM) i7-12700, 20 cores, 31G,  Windows 11 , 64 bit Build 22000 (10.0.22000.708)
Time: Tue Aug 16 12:49:15 2022  Windows 11 , 64 bit Build 22000 (10.0.22000.708) elapsed time: 7104.312749 seconds (0d 1h 58m 24s)

---------------  T H R E A D  ---------------

Current thread (0x000002032fb99ee0):  GCTaskThread "GC Thread#13" [stack: 0x000000c49f600000,0x000000c49f700000] [id=11616]

Stack: [0x000000c49f600000,0x000000c49f700000],  sp=0x000000c49f6ff8d0,  free space=1022k
Native frames: (J=compiled Java code, j=interpreted, Vv=VM code, C=native code)
V  [jvm.dll+0x6a88b6]
V  [jvm.dll+0x6a8bfd]
V  [jvm.dll+0x6ad7d8]
V  [jvm.dll+0x7e4e48]
V  [jvm.dll+0x6b201d]
V  [jvm.dll+0x85de5b]
V  [jvm.dll+0x85dea6]
V  [jvm.dll+0x7e0cfa]
V  [jvm.dll+0x674d85]
C  [ucrtbase.dll+0x26c0c]
C  [KERNEL32.DLL+0x154e0]
C  [ntdll.dll+0x485b]


siginfo: EXCEPTION_ACCESS_VIOLATION (0xc0000005), reading address 0xffffffffffffffff


Register to memory mapping:

RIP=0x00007ffa67b388b6 jvm.dll
RAX=0x1fffffffe9000000 is an unknown value
RBX=0x0000000008000000 is an unknown value
RCX=0x0 is NULL
RDX=0x0000020329530000 points into unknown readable memory: 0x2000000100022929 | 29 29 02 00 01 00 00 20
RSP=0x000000c49f6ff8d0 points into unknown readable memory: 0x00000000ee58ea58 | 58 ea 58 ee 00 00 00 00
RBP=0x000002032b634ed0 points into unknown readable memory: 0x0000020315510150 | 50 01 51 15 03 02 00 00
RSI=0x00007ffa67e3f608 jvm.dll
RDI=0x00000000ee58a38c points into unknown readable memory: 00 00 00 08
R8 =0x007fffffffa40000 is an unknown value
R9 =0x0000000000000001 is an unknown value
R10=0x00000000000002f9 is an unknown value
R11=0x00000000ee589840 is an oop: [[C 
{0x00000000ee589840} - klass: {type array char}[]
 - length: 761
R12=0x0 is NULL
R13=0x000000c49f6ffad0 points into unknown readable memory: 0x00007ffa67e40020 | 20 00 e4 67 fa 7f 00 00
R14=0x00000000ee58a434 points into unknown readable memory: 00 00 00 00
R15=0x00007ffa67fa46c0 jvm.dll


Registers:
RAX=0x1fffffffe9000000, RBX=0x0000000008000000, RCX=0x0000000000000000, RDX=0x0000020329530000
RSP=0x000000c49f6ff8d0, RBP=0x000002032b634ed0, RSI=0x00007ffa67e3f608, RDI=0x00000000ee58a38c
R8 =0x007fffffffa40000, R9 =0x0000000000000001, R10=0x00000000000002f9, R11=0x00000000ee589840
R12=0x0000000000000000, R13=0x000000c49f6ffad0, R14=0x00000000ee58a434, R15=0x00007ffa67fa46c0
RIP=0x00007ffa67b388b6, EFLAGS=0x0000000000010206

Top of Stack: (sp=0x000000c49f6ff8d0)
0x000000c49f6ff8d0:   00000000ee58ea58 00000000ee58ea44
0x000000c49f6ff8e0:   00007ffa67fa46c0 00007ffa67da7b10
0x000000c49f6ff8f0:   00007ffa67da7b10 00007ffa67b38bfd
0x000000c49f6ff900:   000002032b634ed0 000000c49f6ff969
0x000000c49f6ff910:   00007ffa67e3f608 0000000000019aee
0x000000c49f6ff920:   0000000000000000 0000000000000000
0x000000c49f6ff930:   0000000000000000 0000000000000000
0x000000c49f6ff940:   0000000000000000 00007ffa67c1d500
0x000000c49f6ff950:   000002032b723af0 00007ffa67c70001
0x000000c49f6ff960:   00007ffa67da7b10 00000203178a37e0
0x000000c49f6ff970:   0000b47c00000003 000002032b634ed0
0x000000c49f6ff980:   0000000000000000 0000000000000000
0x000000c49f6ff990:   000002032b723af0 00000203309fe318
0x000000c49f6ff9a0:   00000000000003d8 0000020330209120
0x000000c49f6ff9b0:   00000203309fdf30 000002032b634ed0
0x000000c49f6ff9c0:   00000203309fdf40 00007ffa67b3d7d8 

Instructions: (pc=0x00007ffa67b388b6)
0x00007ffa67b387b6:   ff 48 39 b3 50 08 00 00 0f 85 e5 fe ff ff 48 83
0x00007ffa67b387c6:   c4 20 5f 5e 5b c3 cc cc cc cc 48 89 5c 24 08 48
0x00007ffa67b387d6:   89 6c 24 10 48 89 74 24 18 48 89 7c 24 20 41 56
0x00007ffa67b387e6:   48 83 ec 20 80 3d 3d 2a 4c 00 00 bb 10 00 00 00
0x00007ffa67b387f6:   48 8b e9 4d 63 d0 4c 8b da 8b c3 8d 4b fc 0f 84
0x00007ffa67b38806:   06 01 00 00 44 0f b6 0d 1d 2a 4c 00 45 84 c9 0f
0x00007ffa67b38816:   45 c1 4c 63 04 10 49 8b d2 49 8b c0 49 2b c2 41
0x00007ffa67b38826:   ba 00 08 00 00 49 3b c2 4c 0f 42 d0 b8 18 00 00
0x00007ffa67b38836:   00 4c 03 d2 45 84 c9 0f 45 c3 49 03 c3 48 8d 3c
0x00007ffa67b38846:   90 4e 8d 34 90 4d 3b d0 73 0e 4d 8b c2 49 8b d3
0x00007ffa67b38856:   48 8b cd e8 62 0b 00 00 49 3b fe 0f 83 90 01 00
0x00007ffa67b38866:   00 66 0f 1f 84 00 00 00 00 00 8b 07 85 c0 0f 84
0x00007ffa67b38876:   84 00 00 00 8b 0d 58 6a 45 00 8b d8 48 8b 15 27
0x00007ffa67b38886:   c1 4d 00 48 d3 e3 48 03 1d 3d 6a 45 00 8b 0d 8f
0x00007ffa67b38896:   79 45 00 48 8b c3 48 2b 02 48 8b 52 10 48 c1 e8
0x00007ffa67b388a6:   03 48 d3 e8 4c 8b c0 24 3f 49 c1 e8 06 0f b6 c8
0x00007ffa67b388b6:   4a 8b 04 c2 48 0f a3 c8 72 3e 48 8b cb e8 f8 3f
0x00007ffa67b388c6:   96 ff 48 63 f0 48 8d 0d ae c2 4d 00 4c 8b c6 48
0x00007ffa67b388d6:   8b d3 e8 43 79 fd ff 84 c0 74 1d 4c 8b c6 48 8d
0x00007ffa67b388e6:   0d d5 c2 4d 00 48 8b d3 e8 dd 2e 00 00 48 8b d3
0x00007ffa67b388f6:   48 8b cd e8 22 0a 00 00 48 83 c7 04 49 3b fe 0f
0x00007ffa67b38906:   82 65 ff ff ff e9 e7 00 00 00 0f b6 15 18 29 4c
0x00007ffa67b38916:   00 84 d2 48 0f 45 c1 49 8b ca 4e 63 0c 18 49 8b
0x00007ffa67b38926:   c1 49 2b c2 41 ba 00 08 00 00 49 3b c2 4c 0f 42
0x00007ffa67b38936:   d0 b8 18 00 00 00 4c 03 d1 84 d2 48 0f 45 c3 49
0x00007ffa67b38946:   03 c3 48 8d 3c c8 4e 8d 34 d0 4d 3b d1 73 0e 4d
0x00007ffa67b38956:   8b c2 49 8b d3 48 8b cd e8 5d 0a 00 00 49 3b fe
0x00007ffa67b38966:   0f 83 8b 00 00 00 0f 1f 40 00 48 8b 1f 48 85 db
0x00007ffa67b38976:   74 72 48 8b 15 31 c0 4d 00 48 8b c3 8b 0d a0 78
0x00007ffa67b38986:   45 00 48 2b 02 48 8b 52 10 48 c1 e8 03 48 d3 e8
0x00007ffa67b38996:   4c 8b c0 24 3f 49 c1 e8 06 0f b6 c8 4a 8b 04 c2
0x00007ffa67b389a6:   48 0f a3 c8 72 3e 48 8b cb e8 0c 3f 96 ff 48 63 


Stack slot to memory mapping:
stack at sp + 0 slots: 0x00000000ee58ea58 is an oop: org.eclipse.jdt.internal.compiler.codegen.CachedIndexEntry 
{0x00000000ee58ea58} - klass: 'org/eclipse/jdt/internal/compiler/codegen/CachedIndexEntry'
 - ---- fields (total size 3 words):
 - public 'index' 'I' @12  8
 - public 'signature' '[C' @16  [C{0x00000000cf47b5d8} (cf47b5d8)
stack at sp + 1 slots: 0x00000000ee58ea44 points into unknown readable memory: 58 ea 58 ee
stack at sp + 2 slots: 0x00007ffa67fa46c0 jvm.dll
stack at sp + 3 slots: 0x00007ffa67da7b10 jvm.dll
stack at sp + 4 slots: 0x00007ffa67da7b10 jvm.dll
stack at sp + 5 slots: 0x00007ffa67b38bfd jvm.dll
stack at sp + 6 slots: 0x000002032b634ed0 points into unknown readable memory: 0x0000020315510150 | 50 01 51 15 03 02 00 00
stack at sp + 7 slots: 0x000000c49f6ff969 points into unknown readable memory: 37 8a 17 03 02 00 00


---------------  P R O C E S S  ---------------

Threads class SMR info:
_java_thread_list=0x0000020333085100, length=27, elements={
0x00000203178a3960, 0x000002032b723af0, 0x000002032b726270, 0x000002032d57e550,
0x000002032d551110, 0x000002032d554ae0, 0x000002032d555490, 0x000002032d558d20,
0x000002032b729e40, 0x000002032b72dd30, 0x000002032d6c7780, 0x000002032f816f90,
0x000002033010a310, 0x000002032f7652a0, 0x000002033021de20, 0x0000020330519af0,
0x00000203304eb3f0, 0x000002033075f070, 0x000002033075d390, 0x000002033075bb80,
0x000002033075c9f0, 0x000002033576f650, 0x0000020335770990, 0x000002033576fb20,
0x000002033576e310, 0x000002033576d970, 0x000002033254d1c0
}

Java Threads: ( => current thread )
  0x00000203178a3960 JavaThread "main" [_thread_blocked, id=9800, stack(0x000000c49c900000,0x000000c49ca00000)]
  0x000002032b723af0 JavaThread "Reference Handler" daemon [_thread_blocked, id=11032, stack(0x000000c49cc00000,0x000000c49cd00000)]
  0x000002032b726270 JavaThread "Finalizer" daemon [_thread_blocked, id=11028, stack(0x000000c49cd00000,0x000000c49ce00000)]
  0x000002032d57e550 JavaThread "Signal Dispatcher" daemon [_thread_blocked, id=11096, stack(0x000000c49ce00000,0x000000c49cf00000)]
  0x000002032d551110 JavaThread "Attach Listener" daemon [_thread_blocked, id=11008, stack(0x000000c49cf00000,0x000000c49d000000)]
  0x000002032d554ae0 JavaThread "Service Thread" daemon [_thread_blocked, id=11104, stack(0x000000c49d000000,0x000000c49d100000)]
  0x000002032d555490 JavaThread "Monitor Deflation Thread" daemon [_thread_blocked, id=11108, stack(0x000000c49d100000,0x000000c49d200000)]
  0x000002032d558d20 JavaThread "C2 CompilerThread0" daemon [_thread_blocked, id=11004, stack(0x000000c49d200000,0x000000c49d300000)]
  0x000002032b729e40 JavaThread "C1 CompilerThread0" daemon [_thread_blocked, id=11112, stack(0x000000c49d300000,0x000000c49d400000)]
  0x000002032b72dd30 JavaThread "Sweeper thread" daemon [_thread_blocked, id=11000, stack(0x000000c49d400000,0x000000c49d500000)]
  0x000002032d6c7780 JavaThread "Common-Cleaner" daemon [_thread_blocked, id=11116, stack(0x000000c49d500000,0x000000c49d600000)]
  0x000002032f816f90 JavaThread "Notification Thread" daemon [_thread_blocked, id=11140, stack(0x000000c49db00000,0x000000c49dc00000)]
  0x000002033010a310 JavaThread "Active Thread: Equinox Container: 8ef39005-a9b9-47ec-a2a1-2266d3678095" [_thread_blocked, id=9804, stack(0x000000c49e300000,0x000000c49e400000)]
  0x000002032f7652a0 JavaThread "Framework Event Dispatcher: Equinox Container: 8ef39005-a9b9-47ec-a2a1-2266d3678095" daemon [_thread_blocked, id=10528, stack(0x000000c49d700000,0x000000c49d800000)]
  0x000002033021de20 JavaThread "Start Level: Equinox Container: 8ef39005-a9b9-47ec-a2a1-2266d3678095" daemon [_thread_blocked, id=10988, stack(0x000000c49d800000,0x000000c49d900000)]
  0x0000020330519af0 JavaThread "SCR Component Actor" daemon [_thread_blocked, id=10512, stack(0x000000c49da00000,0x000000c49db00000)]
  0x00000203304eb3f0 JavaThread "Bundle File Closer" daemon [_thread_blocked, id=9956, stack(0x000000c49e600000,0x000000c49e700000)]
  0x000002033075f070 JavaThread "Worker-JM" [_thread_blocked, id=11132, stack(0x000000c49e900000,0x000000c49ea00000)]
  0x000002033075d390 JavaThread "Java indexing" daemon [_thread_blocked, id=12472, stack(0x000000c49f800000,0x000000c49f900000)]
  0x000002033075bb80 JavaThread "pool-1-thread-1" [_thread_blocked, id=12320, stack(0x000000c49fa00000,0x000000c49fb00000)]
  0x000002033075c9f0 JavaThread "Timer-0" [_thread_blocked, id=5952, stack(0x000000c49f900000,0x000000c49fa00000)]
  0x000002033576f650 JavaThread "Timer-1" [_thread_blocked, id=1912, stack(0x000000c49c600000,0x000000c49c700000)]
  0x0000020335770990 JavaThread "Timer-2" [_thread_blocked, id=3564, stack(0x000000c49c700000,0x000000c49c800000)]
  0x000002033576fb20 JavaThread "Worker-16" [_thread_blocked, id=8180, stack(0x000000c49c800000,0x000000c49c900000)]
  0x000002033576e310 JavaThread "Worker-19: Building" [_thread_blocked, id=16200, stack(0x000000c49ed00000,0x000000c49ee00000)]
  0x000002033576d970 JavaThread "Worker-20" [_thread_blocked, id=11204, stack(0x000000c49e800000,0x000000c49e900000)]
  0x000002033254d1c0 JavaThread "Compiler Processing Task" daemon [_thread_blocked, id=15932, stack(0x000000c49d900000,0x000000c49da00000)]

Other Threads:
  0x000002032b5bb0d0 VMThread "VM Thread" [stack: 0x000000c49cb00000,0x000000c49cc00000] [id=10936]
  0x000002032f873dd0 WatcherThread [stack: 0x000000c49dc00000,0x000000c49dd00000] [id=11144]
  0x00000203178b9950 GCTaskThread "GC Thread#0" [stack: 0x000000c49ca00000,0x000000c49cb00000] [id=10920]
  0x000002032ffbec00 GCTaskThread "GC Thread#1" [stack: 0x000000c49de00000,0x000000c49df00000] [id=11088]
  0x000002032fe1d430 GCTaskThread "GC Thread#2" [stack: 0x000000c49df00000,0x000000c49e000000] [id=11092]
  0x00000203301cea30 GCTaskThread "GC Thread#3" [stack: 0x000000c49e000000,0x000000c49e100000] [id=10976]
  0x00000203301cece0 GCTaskThread "GC Thread#4" [stack: 0x000000c49e100000,0x000000c49e200000] [id=10956]
  0x000002032fbd7d80 GCTaskThread "GC Thread#5" [stack: 0x000000c49e200000,0x000000c49e300000] [id=10984]
  0x0000020330244c50 GCTaskThread "GC Thread#6" [stack: 0x000000c49dd00000,0x000000c49de00000] [id=10508]
  0x0000020330244f00 GCTaskThread "GC Thread#7" [stack: 0x000000c49e400000,0x000000c49e500000] [id=10516]
  0x000002033031d2f0 GCTaskThread "GC Thread#8" [stack: 0x000000c49e700000,0x000000c49e800000] [id=2252]
  0x00000203307e3620 GCTaskThread "GC Thread#9" [stack: 0x000000c49ea00000,0x000000c49eb00000] [id=3452]
  0x000002032ffa0ec0 GCTaskThread "GC Thread#10" [stack: 0x000000c49eb00000,0x000000c49ec00000] [id=4304]
  0x000002032ffa1170 GCTaskThread "GC Thread#11" [stack: 0x000000c49ec00000,0x000000c49ed00000] [id=4732]
  0x000002032fb98960 GCTaskThread "GC Thread#12" [stack: 0x000000c49d600000,0x000000c49d700000] [id=13288]
=>0x000002032fb99ee0 GCTaskThread "GC Thread#13" [stack: 0x000000c49f600000,0x000000c49f700000] [id=11616]
  0x000002032fb99c30 GCTaskThread "GC Thread#14" [stack: 0x000000c49f700000,0x000000c49f800000] [id=12316]

Threads with active compile tasks:

VM state: at safepoint (normal execution)

VM Mutex/Monitor currently owned by a thread:  ([mutex/lock_event])
[0x000002031789f9d0] Threads_lock - owner thread: 0x000002032b5bb0d0
[0x000002031789fb80] Heap_lock - owner thread: 0x000002033254d1c0

OutOfMemory and StackOverflow Exception counts:
OutOfMemoryError java_heap_errors=21
LinkageErrors=103

Heap address: 0x00000000c0000000, size: 1024 MB, Compressed Oops mode: 32-bit

CDS archive(s) not mapped
Compressed class space mapped at: 0x0000000100000000-0x0000000140000000, reserved size: 1073741824
Narrow klass base: 0x0000000000000000, Narrow klass shift: 3, Narrow klass range: 0x140000000

GC Precious Log:
 CPUs: 20 total, 20 available
 Memory: 32093M
 Large Page Support: Disabled
 NUMA Support: Disabled
 Compressed Oops: Enabled (32-bit)
 Alignments: Space 512K, Generation 512K, Heap 2M
 Heap Min Capacity: 100M
 Heap Initial Capacity: 100M
 Heap Max Capacity: 1G
 Pre-touch: Disabled
 Parallel Workers: 15

Heap:
 PSYoungGen      total 210944K, used 102400K [0x00000000eab00000, 0x00000000fe680000, 0x0000000100000000)
  eden space 102400K, 100% used [0x00000000eab00000,0x00000000f0f00000,0x00000000f0f00000)
  from space 108544K, 0% used [0x00000000f0f00000,0x00000000f0f00000,0x00000000f7900000)
  to   space 107520K, 0% used [0x00000000f7d80000,0x00000000f7d80000,0x00000000fe680000)
 ParOldGen       total 699392K, used 699095K [0x00000000c0000000, 0x00000000eab00000, 0x00000000eab00000)
  object space 699392K, 99% used [0x00000000c0000000,0x00000000eaab5da8,0x00000000eab00000)
 Metaspace       used 78562K, committed 79488K, reserved 1122304K
  class space    used 8396K, committed 8832K, reserved 1048576K

Card table byte_map: [0x0000020317260000,0x0000020317470000] _byte_map_base: 0x0000020316c60000

Marking Bits: (ParMarkBitMap*) 0x00007ffa68014b80
 Begin Bits: [0x0000020329530000, 0x000002032a530000)
 End Bits:   [0x000002032a530000, 0x000002032b530000)

Polling page: 0x00000203157b0000

Metaspace:

Usage:
  Non-class:     68.52 MB used.
      Class:      8.20 MB used.
       Both:     76.72 MB used.

Virtual space:
  Non-class space:       72.00 MB reserved,      69.00 MB ( 96%) committed,  9 nodes.
      Class space:        1.00 GB reserved,       8.62 MB ( <1%) committed,  1 nodes.
             Both:        1.07 GB reserved,      77.62 MB (  7%) committed. 

Chunk freelists:
   Non-Class:  2.57 MB
       Class:  3.22 MB
        Both:  5.79 MB

MaxMetaspaceSize: unlimited
CompressedClassSpaceSize: 1.00 GB
Initial GC threshold: 21.00 MB
Current GC threshold: 129.19 MB
CDS: off
MetaspaceReclaimPolicy: balanced
 - commit_granule_bytes: 65536.
 - commit_granule_words: 8192.
 - virtual_space_node_default_size: 1048576.
 - enlarge_chunks_in_place: 1.
 - new_chunks_are_fully_committed: 0.
 - uncommit_free_chunks: 1.
 - use_allocation_guard: 0.
 - handle_deallocations: 1.


Internal statistics:

num_allocs_failed_limit: 3.
num_arena_births: 820.
num_arena_deaths: 426.
num_vsnodes_births: 10.
num_vsnodes_deaths: 0.
num_space_committed: 1242.
num_space_uncommitted: 0.
num_chunks_returned_to_freelist: 629.
num_chunks_taken_from_freelist: 3945.
num_chunk_merges: 199.
num_chunk_splits: 2435.
num_chunks_enlarged: 1640.
num_purges: 32.
num_inconsistent_stats: 0.

CodeHeap 'non-profiled nmethods': size=119168Kb used=30731Kb max_used=30731Kb free=88436Kb
 bounds [0x00000203220d0000, 0x0000020323ee0000, 0x0000020329530000]
CodeHeap 'profiled nmethods': size=119104Kb used=23020Kb max_used=27593Kb free=96083Kb
 bounds [0x000002031ac80000, 0x000002031c800000, 0x00000203220d0000]
CodeHeap 'non-nmethods': size=7488Kb used=1358Kb max_used=3156Kb free=6129Kb
 bounds [0x000002031a530000, 0x000002031a860000, 0x000002031ac80000]
 total_blobs=15443 nmethods=14739 adapters=611
 compilation: enabled
              stopped_count=0, restarted_count=0
 full_count=0

Compilation events (20 events):
Event: 7089.511 Thread 0x000002032b729e40 23059       3       org.eclipse.core.runtime.jobs.Job::schedule (6 bytes)
Event: 7089.511 Thread 0x000002032b729e40 nmethod 23059 0x000002031c1aef10 code [0x000002031c1af0a0, 0x000002031c1af1e8]
Event: 7090.260 Thread 0x000002032d558d20 23060 %     4       org.eclipse.jdt.internal.compiler.util.CharDeduplication::init @ 22 (62 bytes)
Event: 7090.263 Thread 0x000002032d558d20 nmethod 23060% 0x0000020323ec3890 code [0x0000020323ec3a20, 0x0000020323ec3f98]
Event: 7091.569 Thread 0x000002032b729e40 23061       3       org.eclipse.jdt.internal.core.builder.AbstractImageBuilder::finishedWith (165 bytes)
Event: 7091.569 Thread 0x000002032b729e40 nmethod 23061 0x000002031b62bf90 code [0x000002031b62c200, 0x000002031b62d068]
Event: 7091.851 Thread 0x000002032b729e40 23062       3       org.eclipse.jdt.internal.compiler.problem.ProblemReporter::unusedPrivateType (89 bytes)
Event: 7091.852 Thread 0x000002032b729e40 nmethod 23062 0x000002031c2acb90 code [0x000002031c2acdc0, 0x000002031c2ad788]
Event: 7092.843 Thread 0x000002032b729e40 23063       3       org.eclipse.jdt.internal.compiler.ast.ThisReference::printExpression (16 bytes)
Event: 7092.843 Thread 0x000002032b729e40 nmethod 23063 0x000002031c71d290 code [0x000002031c71d460, 0x000002031c71d818]
Event: 7093.477 Thread 0x000002032d558d20 23064       4       org.eclipse.jdt.internal.compiler.ast.BreakStatement::<init> (8 bytes)
Event: 7093.478 Thread 0x000002032d558d20 nmethod 23064 0x0000020323ec4210 code [0x0000020323ec4380, 0x0000020323ec4438]
Event: 7095.030 Thread 0x000002032d558d20 23065 %     4       java.util.DualPivotQuicksort::mixedInsertionSort @ 339 (415 bytes)
Event: 7095.042 Thread 0x000002032d558d20 nmethod 23065% 0x0000020323ec4510 code [0x0000020323ec46c0, 0x0000020323ec5318]
Event: 7096.124 Thread 0x000002032d558d20 23066       4       org.eclipse.jdt.internal.compiler.lookup.InferenceContext18::moreSpecificMain (296 bytes)
Event: 7096.125 Thread 0x000002032d558d20 nmethod 23066 0x0000020323ec5810 code [0x0000020323ec59e0, 0x0000020323ec5cc8]
Event: 7099.204 Thread 0x000002032d558d20 23067       4       org.eclipse.jdt.internal.compiler.ast.MessageSend::analyseCode (897 bytes)
Event: 7099.289 Thread 0x000002032d558d20 nmethod 23067 0x0000020323ec6090 code [0x0000020323ec6780, 0x0000020323ecc4b8]
Event: 7104.055 Thread 0x000002032d558d20 23068       4       org.eclipse.jdt.internal.core.builder.AbstractImageBuilder::finishedWith (165 bytes)
Event: 7104.063 Thread 0x000002032d558d20 nmethod 23068 0x0000020323ed1490 code [0x0000020323ed16e0, 0x0000020323ed23f0]

GC Heap History (20 events):
Event: 7101.849 GC heap after
{Heap after GC invocations=77043 (full 33840):
 PSYoungGen      total 209920K, used 34041K [0x00000000eab00000, 0x00000000fe680000, 0x0000000100000000)
  eden space 102400K, 33% used [0x00000000eab00000,0x00000000ecc3e4b0,0x00000000f0f00000)
  from space 107520K, 0% used [0x00000000f7d80000,0x00000000f7d80000,0x00000000fe680000)
  to   space 108544K, 0% used [0x00000000f0f00000,0x00000000f0f00000,0x00000000f7900000)
 ParOldGen       total 699392K, used 699110K [0x00000000c0000000, 0x00000000eab00000, 0x00000000eab00000)
  object space 699392K, 99% used [0x00000000c0000000,0x00000000eaab9a20,0x00000000eab00000)
 Metaspace       used 78562K, committed 79488K, reserved 1122304K
  class space    used 8396K, committed 8832K, reserved 1048576K
}
Event: 7102.024 GC heap before
{Heap before GC invocations=77044 (full 33841):
 PSYoungGen      total 209920K, used 102400K [0x00000000eab00000, 0x00000000fe680000, 0x0000000100000000)
  eden space 102400K, 100% used [0x00000000eab00000,0x00000000f0f00000,0x00000000f0f00000)
  from space 107520K, 0% used [0x00000000f7d80000,0x00000000f7d80000,0x00000000fe680000)
  to   space 108544K, 0% used [0x00000000f0f00000,0x00000000f0f00000,0x00000000f7900000)
 ParOldGen       total 699392K, used 699110K [0x00000000c0000000, 0x00000000eab00000, 0x00000000eab00000)
  object space 699392K, 99% used [0x00000000c0000000,0x00000000eaab9a20,0x00000000eab00000)
 Metaspace       used 78562K, committed 79488K, reserved 1122304K
  class space    used 8396K, committed 8832K, reserved 1048576K
}
Event: 7102.163 GC heap after
{Heap after GC invocations=77044 (full 33841):
 PSYoungGen      total 210944K, used 35189K [0x00000000eab00000, 0x00000000fe700000, 0x0000000100000000)
  eden space 102400K, 34% used [0x00000000eab00000,0x00000000ecd5d628,0x00000000f0f00000)
  from space 108544K, 0% used [0x00000000f0f00000,0x00000000f0f00000,0x00000000f7900000)
  to   space 107520K, 0% used [0x00000000f7d80000,0x00000000f7d80000,0x00000000fe680000)
 ParOldGen       total 699392K, used 699018K [0x00000000c0000000, 0x00000000eab00000, 0x00000000eab00000)
  object space 699392K, 99% used [0x00000000c0000000,0x00000000eaaa2988,0x00000000eab00000)
 Metaspace       used 78562K, committed 79488K, reserved 1122304K
  class space    used 8396K, committed 8832K, reserved 1048576K
}
Event: 7102.288 GC heap before
{Heap before GC invocations=77045 (full 33842):
 PSYoungGen      total 210944K, used 102400K [0x00000000eab00000, 0x00000000fe700000, 0x0000000100000000)
  eden space 102400K, 100% used [0x00000000eab00000,0x00000000f0f00000,0x00000000f0f00000)
  from space 108544K, 0% used [0x00000000f0f00000,0x00000000f0f00000,0x00000000f7900000)
  to   space 107520K, 0% used [0x00000000f7d80000,0x00000000f7d80000,0x00000000fe680000)
 ParOldGen       total 699392K, used 699018K [0x00000000c0000000, 0x00000000eab00000, 0x00000000eab00000)
  object space 699392K, 99% used [0x00000000c0000000,0x00000000eaaa2988,0x00000000eab00000)
 Metaspace       used 78562K, committed 79488K, reserved 1122304K
  class space    used 8396K, committed 8832K, reserved 1048576K
}
Event: 7102.443 GC heap after
{Heap after GC invocations=77045 (full 33842):
 PSYoungGen      total 209920K, used 41068K [0x00000000eab00000, 0x00000000fe700000, 0x0000000100000000)
  eden space 102400K, 40% used [0x00000000eab00000,0x00000000ed31b1d0,0x00000000f0f00000)
  from space 107520K, 0% used [0x00000000f7d80000,0x00000000f7d80000,0x00000000fe680000)
  to   space 108544K, 0% used [0x00000000f0f00000,0x00000000f0f00000,0x00000000f7900000)
 ParOldGen       total 699392K, used 699365K [0x00000000c0000000, 0x00000000eab00000, 0x00000000eab00000)
  object space 699392K, 99% used [0x00000000c0000000,0x00000000eaaf9530,0x00000000eab00000)
 Metaspace       used 78562K, committed 79488K, reserved 1122304K
  class space    used 8396K, committed 8832K, reserved 1048576K
}
Event: 7102.567 GC heap before
{Heap before GC invocations=77046 (full 33843):
 PSYoungGen      total 209920K, used 102400K [0x00000000eab00000, 0x00000000fe700000, 0x0000000100000000)
  eden space 102400K, 100% used [0x00000000eab00000,0x00000000f0f00000,0x00000000f0f00000)
  from space 107520K, 0% used [0x00000000f7d80000,0x00000000f7d80000,0x00000000fe680000)
  to   space 108544K, 0% used [0x00000000f0f00000,0x00000000f0f00000,0x00000000f7900000)
 ParOldGen       total 699392K, used 699365K [0x00000000c0000000, 0x00000000eab00000, 0x00000000eab00000)
  object space 699392K, 99% used [0x00000000c0000000,0x00000000eaaf9530,0x00000000eab00000)
 Metaspace       used 78562K, committed 79488K, reserved 1122304K
  class space    used 8396K, committed 8832K, reserved 1048576K
}
Event: 7102.704 GC heap after
{Heap after GC invocations=77046 (full 33843):
 PSYoungGen      total 210944K, used 42854K [0x00000000eab00000, 0x00000000fe700000, 0x0000000100000000)
  eden space 102400K, 41% used [0x00000000eab00000,0x00000000ed4d98e8,0x00000000f0f00000)
  from space 108544K, 0% used [0x00000000f0f00000,0x00000000f0f00000,0x00000000f7900000)
  to   space 107520K, 0% used [0x00000000f7d80000,0x00000000f7d80000,0x00000000fe680000)
 ParOldGen       total 699392K, used 699004K [0x00000000c0000000, 0x00000000eab00000, 0x00000000eab00000)
  object space 699392K, 99% used [0x00000000c0000000,0x00000000eaa9f250,0x00000000eab00000)
 Metaspace       used 78562K, committed 79488K, reserved 1122304K
  class space    used 8396K, committed 8832K, reserved 1048576K
}
Event: 7102.821 GC heap before
{Heap before GC invocations=77047 (full 33844):
 PSYoungGen      total 210944K, used 102400K [0x00000000eab00000, 0x00000000fe700000, 0x0000000100000000)
  eden space 102400K, 100% used [0x00000000eab00000,0x00000000f0f00000,0x00000000f0f00000)
  from space 108544K, 0% used [0x00000000f0f00000,0x00000000f0f00000,0x00000000f7900000)
  to   space 107520K, 0% used [0x00000000f7d80000,0x00000000f7d80000,0x00000000fe680000)
 ParOldGen       total 699392K, used 699004K [0x00000000c0000000, 0x00000000eab00000, 0x00000000eab00000)
  object space 699392K, 99% used [0x00000000c0000000,0x00000000eaa9f250,0x00000000eab00000)
 Metaspace       used 78562K, committed 79488K, reserved 1122304K
  class space    used 8396K, committed 8832K, reserved 1048576K
}
Event: 7102.957 GC heap after
{Heap after GC invocations=77047 (full 33844):
 PSYoungGen      total 209920K, used 44344K [0x00000000eab00000, 0x00000000fe700000, 0x0000000100000000)
  eden space 102400K, 43% used [0x00000000eab00000,0x00000000ed64e280,0x00000000f0f00000)
  from space 107520K, 0% used [0x00000000f7d80000,0x00000000f7d80000,0x00000000fe680000)
  to   space 108544K, 0% used [0x00000000f0f00000,0x00000000f0f00000,0x00000000f7900000)
 ParOldGen       total 699392K, used 698954K [0x00000000c0000000, 0x00000000eab00000, 0x00000000eab00000)
  object space 699392K, 99% used [0x00000000c0000000,0x00000000eaa928d8,0x00000000eab00000)
 Metaspace       used 78562K, committed 79488K, reserved 1122304K
  class space    used 8396K, committed 8832K, reserved 1048576K
}
Event: 7103.057 GC heap before
{Heap before GC invocations=77048 (full 33845):
 PSYoungGen      total 209920K, used 102400K [0x00000000eab00000, 0x00000000fe700000, 0x0000000100000000)
  eden space 102400K, 100% used [0x00000000eab00000,0x00000000f0f00000,0x00000000f0f00000)
  from space 107520K, 0% used [0x00000000f7d80000,0x00000000f7d80000,0x00000000fe680000)
  to   space 108544K, 0% used [0x00000000f0f00000,0x00000000f0f00000,0x00000000f7900000)
 ParOldGen       total 699392K, used 698954K [0x00000000c0000000, 0x00000000eab00000, 0x00000000eab00000)
  object space 699392K, 99% used [0x00000000c0000000,0x00000000eaa928d8,0x00000000eab00000)
 Metaspace       used 78562K, committed 79488K, reserved 1122304K
  class space    used 8396K, committed 8832K, reserved 1048576K
}
Event: 7103.196 GC heap after
{Heap after GC invocations=77048 (full 33845):
 PSYoungGen      total 210944K, used 46888K [0x00000000eab00000, 0x00000000fe700000, 0x0000000100000000)
  eden space 102400K, 45% used [0x00000000eab00000,0x00000000ed8ca238,0x00000000f0f00000)
  from space 108544K, 0% used [0x00000000f0f00000,0x00000000f0f00000,0x00000000f7900000)
  to   space 107520K, 0% used [0x00000000f7d80000,0x00000000f7d80000,0x00000000fe680000)
 ParOldGen       total 699392K, used 699388K [0x00000000c0000000, 0x00000000eab00000, 0x00000000eab00000)
  object space 699392K, 99% used [0x00000000c0000000,0x00000000eaaff3a8,0x00000000eab00000)
 Metaspace       used 78562K, committed 79488K, reserved 1122304K
  class space    used 8396K, committed 8832K, reserved 1048576K
}
Event: 7103.296 GC heap before
{Heap before GC invocations=77049 (full 33846):
 PSYoungGen      total 210944K, used 102400K [0x00000000eab00000, 0x00000000fe700000, 0x0000000100000000)
  eden space 102400K, 100% used [0x00000000eab00000,0x00000000f0f00000,0x00000000f0f00000)
  from space 108544K, 0% used [0x00000000f0f00000,0x00000000f0f00000,0x00000000f7900000)
  to   space 107520K, 0% used [0x00000000f7d80000,0x00000000f7d80000,0x00000000fe680000)
 ParOldGen       total 699392K, used 699388K [0x00000000c0000000, 0x00000000eab00000, 0x00000000eab00000)
  object space 699392K, 99% used [0x00000000c0000000,0x00000000eaaff3a8,0x00000000eab00000)
 Metaspace       used 78562K, committed 79488K, reserved 1122304K
  class space    used 8396K, committed 8832K, reserved 1048576K
}
Event: 7103.453 GC heap after
{Heap after GC invocations=77049 (full 33846):
 PSYoungGen      total 209920K, used 50736K [0x00000000eab00000, 0x00000000fe680000, 0x0000000100000000)
  eden space 102400K, 49% used [0x00000000eab00000,0x00000000edc8c1d0,0x00000000f0f00000)
  from space 107520K, 0% used [0x00000000f7d80000,0x00000000f7d80000,0x00000000fe680000)
  to   space 108544K, 0% used [0x00000000f0f00000,0x00000000f0f00000,0x00000000f7900000)
 ParOldGen       total 699392K, used 698974K [0x00000000c0000000, 0x00000000eab00000, 0x00000000eab00000)
  object space 699392K, 99% used [0x00000000c0000000,0x00000000eaa97bd0,0x00000000eab00000)
 Metaspace       used 78562K, committed 79488K, reserved 1122304K
  class space    used 8396K, committed 8832K, reserved 1048576K
}
Event: 7103.553 GC heap before
{Heap before GC invocations=77050 (full 33847):
 PSYoungGen      total 209920K, used 102400K [0x00000000eab00000, 0x00000000fe680000, 0x0000000100000000)
  eden space 102400K, 100% used [0x00000000eab00000,0x00000000f0f00000,0x00000000f0f00000)
  from space 107520K, 0% used [0x00000000f7d80000,0x00000000f7d80000,0x00000000fe680000)
  to   space 108544K, 0% used [0x00000000f0f00000,0x00000000f0f00000,0x00000000f7900000)
 ParOldGen       total 699392K, used 698974K [0x00000000c0000000, 0x00000000eab00000, 0x00000000eab00000)
  object space 699392K, 99% used [0x00000000c0000000,0x00000000eaa97bd0,0x00000000eab00000)
 Metaspace       used 78562K, committed 79488K, reserved 1122304K
  class space    used 8396K, committed 8832K, reserved 1048576K
}
Event: 7103.706 GC heap after
{Heap after GC invocations=77050 (full 33847):
 PSYoungGen      total 210944K, used 52268K [0x00000000eab00000, 0x00000000fe680000, 0x0000000100000000)
  eden space 102400K, 51% used [0x00000000eab00000,0x00000000ede0b248,0x00000000f0f00000)
  from space 108544K, 0% used [0x00000000f0f00000,0x00000000f0f00000,0x00000000f7900000)
  to   space 107520K, 0% used [0x00000000f7d80000,0x00000000f7d80000,0x00000000fe680000)
 ParOldGen       total 699392K, used 699021K [0x00000000c0000000, 0x00000000eab00000, 0x00000000eab00000)
  object space 699392K, 99% used [0x00000000c0000000,0x00000000eaaa3620,0x00000000eab00000)
 Metaspace       used 78562K, committed 79488K, reserved 1122304K
  class space    used 8396K, committed 8832K, reserved 1048576K
}
Event: 7103.820 GC heap before
{Heap before GC invocations=77051 (full 33848):
 PSYoungGen      total 210944K, used 102400K [0x00000000eab00000, 0x00000000fe680000, 0x0000000100000000)
  eden space 102400K, 100% used [0x00000000eab00000,0x00000000f0f00000,0x00000000f0f00000)
  from space 108544K, 0% used [0x00000000f0f00000,0x00000000f0f00000,0x00000000f7900000)
  to   space 107520K, 0% used [0x00000000f7d80000,0x00000000f7d80000,0x00000000fe680000)
 ParOldGen       total 699392K, used 699021K [0x00000000c0000000, 0x00000000eab00000, 0x00000000eab00000)
  object space 699392K, 99% used [0x00000000c0000000,0x00000000eaaa3620,0x00000000eab00000)
 Metaspace       used 78562K, committed 79488K, reserved 1122304K
  class space    used 8396K, committed 8832K, reserved 1048576K
}
Event: 7103.971 GC heap after
{Heap after GC invocations=77051 (full 33848):
 PSYoungGen      total 209920K, used 51570K [0x00000000eab00000, 0x00000000fe680000, 0x0000000100000000)
  eden space 102400K, 50% used [0x00000000eab00000,0x00000000edd5c950,0x00000000f0f00000)
  from space 107520K, 0% used [0x00000000f7d80000,0x00000000f7d80000,0x00000000fe680000)
  to   space 108544K, 0% used [0x00000000f0f00000,0x00000000f0f00000,0x00000000f7900000)
 ParOldGen       total 699392K, used 698914K [0x00000000c0000000, 0x00000000eab00000, 0x00000000eab00000)
  object space 699392K, 99% used [0x00000000c0000000,0x00000000eaa88b28,0x00000000eab00000)
 Metaspace       used 78562K, committed 79488K, reserved 1122304K
  class space    used 8396K, committed 8832K, reserved 1048576K
}
Event: 7104.070 GC heap before
{Heap before GC invocations=77052 (full 33849):
 PSYoungGen      total 209920K, used 102400K [0x00000000eab00000, 0x00000000fe680000, 0x0000000100000000)
  eden space 102400K, 100% used [0x00000000eab00000,0x00000000f0f00000,0x00000000f0f00000)
  from space 107520K, 0% used [0x00000000f7d80000,0x00000000f7d80000,0x00000000fe680000)
  to   space 108544K, 0% used [0x00000000f0f00000,0x00000000f0f00000,0x00000000f7900000)
 ParOldGen       total 699392K, used 698914K [0x00000000c0000000, 0x00000000eab00000, 0x00000000eab00000)
  object space 699392K, 99% used [0x00000000c0000000,0x00000000eaa88b28,0x00000000eab00000)
 Metaspace       used 78562K, committed 79488K, reserved 1122304K
  class space    used 8396K, committed 8832K, reserved 1048576K
}
Event: 7104.209 GC heap after
{Heap after GC invocations=77052 (full 33849):
 PSYoungGen      total 210944K, used 54375K [0x00000000eab00000, 0x00000000fe680000, 0x0000000100000000)
  eden space 102400K, 53% used [0x00000000eab00000,0x00000000ee019f68,0x00000000f0f00000)
  from space 108544K, 0% used [0x00000000f0f00000,0x00000000f0f00000,0x00000000f7900000)
  to   space 107520K, 0% used [0x00000000f7d80000,0x00000000f7d80000,0x00000000fe680000)
 ParOldGen       total 699392K, used 699095K [0x00000000c0000000, 0x00000000eab00000, 0x00000000eab00000)
  object space 699392K, 99% used [0x00000000c0000000,0x00000000eaab5da8,0x00000000eab00000)
 Metaspace       used 78562K, committed 79488K, reserved 1122304K
  class space    used 8396K, committed 8832K, reserved 1048576K
}
Event: 7104.287 GC heap before
{Heap before GC invocations=77053 (full 33850):
 PSYoungGen      total 210944K, used 102400K [0x00000000eab00000, 0x00000000fe680000, 0x0000000100000000)
  eden space 102400K, 100% used [0x00000000eab00000,0x00000000f0f00000,0x00000000f0f00000)
  from space 108544K, 0% used [0x00000000f0f00000,0x00000000f0f00000,0x00000000f7900000)
  to   space 107520K, 0% used [0x00000000f7d80000,0x00000000f7d80000,0x00000000fe680000)
 ParOldGen       total 699392K, used 699095K [0x00000000c0000000, 0x00000000eab00000, 0x00000000eab00000)
  object space 699392K, 99% used [0x00000000c0000000,0x00000000eaab5da8,0x00000000eab00000)
 Metaspace       used 78562K, committed 79488K, reserved 1122304K
  class space    used 8396K, committed 8832K, reserved 1048576K
}

Deoptimization events (20 events):
Event: 7099.154 Thread 0x000002033254d1c0 Uncommon trap: trap_request=0xffffffde fr.pc=0x0000020323ac93c8 relative=0x00000000000036c8
Event: 7099.154 Thread 0x000002033254d1c0 Uncommon trap: reason=class_check action=maybe_recompile pc=0x0000020323ac93c8 method=org.eclipse.jdt.internal.compiler.ast.MessageSend.manageSyntheticAccessIfNecessary(Lorg/eclipse/jdt/internal/compiler/lookup/BlockScope;Lorg/eclipse/jdt/internal/compile
Event: 7099.154 Thread 0x000002033254d1c0 DEOPT PACKING pc=0x0000020323ac93c8 sp=0x000000c49d9feb00
Event: 7099.154 Thread 0x000002033254d1c0 DEOPT UNPACKING pc=0x000002031a5820a3 sp=0x000000c49d9fea78 mode 2
Event: 7102.720 Thread 0x000002033254d1c0 Uncommon trap: trap_request=0xffffffde fr.pc=0x00000203238c85f0 relative=0x0000000000000e30
Event: 7102.720 Thread 0x000002033254d1c0 Uncommon trap: reason=class_check action=maybe_recompile pc=0x00000203238c85f0 method=org.eclipse.jdt.internal.compiler.ast.ConditionalExpression.computeConversions(Lorg/eclipse/jdt/internal/compiler/lookup/BlockScope;Lorg/eclipse/jdt/internal/compiler/lo
Event: 7102.720 Thread 0x000002033254d1c0 DEOPT PACKING pc=0x00000203238c85f0 sp=0x000000c49d9fec40
Event: 7102.720 Thread 0x000002033254d1c0 DEOPT UNPACKING pc=0x000002031a5820a3 sp=0x000000c49d9febe0 mode 2
Event: 7103.717 Thread 0x000002033254d1c0 Uncommon trap: trap_request=0xffffffde fr.pc=0x0000020323c1e190 relative=0x0000000000000470
Event: 7103.717 Thread 0x000002033254d1c0 Uncommon trap: reason=class_check action=maybe_recompile pc=0x0000020323c1e190 method=org.eclipse.jdt.internal.compiler.lookup.MethodVerifier15.detectInheritedNameClash(Lorg/eclipse/jdt/internal/compiler/lookup/MethodBinding;Lorg/eclipse/jdt/internal/comp
Event: 7103.717 Thread 0x000002033254d1c0 DEOPT PACKING pc=0x0000020323c1e190 sp=0x000000c49d9fef30
Event: 7103.717 Thread 0x000002033254d1c0 DEOPT UNPACKING pc=0x000002031a5820a3 sp=0x000000c49d9fee70 mode 2
Event: 7103.717 Thread 0x000002033254d1c0 Uncommon trap: trap_request=0xffffffde fr.pc=0x0000020323c1e190 relative=0x0000000000000470
Event: 7103.717 Thread 0x000002033254d1c0 Uncommon trap: reason=class_check action=maybe_recompile pc=0x0000020323c1e190 method=org.eclipse.jdt.internal.compiler.lookup.MethodVerifier15.detectInheritedNameClash(Lorg/eclipse/jdt/internal/compiler/lookup/MethodBinding;Lorg/eclipse/jdt/internal/comp
Event: 7103.717 Thread 0x000002033254d1c0 DEOPT PACKING pc=0x0000020323c1e190 sp=0x000000c49d9fef30
Event: 7103.717 Thread 0x000002033254d1c0 DEOPT UNPACKING pc=0x000002031a5820a3 sp=0x000000c49d9fee70 mode 2
Event: 7103.718 Thread 0x000002033254d1c0 Uncommon trap: trap_request=0xffffffde fr.pc=0x0000020322c150c8 relative=0x0000000000000368
Event: 7103.718 Thread 0x000002033254d1c0 Uncommon trap: reason=class_check action=maybe_recompile pc=0x0000020322c150c8 method=org.eclipse.jdt.internal.compiler.lookup.MethodVerifier15.detectInheritedNameClash(Lorg/eclipse/jdt/internal/compiler/lookup/MethodBinding;Lorg/eclipse/jdt/internal/comp
Event: 7103.718 Thread 0x000002033254d1c0 DEOPT PACKING pc=0x0000020322c150c8 sp=0x000000c49d9feea0
Event: 7103.718 Thread 0x000002033254d1c0 DEOPT UNPACKING pc=0x000002031a5820a3 sp=0x000000c49d9fee68 mode 2

Classes unloaded (20 events):
Event: 5213.827 Thread 0x000002032b5bb0d0 Unloading class 0x0000000100785c00 'jdk/internal/reflect/GeneratedConstructorAccessor62'
Event: 5740.255 Thread 0x000002032b5bb0d0 Unloading class 0x0000000100889000 'jdk/internal/reflect/GeneratedSerializationConstructorAccessor95'
Event: 5740.255 Thread 0x000002032b5bb0d0 Unloading class 0x00000001008c5800 'jdk/internal/reflect/GeneratedSerializationConstructorAccessor94'
Event: 5740.255 Thread 0x000002032b5bb0d0 Unloading class 0x0000000100799800 'jdk/internal/reflect/GeneratedSerializationConstructorAccessor93'
Event: 5742.452 Thread 0x000002032b5bb0d0 Unloading class 0x0000000100784c00 'jdk/internal/reflect/GeneratedConstructorAccessor71'
Event: 5742.452 Thread 0x000002032b5bb0d0 Unloading class 0x00000001007d4000 'jdk/internal/reflect/GeneratedConstructorAccessor70'
Event: 5742.452 Thread 0x000002032b5bb0d0 Unloading class 0x0000000100278400 'jdk/internal/reflect/GeneratedConstructorAccessor69'
Event: 5742.452 Thread 0x000002032b5bb0d0 Unloading class 0x000000010083c400 'jdk/internal/reflect/GeneratedConstructorAccessor68'
Event: 5742.452 Thread 0x000002032b5bb0d0 Unloading class 0x0000000100888c00 'jdk/internal/reflect/GeneratedConstructorAccessor67'
Event: 6335.542 Thread 0x000002032b5bb0d0 Unloading class 0x0000000100799800 'jdk/internal/reflect/GeneratedConstructorAccessor76'
Event: 6335.542 Thread 0x000002032b5bb0d0 Unloading class 0x00000001008c5800 'jdk/internal/reflect/GeneratedConstructorAccessor75'
Event: 6335.542 Thread 0x000002032b5bb0d0 Unloading class 0x0000000100889000 'jdk/internal/reflect/GeneratedConstructorAccessor74'
Event: 6335.542 Thread 0x000002032b5bb0d0 Unloading class 0x0000000100888c00 'jdk/internal/reflect/GeneratedConstructorAccessor73'
Event: 6335.542 Thread 0x000002032b5bb0d0 Unloading class 0x000000010083c400 'jdk/internal/reflect/GeneratedConstructorAccessor72'
Event: 6335.542 Thread 0x000002032b5bb0d0 Unloading class 0x0000000100278400 'jdk/internal/reflect/GeneratedSerializationConstructorAccessor98'
Event: 6335.542 Thread 0x000002032b5bb0d0 Unloading class 0x00000001007d4000 'jdk/internal/reflect/GeneratedSerializationConstructorAccessor97'
Event: 6335.542 Thread 0x000002032b5bb0d0 Unloading class 0x0000000100784c00 'jdk/internal/reflect/GeneratedSerializationConstructorAccessor96'
Event: 6888.651 Thread 0x000002032b5bb0d0 Unloading class 0x0000000100888c00 'jdk/internal/reflect/GeneratedSerializationConstructorAccessor101'
Event: 6888.651 Thread 0x000002032b5bb0d0 Unloading class 0x0000000100889000 'jdk/internal/reflect/GeneratedSerializationConstructorAccessor100'
Event: 6888.651 Thread 0x000002032b5bb0d0 Unloading class 0x00000001008c5800 'jdk/internal/reflect/GeneratedSerializationConstructorAccessor99'

Classes redefined (0 events):
No events

Internal exceptions (20 events):
Event: 7104.263 Thread 0x000002033576e310 Exception <a 'sun/nio/fs/WindowsException'{0x00000000efc8bc10}> (0x00000000efc8bc10) 
thrown [e:\jenkins\tmp\workspace\build\src\src\hotspot\share\prims\jni.cpp, line 516]
Event: 7104.265 Thread 0x000002033576e310 Exception <a 'sun/nio/fs/WindowsException'{0x00000000efe3ea08}> (0x00000000efe3ea08) 
thrown [e:\jenkins\tmp\workspace\build\src\src\hotspot\share\prims\jni.cpp, line 516]
Event: 7104.266 Thread 0x000002033576e310 Exception <a 'sun/nio/fs/WindowsException'{0x00000000efe64328}> (0x00000000efe64328) 
thrown [e:\jenkins\tmp\workspace\build\src\src\hotspot\share\prims\jni.cpp, line 516]
Event: 7104.267 Thread 0x000002033576e310 Exception <a 'sun/nio/fs/WindowsException'{0x00000000eff433d0}> (0x00000000eff433d0) 
thrown [e:\jenkins\tmp\workspace\build\src\src\hotspot\share\prims\jni.cpp, line 516]
Event: 7104.268 Thread 0x000002033576e310 Exception <a 'sun/nio/fs/WindowsException'{0x00000000eff5a3d8}> (0x00000000eff5a3d8) 
thrown [e:\jenkins\tmp\workspace\build\src\src\hotspot\share\prims\jni.cpp, line 516]
Event: 7104.269 Thread 0x000002033576e310 Exception <a 'sun/nio/fs/WindowsException'{0x00000000f0077110}> (0x00000000f0077110) 
thrown [e:\jenkins\tmp\workspace\build\src\src\hotspot\share\prims\jni.cpp, line 516]
Event: 7104.270 Thread 0x000002033576e310 Exception <a 'sun/nio/fs/WindowsException'{0x00000000f0090688}> (0x00000000f0090688) 
thrown [e:\jenkins\tmp\workspace\build\src\src\hotspot\share\prims\jni.cpp, line 516]
Event: 7104.272 Thread 0x000002033576e310 Exception <a 'sun/nio/fs/WindowsException'{0x00000000f00ab3f8}> (0x00000000f00ab3f8) 
thrown [e:\jenkins\tmp\workspace\build\src\src\hotspot\share\prims\jni.cpp, line 516]
Event: 7104.273 Thread 0x000002033576e310 Exception <a 'sun/nio/fs/WindowsException'{0x00000000f00d20a0}> (0x00000000f00d20a0) 
thrown [e:\jenkins\tmp\workspace\build\src\src\hotspot\share\prims\jni.cpp, line 516]
Event: 7104.274 Thread 0x000002033576e310 Exception <a 'sun/nio/fs/WindowsException'{0x00000000f00edee0}> (0x00000000f00edee0) 
thrown [e:\jenkins\tmp\workspace\build\src\src\hotspot\share\prims\jni.cpp, line 516]
Event: 7104.275 Thread 0x000002033576e310 Exception <a 'sun/nio/fs/WindowsException'{0x00000000f0105dd8}> (0x00000000f0105dd8) 
thrown [e:\jenkins\tmp\workspace\build\src\src\hotspot\share\prims\jni.cpp, line 516]
Event: 7104.276 Thread 0x000002033576e310 Exception <a 'sun/nio/fs/WindowsException'{0x00000000f0362610}> (0x00000000f0362610) 
thrown [e:\jenkins\tmp\workspace\build\src\src\hotspot\share\prims\jni.cpp, line 516]
Event: 7104.278 Thread 0x000002033576e310 Exception <a 'sun/nio/fs/WindowsException'{0x00000000f0391c90}> (0x00000000f0391c90) 
thrown [e:\jenkins\tmp\workspace\build\src\src\hotspot\share\prims\jni.cpp, line 516]
Event: 7104.279 Thread 0x000002033576e310 Exception <a 'sun/nio/fs/WindowsException'{0x00000000f0616250}> (0x00000000f0616250) 
thrown [e:\jenkins\tmp\workspace\build\src\src\hotspot\share\prims\jni.cpp, line 516]
Event: 7104.280 Thread 0x000002033576e310 Exception <a 'sun/nio/fs/WindowsException'{0x00000000f06323c0}> (0x00000000f06323c0) 
thrown [e:\jenkins\tmp\workspace\build\src\src\hotspot\share\prims\jni.cpp, line 516]
Event: 7104.281 Thread 0x000002033576e310 Exception <a 'sun/nio/fs/WindowsException'{0x00000000f0985f10}> (0x00000000f0985f10) 
thrown [e:\jenkins\tmp\workspace\build\src\src\hotspot\share\prims\jni.cpp, line 516]
Event: 7104.282 Thread 0x000002033576e310 Exception <a 'sun/nio/fs/WindowsException'{0x00000000f0b56ac8}> (0x00000000f0b56ac8) 
thrown [e:\jenkins\tmp\workspace\build\src\src\hotspot\share\prims\jni.cpp, line 516]
Event: 7104.284 Thread 0x000002033576e310 Exception <a 'sun/nio/fs/WindowsException'{0x00000000f0b8a8f8}> (0x00000000f0b8a8f8) 
thrown [e:\jenkins\tmp\workspace\build\src\src\hotspot\share\prims\jni.cpp, line 516]
Event: 7104.285 Thread 0x000002033576e310 Exception <a 'sun/nio/fs/WindowsException'{0x00000000f0e38d08}> (0x00000000f0e38d08) 
thrown [e:\jenkins\tmp\workspace\build\src\src\hotspot\share\prims\jni.cpp, line 516]
Event: 7104.286 Thread 0x000002033576e310 Exception <a 'sun/nio/fs/WindowsException'{0x00000000f0e59ca0}> (0x00000000f0e59ca0) 
thrown [e:\jenkins\tmp\workspace\build\src\src\hotspot\share\prims\jni.cpp, line 516]

VM Operations (20 events):
Event: 7101.849 Executing VM operation: ParallelGCFailedAllocation done
Event: 7102.024 Executing VM operation: ParallelGCFailedAllocation
Event: 7102.163 Executing VM operation: ParallelGCFailedAllocation done
Event: 7102.288 Executing VM operation: ParallelGCFailedAllocation
Event: 7102.443 Executing VM operation: ParallelGCFailedAllocation done
Event: 7102.566 Executing VM operation: ParallelGCFailedAllocation
Event: 7102.704 Executing VM operation: ParallelGCFailedAllocation done
Event: 7102.821 Executing VM operation: ParallelGCFailedAllocation
Event: 7102.957 Executing VM operation: ParallelGCFailedAllocation done
Event: 7103.057 Executing VM operation: ParallelGCFailedAllocation
Event: 7103.196 Executing VM operation: ParallelGCFailedAllocation done
Event: 7103.296 Executing VM operation: ParallelGCFailedAllocation
Event: 7103.453 Executing VM operation: ParallelGCFailedAllocation done
Event: 7103.552 Executing VM operation: ParallelGCFailedAllocation
Event: 7103.706 Executing VM operation: ParallelGCFailedAllocation done
Event: 7103.819 Executing VM operation: ParallelGCFailedAllocation
Event: 7103.971 Executing VM operation: ParallelGCFailedAllocation done
Event: 7104.070 Executing VM operation: ParallelGCFailedAllocation
Event: 7104.209 Executing VM operation: ParallelGCFailedAllocation done
Event: 7104.287 Executing VM operation: ParallelGCFailedAllocation

Events (20 events):
Event: 7091.282 Thread 0x000002033254b9b0 Thread exited: 0x000002033254b9b0
Event: 7091.282 Thread 0x000002033254d1c0 Thread exited: 0x000002033254d1c0
Event: 7091.282 Thread 0x000002033254fd10 Thread exited: 0x000002033254fd10
Event: 7091.283 Thread 0x000002033254ccf0 Thread exited: 0x000002033254ccf0
Event: 7091.283 Thread 0x000002033254be80 Thread exited: 0x000002033254be80
Event: 7091.283 Thread 0x000002033254b4e0 Thread exited: 0x000002033254b4e0
Event: 7091.283 Thread 0x0000020335774350 Thread exited: 0x0000020335774350
Event: 7091.283 Thread 0x0000020335771800 Thread exited: 0x0000020335771800
Event: 7091.318 Thread 0x000002033254d1c0 Thread added: 0x000002033254d1c0
Event: 7093.484 Thread 0x000002032b72dd30 flushing nmethod 0x000002031b002c10
Event: 7093.485 Thread 0x000002032b72dd30 flushing nmethod 0x000002031b3cea10
Event: 7093.487 Thread 0x000002032b72dd30 flushing nmethod 0x000002031baa5890
Event: 7093.488 Thread 0x000002032b72dd30 flushing nmethod 0x000002031bc52910
Event: 7093.488 Thread 0x000002032b72dd30 flushing nmethod 0x000002031bd57490
Event: 7093.488 Thread 0x000002032b72dd30 flushing nmethod 0x000002031bd77590
Event: 7093.488 Thread 0x000002032b72dd30 flushing nmethod 0x000002031be27b90
Event: 7093.488 Thread 0x000002032b72dd30 flushing nmethod 0x000002031bef0910
Event: 7093.489 Thread 0x000002032b72dd30 flushing nmethod 0x000002031c417c90
Event: 7093.489 Thread 0x000002032b72dd30 flushing nmethod 0x000002031c41e010
Event: 7093.490 Thread 0x000002032b72dd30 flushing nmethod 0x000002031c5e4010


Dynamic libraries:
0x00007ff6835f0000 - 0x00007ff6835fe000 	c:\Users\rico\.vscode\extensions\redhat.java-1.9.0-win32-x64\jre\17.0.3-win32-x86_64\bin\java.exe
0x00007ffa9d200000 - 0x00007ffa9d409000 	C:\Windows\SYSTEM32\ntdll.dll
0x00007ffa9c350000 - 0x00007ffa9c40d000 	C:\Windows\System32\KERNEL32.DLL
0x00007ffa9ac70000 - 0x00007ffa9afed000 	C:\Windows\System32\KERNELBASE.dll
0x00007ffa9a960000 - 0x00007ffa9aa71000 	C:\Windows\System32\ucrtbase.dll
0x00007ffa95070000 - 0x00007ffa95088000 	c:\Users\rico\.vscode\extensions\redhat.java-1.9.0-win32-x64\jre\17.0.3-win32-x86_64\bin\jli.dll
0x00007ffa951c0000 - 0x00007ffa951d9000 	c:\Users\rico\.vscode\extensions\redhat.java-1.9.0-win32-x64\jre\17.0.3-win32-x86_64\bin\VCRUNTIME140.dll
0x00007ffa9c4a0000 - 0x00007ffa9c64d000 	C:\Windows\System32\USER32.dll
0x00007ffa9a870000 - 0x00007ffa9a896000 	C:\Windows\System32\win32u.dll
0x00007ffa77420000 - 0x00007ffa776c5000 	C:\Windows\WinSxS\amd64_microsoft.windows.common-controls_6595b64144ccf1df_6.0.22000.120_none_9d947278b86cc467\COMCTL32.dll
0x00007ffa9c770000 - 0x00007ffa9c799000 	C:\Windows\System32\GDI32.dll
0x00007ffa9c2a0000 - 0x00007ffa9c343000 	C:\Windows\System32\msvcrt.dll
0x00007ffa9a6e0000 - 0x00007ffa9a7f8000 	C:\Windows\System32\gdi32full.dll
0x00007ffa9aff0000 - 0x00007ffa9b08d000 	C:\Windows\System32\msvcp_win.dll
0x00007ffa9bd00000 - 0x00007ffa9bd31000 	C:\Windows\System32\IMM32.DLL
0x00007ffa95060000 - 0x00007ffa9506c000 	c:\Users\rico\.vscode\extensions\redhat.java-1.9.0-win32-x64\jre\17.0.3-win32-x86_64\bin\vcruntime140_1.dll
0x00007ffa77e10000 - 0x00007ffa77ea1000 	c:\Users\rico\.vscode\extensions\redhat.java-1.9.0-win32-x64\jre\17.0.3-win32-x86_64\bin\msvcp140.dll
0x00007ffa67490000 - 0x00007ffa680d8000 	c:\Users\rico\.vscode\extensions\redhat.java-1.9.0-win32-x64\jre\17.0.3-win32-x86_64\bin\server\jvm.dll
0x00007ffa9cb30000 - 0x00007ffa9cbde000 	C:\Windows\System32\ADVAPI32.dll
0x00007ffa9ca30000 - 0x00007ffa9cace000 	C:\Windows\System32\sechost.dll
0x00007ffa9c650000 - 0x00007ffa9c770000 	C:\Windows\System32\RPCRT4.dll
0x00007ffa9b230000 - 0x00007ffa9b238000 	C:\Windows\System32\PSAPI.DLL
0x00007ffa95050000 - 0x00007ffa95059000 	C:\Windows\SYSTEM32\WSOCK32.dll
0x00007ffa95330000 - 0x00007ffa9533a000 	C:\Windows\SYSTEM32\VERSION.dll
0x00007ffa9b3c0000 - 0x00007ffa9b42f000 	C:\Windows\System32\WS2_32.dll
0x00007ffa727e0000 - 0x00007ffa72813000 	C:\Windows\SYSTEM32\WINMM.dll
0x00007ffa998d0000 - 0x00007ffa998e8000 	C:\Windows\SYSTEM32\kernel.appcore.dll
0x00007ffa95040000 - 0x00007ffa9504a000 	c:\Users\rico\.vscode\extensions\redhat.java-1.9.0-win32-x64\jre\17.0.3-win32-x86_64\bin\jimage.dll
0x00007ffa96240000 - 0x00007ffa96461000 	C:\Windows\SYSTEM32\DBGHELP.DLL
0x00007ffa96060000 - 0x00007ffa96091000 	C:\Windows\SYSTEM32\dbgcore.DLL
0x00007ffa9abf0000 - 0x00007ffa9ac6f000 	C:\Windows\System32\bcryptPrimitives.dll
0x00007ffa95030000 - 0x00007ffa9503e000 	c:\Users\rico\.vscode\extensions\redhat.java-1.9.0-win32-x64\jre\17.0.3-win32-x86_64\bin\instrument.dll
0x00007ffa95000000 - 0x00007ffa95025000 	c:\Users\rico\.vscode\extensions\redhat.java-1.9.0-win32-x64\jre\17.0.3-win32-x86_64\bin\java.dll
0x00007ffa94fe0000 - 0x00007ffa94ff8000 	c:\Users\rico\.vscode\extensions\redhat.java-1.9.0-win32-x64\jre\17.0.3-win32-x86_64\bin\zip.dll
0x00007ffa9b430000 - 0x00007ffa9bbe8000 	C:\Windows\System32\SHELL32.dll
0x00007ffa98860000 - 0x00007ffa990c8000 	C:\Windows\SYSTEM32\windows.storage.dll
0x00007ffa9cde0000 - 0x00007ffa9d159000 	C:\Windows\System32\combase.dll
0x00007ffa986f0000 - 0x00007ffa98856000 	C:\Windows\SYSTEM32\wintypes.dll
0x00007ffa9b2d0000 - 0x00007ffa9b3ba000 	C:\Windows\System32\SHCORE.dll
0x00007ffa9d160000 - 0x00007ffa9d1bd000 	C:\Windows\System32\shlwapi.dll
0x00007ffa9a610000 - 0x00007ffa9a631000 	C:\Windows\SYSTEM32\profapi.dll
0x00007ffa87710000 - 0x00007ffa87729000 	C:\Users\rico\.vscode\extensions\redhat.java-1.9.0-win32-x64\jre\17.0.3-win32-x86_64\bin\net.dll
0x00007ffa96b20000 - 0x00007ffa96c2c000 	C:\Windows\SYSTEM32\WINHTTP.dll
0x00007ffa99d00000 - 0x00007ffa99d67000 	C:\Windows\system32\mswsock.dll
0x00007ffa81070000 - 0x00007ffa81085000 	C:\Users\rico\.vscode\extensions\redhat.java-1.9.0-win32-x64\jre\17.0.3-win32-x86_64\bin\nio.dll
0x00007ffa8c2e0000 - 0x00007ffa8c2f0000 	c:\Users\rico\.vscode\extensions\redhat.java-1.9.0-win32-x64\jre\17.0.3-win32-x86_64\bin\verify.dll
0x00007ffa66d50000 - 0x00007ffa66d8e000 	C:\Users\rico\AppData\Roaming\Code\User\globalStorage\redhat.java\1.9.0\config_win\org.eclipse.equinox.launcher\org.eclipse.equinox.launcher.win32.win32.x86_64_1.2.500.v20220509-0833\eclipse_11700.dll
0x00007ffa9b090000 - 0x00007ffa9b22a000 	C:\Windows\System32\ole32.dll
0x00007ffa99f50000 - 0x00007ffa99f68000 	C:\Windows\SYSTEM32\CRYPTSP.dll
0x00007ffa99830000 - 0x00007ffa99865000 	C:\Windows\system32\rsaenh.dll
0x00007ffa99df0000 - 0x00007ffa99e19000 	C:\Windows\SYSTEM32\USERENV.dll
0x00007ffa9a0c0000 - 0x00007ffa9a0e7000 	C:\Windows\SYSTEM32\bcrypt.dll
0x00007ffa99f40000 - 0x00007ffa99f4c000 	C:\Windows\SYSTEM32\CRYPTBASE.dll
0x00007ffa99400000 - 0x00007ffa9942d000 	C:\Windows\SYSTEM32\IPHLPAPI.DLL
0x00007ffa9c410000 - 0x00007ffa9c419000 	C:\Windows\System32\NSI.dll
0x00007ffa96ae0000 - 0x00007ffa96af9000 	C:\Windows\SYSTEM32\dhcpcsvc6.DLL
0x00007ffa96fa0000 - 0x00007ffa96fbe000 	C:\Windows\SYSTEM32\dhcpcsvc.DLL
0x00007ffa99430000 - 0x00007ffa99518000 	C:\Windows\SYSTEM32\DNSAPI.dll
0x00007ffa41090000 - 0x00007ffa410d4000 	C:\Users\rico\AppData\Local\Temp\jna-3500259\jna16174069215889308603.dll
0x00007ffa952e0000 - 0x00007ffa95307000 	C:\Users\rico\.gradle\native\e1d6ef7f7dcc3fd88c89a11ec53ec762bb8ba0a96d01ffa2cd45eb1d1d8dd5c5\windows-amd64\native-platform.dll
0x00007ffa967f0000 - 0x00007ffa967f9000 	C:\Users\rico\.vscode\extensions\redhat.java-1.9.0-win32-x64\jre\17.0.3-win32-x86_64\bin\management.dll
0x00007ffa967e0000 - 0x00007ffa967eb000 	C:\Users\rico\.vscode\extensions\redhat.java-1.9.0-win32-x64\jre\17.0.3-win32-x86_64\bin\management_ext.dll
0x00007ffa65c00000 - 0x00007ffa65c0e000 	C:\Users\rico\.vscode\extensions\redhat.java-1.9.0-win32-x64\jre\17.0.3-win32-x86_64\bin\sunmscapi.dll
0x00007ffa9aa80000 - 0x00007ffa9abe2000 	C:\Windows\System32\CRYPT32.dll
0x00007ffa9a090000 - 0x00007ffa9a0b8000 	C:\Windows\SYSTEM32\ncrypt.dll
0x00007ffa9a050000 - 0x00007ffa9a087000 	C:\Windows\SYSTEM32\NTASN1.dll
0x00007ffa65bf0000 - 0x00007ffa65bf8000 	C:\Windows\system32\wshunix.dll

dbghelp: loaded successfully - version: 4.0.5 - missing functions: none
symbol engine: initialized successfully - sym options: 0x614 - pdb path: .;c:\Users\rico\.vscode\extensions\redhat.java-1.9.0-win32-x64\jre\17.0.3-win32-x86_64\bin;C:\Windows\SYSTEM32;C:\Windows\WinSxS\amd64_microsoft.windows.common-controls_6595b64144ccf1df_6.0.22000.120_none_9d947278b86cc467;c:\Users\rico\.vscode\extensions\redhat.java-1.9.0-win32-x64\jre\17.0.3-win32-x86_64\bin\server;C:\Users\rico\AppData\Roaming\Code\User\globalStorage\redhat.java\1.9.0\config_win\org.eclipse.equinox.launcher\org.eclipse.equinox.launcher.win32.win32.x86_64_1.2.500.v20220509-0833;C:\Users\rico\AppData\Local\Temp\jna-3500259;C:\Users\rico\.gradle\native\e1d6ef7f7dcc3fd88c89a11ec53ec762bb8ba0a96d01ffa2cd45eb1d1d8dd5c5\windows-amd64

VM Arguments:
jvm_args: --add-modules=ALL-SYSTEM --add-opens=java.base/java.util=ALL-UNNAMED --add-opens=java.base/java.lang=ALL-UNNAMED --add-opens=java.base/sun.nio.fs=ALL-UNNAMED -Declipse.application=org.eclipse.jdt.ls.core.id1 -Dosgi.bundles.defaultStartLevel=4 -Declipse.product=org.eclipse.jdt.ls.core.product -Djava.import.generatesMetadataFilesAtProjectRoot=false -Dfile.encoding=utf8 -DwatchParentProcess=false -XX:+UseParallelGC -XX:GCTimeRatio=4 -XX:AdaptiveSizePolicyWeight=90 -Dsun.zip.disableMemoryMapping=true -Xmx1G -Xms100m -javaagent:c:\Users\rico\.vscode\extensions\redhat.java-1.9.0-win32-x64\lombok\lombok-1.18.24.jar -XX:+HeapDumpOnOutOfMemoryError -XX:HeapDumpPath=c:\Users\rico\AppData\Roaming\Code\User\workspaceStorage\0611f32559b85457e451a53528c07f48\redhat.java 
java_command: c:\Users\rico\.vscode\extensions\redhat.java-1.9.0-win32-x64\server\plugins\org.eclipse.equinox.launcher_1.6.400.v20210924-0641.jar -configuration c:\Users\rico\AppData\Roaming\Code\User\globalStorage\redhat.java\1.9.0\config_win -data c:\Users\rico\AppData\Roaming\Code\User\workspaceStorage\0611f32559b85457e451a53528c07f48\redhat.java\jdt_ws
java_class_path (initial): c:\Users\rico\.vscode\extensions\redhat.java-1.9.0-win32-x64\server\plugins\org.eclipse.equinox.launcher_1.6.400.v20210924-0641.jar
Launcher Type: SUN_STANDARD

[Global flags]
    uintx AdaptiveSizePolicyWeight                 = 90                                        {product} {command line}
     intx CICompilerCount                          = 12                                        {product} {ergonomic}
    uintx GCTimeRatio                              = 4                                         {product} {command line}
     bool HeapDumpOnOutOfMemoryError               = true                                   {manageable} {command line}
    ccstr HeapDumpPath                             = c:\Users\rico\AppData\Roaming\Code\User\workspaceStorage\0611f32559b85457e451a53528c07f48\redhat.java         {manageable} {command line}
   size_t InitialHeapSize                          = 104857600                                 {product} {command line}
   size_t MaxHeapSize                              = 1073741824                                {product} {command line}
   size_t MaxNewSize                               = 357564416                                 {product} {ergonomic}
   size_t MinHeapDeltaBytes                        = 524288                                    {product} {ergonomic}
   size_t MinHeapSize                              = 104857600                                 {product} {command line}
   size_t NewSize                                  = 34603008                                  {product} {ergonomic}
    uintx NonNMethodCodeHeapSize                   = 7602480                                {pd product} {ergonomic}
    uintx NonProfiledCodeHeapSize                  = 122027880                              {pd product} {ergonomic}
   size_t OldSize                                  = 70254592                                  {product} {ergonomic}
    uintx ProfiledCodeHeapSize                     = 122027880                              {pd product} {ergonomic}
    uintx ReservedCodeCacheSize                    = 251658240                              {pd product} {ergonomic}
     bool SegmentedCodeCache                       = true                                      {product} {ergonomic}
   size_t SoftMaxHeapSize                          = 1073741824                             {manageable} {ergonomic}
     bool UseCompressedClassPointers               = true                           {product lp64_product} {ergonomic}
     bool UseCompressedOops                        = true                           {product lp64_product} {ergonomic}
     bool UseLargePagesIndividualAllocation        = false                                  {pd product} {ergonomic}
     bool UseParallelGC                            = true                                      {product} {command line}

Logging:
Log output configuration:
 #0: stdout all=warning uptime,level,tags
 #1: stderr all=off uptime,level,tags

Environment Variables:
JAVA_HOME=C:\Program Files\Java\jdk-11.0.16
CLASSPATH=.;C:\Program Files\Java\jdk-11.0.16\lib;C:\Program Files\Java\jdk-11.0.16\lib\dt.jar;C:\Program Files\Java\jdk-11.0.16\lib\tools.jar
PATH=C:\Program Files\Common Files\Oracle\Java\javapath;C:\Program Files (x86)\Common Files\Oracle\Java\javapath;C:\Windows\system32;C:\Windows;C:\Windows\System32\Wbem;C:\Windows\System32\WindowsPowerShell\v1.0\;C:\Windows\System32\OpenSSH\;C:\Program Files\Java\jdk-11.0.16\bin;C:\Program Files\Java\jdk-11.0.16\jre\bin;C:\Program Files\Git\cmd;C:\Program Files\protoc\bin;C:\Users\rico\AppData\Local\Programs\Python\Python37\Scripts\;C:\Users\rico\AppData\Local\Programs\Python\Python37\;C:\Users\rico\AppData\Local\Microsoft\WindowsApps;C:\Users\rico\AppData\Local\Programs\Microsoft VS Code\bin;C:\Users\rico\AppData\Local\Android\Sdk\platform-tools;
USERNAME=rico
OS=Windows_NT
PROCESSOR_IDENTIFIER=Intel64 Family 6 Model 151 Stepping 2, GenuineIntel



---------------  S Y S T E M  ---------------

OS:
 Windows 11 , 64 bit Build 22000 (10.0.22000.708)
OS uptime: 0 days 1:59 hours

CPU: total 20 (initial active 20) (10 cores per cpu, 2 threads per core) family 6 model 151 stepping 2 microcode 0x18, cx8, cmov, fxsr, ht, mmx, 3dnowpref, sse, sse2, sse3, ssse3, sse4.1, sse4.2, popcnt, lzcnt, tsc, tscinvbit, avx, avx2, aes, erms, clmul, bmi1, bmi2, adx, sha, fma, vzeroupper, clflush, clflushopt, clwb

Memory: 4k page, system-wide physical 32093M (17377M free)
TotalPageFile size 37725M (AvailPageFile size 20415M)
current process WorkingSet (physical memory assigned to process): 1310M, peak: 1362M
current process commit charge ("private bytes"): 1377M, peak: 1402M

vm_info: OpenJDK 64-Bit Server VM (17.0.3+7) for windows-amd64 JRE (17.0.3+7), built on Apr 19 2022 16:55:35 by "" with MS VC++ 16.7 (VS2019)

END.
