NearbyBubbleStruct.ADAPTER.encodedSizeWithTag(236, nearby_tab_bubble(aweme)) 
FeedEventCardInfo.ADAPTER.encodedSizeWithTag(238, feed_event_card_info(aweme)) 
ImageGearedStruct.ADAPTER.asRepeated().encodedSizeWithTag(240, img_bitrate(aweme)) 
AdmireAuth.ADAPTER.encodedSizeWithTag(242, admire_auth(aweme)) 
RelevantLive.ADAPTER.encodedSizeWithTag(244, relevant_live(aweme)) 
DiggLottie.ADAPTER.encodedSizeWithTag(246, digg_lottie(aweme)) 
RelatedMusicAnchorStruct.ADAPTER.encodedSizeWithTag(247, related_music_anchor(aweme)) 
ImageAlbumMusicInfo.ADAPTER.encodedSizeWithTag(248, image_album_music_info(aweme)) 
VideoTagStruct.ADAPTER.asRepeated().encodedSizeWithTag(249, video_tag(aweme)) 
KnowledgeBar.ADAPTER.encodedSizeWithTag(251, knowledge_bar(aweme)) 
ReadingBarStruct.ADAPTER.encodedSizeWithTag(252, comment_toutiao_reading_bar(aweme)) 
ItemProductRelatedInfoStruct.ADAPTER.encodedSizeWithTag(253, item_product_related_info(aweme)) 
HotCommentStruct.ADAPTER.encodedSizeWithTag(254, hot_comment(aweme)) 
XiguaRelatedBarStruct.ADAPTER.encodedSizeWithTag(256, comment_xigua_related_bar(aweme)) 
ChapterInfo.ADAPTER.asRepeated().encodedSizeWithTag(258, chapter_list(aweme)) 
FromNearbyBarStruct.ADAPTER.encodedSizeWithTag(260, from_nearby_bar(aweme)) 
OriginalAudioStruct.ADAPTER.encodedSizeWithTag(261, original_audio(aweme)) 
FeedComponentCtrl.ADAPTER.encodedSizeWithTag(263, feed_component_crtl(aweme)) 
DiaryStruct.ADAPTER.encodedSizeWithTag(264, video_diary_info(aweme)) 
FeedComponentHideCtrl.ADAPTER.encodedSizeWithTag(265, feed_component_hide_ctrl(aweme)) 
DislikeDynamicReasonList.ADAPTER.encodedSizeWithTag(277, dislike_reason_list(aweme)) 
VideoNodeInfoStruct.ADAPTER.encodedSizeWithTag(278, video_node_info(aweme)) 
CooperationInfoStruct.ADAPTER.encodedSizeWithTag(282, cooperation_info(aweme)) 
FeedCommentConfigStruct.ADAPTER.encodedSizeWithTag(284, feed_comment_config(aweme)) 
RecommendReasonData.ADAPTER.encodedSizeWithTag(285, recommend_reason_data(aweme)) 
MusicPromoteCommentAnchorStruct.ADAPTER.encodedSizeWithTag(287, music_promote_comment_anchor(aweme)) 
RelatedVideoStruct.ADAPTER.encodedSizeWithTag(288, related_video(aweme)) 
AddicStruct.ADAPTER.encodedSizeWithTag(289, addic_data(aweme)) 
CFGroupStruct.ADAPTER.encodedSizeWithTag(290, cf_group(aweme)) 

