(agent) [234711] Backtrace:
        java.lang.String.getBytes(Native Method)
        java.lang.String.getBytes(String.java:867)
        com.hoge.android.util.security.EncodeUtils.md5(EncodeUtils.java:249)
        com.hoge.android.factory.util.Util.getDeviceToken(Util.java:529)
        com.hoge.android.factory.util.DataRequestUtil.getHttpParams(DataRequestUtil.java:490)
        com.hoge.android.factory.util.DataRequestUtil.getHttpParams(DataRequestUtil.java:472)
        com.hoge.android.factory.util.ConfigureUtils.getUrl(ConfigureUtils.java:1210)
        com.hoge.android.factory.util.ConfigureUtils.getUrl(ConfigureUtils.java:1182)
        com.hoge.android.factory.model.LoginBiz.onLoginAction(LoginBiz.java:200)
        com.hoge.android.factory.presenter.LoginPresenter.goLogin(LoginPresenter.java:66)
        com.hoge.android.factory.CompLoginStyle1Activity.loginOfM2o(CompLoginStyle1Activity.java:339)
        com.hoge.android.factory.LoginBaseActivity$1.onClick(LoginBaseActivity.java:161)
        android.view.View.performClick(View.java:6294)
        android.view.View$PerformClick.run(View.java:24770)
        android.os.Handler.handleCallback(Handler.java:790)
        android.os.Handler.dispatchMessage(Handler.java:99)
        android.os.Looper.loop(Looper.java:164)
        android.app.ActivityThread.main(ActivityThread.java:6494)
        java.lang.reflect.Method.invoke(Native Method)
        com.android.internal.os.RuntimeInit$MethodAndArgsCaller.run(RuntimeInit.java:438)
        com.android.internal.os.ZygoteInit.main(ZygoteInit.java:807)
        de.robv.android.xposed.XposedBridge.main(XposedBridge.java:108)


 java.lang.String.getBytes(Native Method)
        java.lang.String.getBytes(String.java:925)
        java.lang.String.getBytes(Native Method)
        com.hoge.android.factory.util.Util.getRequestHeader(Util.java:1729)
        com.hoge.android.factory.util.DataRequestUtil.postWithProgress(DataRequestUtil.java:225)
        com.hoge.android.factory.util.DataRequestUtil.postWithProgress(DataRequestUtil.java:206)
        com.hoge.android.factory.util.DataRequestUtil.post(DataRequestUtil.java:168)
        com.hoge.android.factory.util.DataRequestUtil.post(DataRequestUtil.java:114)
        com.hoge.android.factory.model.LoginBiz.onLoginAction(LoginBiz.java:208)
        com.hoge.android.factory.presenter.LoginPresenter.goLogin(LoginPresenter.java:66)
        com.hoge.android.factory.CompLoginStyle1Activity.loginOfM2o(CompLoginStyle1Activity.java:339)
        com.hoge.android.factory.LoginBaseActivity$1.onClick(LoginBaseActivity.java:161)
        android.view.View.performClick(View.java:6294)
        android.view.View$PerformClick.run(View.java:24770)
        android.os.Handler.handleCallback(Handler.java:790)
        android.os.Handler.dispatchMessage(Handler.java:99)
        android.os.Looper.loop(Looper.java:164)
        android.app.ActivityThread.main(ActivityThread.java:6494)
        java.lang.reflect.Method.invoke(Native Method)
        com.android.internal.os.RuntimeInit$MethodAndArgsCaller.run(RuntimeInit.java:438)
        com.android.internal.os.ZygoteInit.main(ZygoteInit.java:807)
        de.robv.android.xposed.XposedBridge.main(XposedBridge.java:108)

//java.lang.Throwable
// at android.widget.Toast.show(Native Method)
// at com.hoge.android.util.CustomToast.showToast(CustomToast.java:172)
// at com.hoge.android.util.CustomToast.showToast(CustomToast.java:134)
// at com.hoge.android.util.CustomToast.showToast(CustomToast.java:99)
// at com.hoge.android.factory.welcome.WelcomeActivity$2$1.run(WelcomeActivity.java:260)
// at android.os.Handler.handleCallback(Handler.java:790)
// at android.os.Handler.dispatchMessage(Handler.java:99)
// at android.os.Looper.loop(Looper.java:164)
// at android.app.ActivityThread.main(ActivityThread.java:6494)
// at java.lang.reflect.Method.invoke(Native Method)
// at com.android.internal.os.RuntimeInit$MethodAndArgsCaller.run(RuntimeInit.java:438)
// at com.android.internal.os.ZygoteInit.main(ZygoteInit.java:807)
// at de.robv.android.xposed.XposedBridge.main(XposedBridge.java:108)