(agent) [164706] Arguments com.bytedance.retrofit2.RequestFactory.toRequest((none), false,-1,/aweme-avatar/tos-cn-i-0813_1dbca52875154639a778455e48840e26~tplv-dy-shrink-adapter:64:64.webp,{from=2956013662},,X.QaS@4d7c36c)
(agent) [164706] Return Value: com.bytedance.retrofit2.client.Request@ef14d35
(agent) [164706] Called com.bytedance.retrofit2.RequestFactory.toRequest(com.bytedance.retrofit2.ExpandCallback, [Ljava.lang.Object;)
(agent) [164706] Backtrace:
        com.bytedance.retrofit2.RequestFactory.toRequest(Native Method)
        com.bytedance.retrofit2.SsHttpCall.enqueue(SourceFile:17170512)
        com.bytedance.retrofit2.ExecutorCallAdapterFactory$ExecutorCallbackCall.enqueue(SourceFile:17039389)
        X.Qi5.LIZIZ(SourceFile:33816611)
        X.QiB.fetch(SourceFile:33882232)
        X.THk.produceResults(SourceFile:33816622)
        com.facebook.imagepipeline.producers.p.produceResults(SourceFile:33882194)
        X.THn.then(SourceFile:17170581)
        X.THn.then(SourceFile:16842752)
        X.QpM.run(SourceFile:262179)
        X.Fgw.execute(SourceFile:17104968)
        bolts.Task.completeImmediately(SourceFile:84148261)
        X.e8a.then(SourceFile:16973851)
        bolts.Task.runContinuations(SourceFile:327725)
        bolts.Task.trySetResult(SourceFile:17104952)
        bolts.g.LIZ(SourceFile:17104924)
        bolts.g.LIZIZ(SourceFile:17104914)
        X.QpL.run(SourceFile:262183)
        java.util.concurrent.ThreadPoolExecutor.runWorker(ThreadPoolExecutor.java:1162)
        java.util.concurrent.ThreadPoolExecutor$Worker.run(ThreadPoolExecutor.java:636)
        com.facebook.imagepipeline.core.PriorityThreadFactory$1.run(SourceFile:196632)
        java.lang.Thread.run(Thread.java:764)

(agent) [164706] Arguments com.bytedance.retrofit2.RequestFactory.toRequest((none), false,-1,/aweme-avatar/tos-cn-avt-0015_ae5841041180915380301466a6864403~tplv-dy-shrink-adapter:64:64.webp,{from=2956013662},,X.QaS@19167cc)
(agent) [164706] Return Value: com.bytedance.retrofit2.client.Request@808612a
(agent) [164706] Called com.bytedance.retrofit2.RequestFactory.toRequest(com.bytedance.retrofit2.ExpandCallback, [Ljava.lang.Object;)
(agent) [164706] Backtrace:
        com.bytedance.retrofit2.RequestFactory.toRequest(Native Method)
        com.bytedance.retrofit2.SsHttpCall.enqueue(SourceFile:17170512)
        com.bytedance.retrofit2.ExecutorCallAdapterFactory$ExecutorCallbackCall.enqueue(SourceFile:17039389)
        X.Qi5.LIZIZ(SourceFile:33816611)
        X.QiB.fetch(SourceFile:33882232)
        X.THk.produceResults(SourceFile:33816622)
        com.facebook.imagepipeline.producers.p.produceResults(SourceFile:33882194)
        X.THn.then(SourceFile:17170581)
        X.THn.then(SourceFile:16842752)
        X.QpM.run(SourceFile:262179)
        X.Fgw.execute(SourceFile:17104968)
        bolts.Task.completeImmediately(SourceFile:84148261)
        X.e8a.then(SourceFile:16973851)
        bolts.Task.runContinuations(SourceFile:327725)
        bolts.Task.trySetResult(SourceFile:17104952)
        bolts.g.LIZ(SourceFile:17104924)
        bolts.g.LIZIZ(SourceFile:17104914)
        X.QpL.run(SourceFile:262183)
        java.util.concurrent.ThreadPoolExecutor.runWorker(ThreadPoolExecutor.java:1162)
        java.util.concurrent.ThreadPoolExecutor$Worker.run(ThreadPoolExecutor.java:636)
        com.facebook.imagepipeline.core.PriorityThreadFactory$1.run(SourceFile:196632)
        java.lang.Thread.run(Thread.java:764



com.ss.android.ugc.aweme on (google: 8.1.0) [usb] # (agent) [661595] Called com.bytedance.retrofit2.HttpServiceMethod.invoke([Ljava.lang.Object;)
(agent) [661595] Called com.bytedance.retrofit2.HttpServiceMethod.parseAnnotations(com.bytedance.retrofit2.Retrofit, java.lang.reflect.Method, com.bytedance.retrofit2.RequestFactory)
(agent) [661595] Called com.bytedance.retrofit2.HttpServiceMethod.createCallAdapter(com.bytedance.retrofit2.Retrofit, java.lang.reflect.Method, java.lang.reflect.Type, [Ljava.lang.annotation.Annotation;)
(agent) [661595] Called com.bytedance.retrofit2.HttpServiceMethod.createResponseConverter(com.bytedance.retrofit2.Retrofit, java.lang.reflect.Method, java.lang.reflect.Type)
(agent) [661595] Called com.bytedance.retrofit2.HttpServiceMethod.invoke([Ljava.lang.Object;)
(agent) [661595] Called com.bytedance.retrofit2.HttpServiceMethod.parseAnnotations(com.bytedance.retrofit2.Retrofit, java.lang.reflect.Method, com.bytedance.retrofit2.RequestFactory)
(agent) [661595] Called com.bytedance.retrofit2.HttpServiceMethod.createCallAdapter(com.bytedance.retrofit2.Retrofit, java.lang.reflect.Method, java.lang.reflect.Type, [Ljava.lang.annotation.Annotation;)
(agent) [661595] Called com.bytedance.retrofit2.HttpServiceMethod.createResponseConverter(com.bytedance.retrofit2.Retrofit, java.lang.reflect.Method, java.lang.reflect.Type)
(agent) [661595] Called com.bytedance.retrofit2.HttpServiceMethod.invoke([Ljava.lang.Object;)
(agent) [661595] Called com.bytedance.retrofit2.HttpServiceMethod.invoke([Ljava.lang.Object;)




com.ss.android.ugc.aweme on (google: 8.1.0) [usb] # android hooking watch class com.bytedance.retrofit2.client.Request
(agent) Hooking com.bytedance.retrofit2.client.Request.createUriWithOutQuery(java.lang.String)
(agent) Hooking com.bytedance.retrofit2.client.Request.safeCreateUri(java.lang.String)
(agent) Hooking com.bytedance.retrofit2.client.Request.getBody()
(agent) Hooking com.bytedance.retrofit2.client.Request.getExtraInfo()
(agent) Hooking com.bytedance.retrofit2.client.Request.getFirstHeader(java.lang.String)
(agent) Hooking com.bytedance.retrofit2.client.Request.getHeaders()
(agent) Hooking com.bytedance.retrofit2.client.Request.getHost()
(agent) Hooking com.bytedance.retrofit2.client.Request.getMaxLength()
(agent) Hooking com.bytedance.retrofit2.client.Request.getMethod()
(agent) Hooking com.bytedance.retrofit2.client.Request.getMetrics()
(agent) Hooking com.bytedance.retrofit2.client.Request.getPath()
(agent) Hooking com.bytedance.retrofit2.client.Request.getPriorityLevel()
(agent) Hooking com.bytedance.retrofit2.client.Request.getQueryFilterPriority()
(agent) Hooking com.bytedance.retrofit2.client.Request.getRequestBody()
(agent) Hooking com.bytedance.retrofit2.client.Request.getRequestPriorityLevel()
(agent) Hooking com.bytedance.retrofit2.client.Request.getServiceType()
(agent) Hooking com.bytedance.retrofit2.client.Request.getUrl()
(agent) Hooking com.bytedance.retrofit2.client.Request.headers(java.lang.String)
(agent) Hooking com.bytedance.retrofit2.client.Request.isAddCommonParam()
(agent) Hooking com.bytedance.retrofit2.client.Request.isResponseStreaming()
(agent) Hooking com.bytedance.retrofit2.client.Request.newBuilder()
(agent) Hooking com.bytedance.retrofit2.client.Request.setExtraInfo(java.lang.Object)
(agent) Hooking com.bytedance.retrofit2.client.Request.setMetrics(com.bytedance.retrofit2.RetrofitMetrics)
(agent) Hooking com.bytedance.retrofit2.client.Request.setQueryFilterPriority(int)
(agent) Hooking com.bytedance.retrofit2.client.Request.tag()
(agent) Hooking com.bytedance.retrofit2.client.Request.tag(java.lang.Class)
(agent) Registering job 637681. Type: watch-class for: com.bytedance.retrofit2.client.Request




#need recheck
com.bytedance.retrofit2.client.Request.safeCreateUri


#commands
https://aweme.snssdk.com/aweme/v2/comment/list/?aweme_id=7122132551732399367&cursor=80&count=20&insert_ids&address_book_access=2&gps_access=2&forward_page_type=1&channel_id=0&city=110000&hotsoon_filtered_count=0&hotsoon_has_more=0&follower_count=0&is_familiar=0&page_source=0&user_avatar_shrink=64_64&aweme_author=MS4wLjABAAAAU68oCkYAEFnWIX6eQ7wun7DybFF9wRxHfsuo1Gge3sdW44HdJz25sRgVa7WWBh4b&item_type=0&comment_aggregation=0&top_query_word=%E6%96%97%E7%BD%97%E5%A4%A7%E9%99%86&iid=1412242872480222&device_id=4033478531512360&ac=wifi&channel=sem_shenma_dy_ls077&aid=1128&app_name=aweme&version_code=210500&version_name=21.5.0&device_platform=android&os=android&ssmix=a&device_type=Pixel%202&device_brand=google&language=zh&os_api=27&os_version=8.1.0&openudid=103464fba0335b6a&manifest_version_code=210501&resolution=1080*1794&dpi=420&update_version_code=21509900&_rticket=1658364847055&package=com.ss.android.ugc.aweme&cpu_support64=true&host_abi=armeabi-v7a&is_guest_mode=0&app_type=normal&minor_status=0&appTheme=light&need_personal_recommend=1&is_android_pad=0&ts=1658364846&cdid=3d9c863a-41f8-42c0-bb4b-4935abe2dc51


https://aweme.snssdk.com/aweme/v1/aweme/stats/?iid=1412242872480222&device_id=4033478531512360&ac=wifi&channel=sem_shenma_dy_ls077&aid=1128&app_name=aweme&version_code=210500&version_name=21.5.0&device_platform=android&os=android&ssmix=a&device_type=Pixel%202&device_brand=google&language=zh&os_api=27&os_version=8.1.0&openudid=103464fba0335b6a&manifest_version_code=210501&resolution=1080*1794&dpi=420&update_version_code=21509900&_rticket=1658325495076&package=com.ss.android.ugc.aweme&cpu_support64=true&host_abi=armeabi-v7a&is_guest_mode=0&app_type=normal&minor_status=0&appTheme=light&need_personal_recommend=1&is_android_pad=0&ts=1658325494&cdid=3d9c863a-41f8-42c0-bb4b-4935abe2dc51
https://aweme.snssdk.com/aweme/v1/aweme/stats/?iid=1412242872480222&device_id=4033478531512360&ac=wifi&channel=sem_shenma_dy_ls077&aid=1128&app_name=aweme&version_code=210500&version_name=21.5.0&device_platform=android&os=android&ssmix=a&device_type=Pixel%202&device_brand=google&language=zh&os_api=27&os_version=8.1.0&openudid=103464fba0335b6a&manifest_version_code=210501&resolution=1080*1794&dpi=420&update_version_code=21509900&_rticket=1658325523368&package=com.ss.android.ugc.aweme&cpu_support64=true&host_abi=armeabi-v7a&is_guest_mode=0&app_type=normal&minor_status=0&appTheme=light&need_personal_recommend=1&is_android_pad=0&ts=1658325523&cdid=3d9c863a-41f8-42c0-bb4b-4935abe2dc51




#com.bytedance.retrofit2.client.Header
(agent) [589088] Called com.bytedance.retrofit2.client.Header.getValue()
(agent) [589088] Called com.bytedance.retrofit2.client.Header.getName()


(agent) [625499] Called okhttp3.HttpUrl.parse(java.lang.String)
(agent) [625499] Called okhttp3.HttpUrl.get(java.lang.String)
com.bytedance.retrofit2.SsHttpCall.enqueue(SourceFile:17170512)
com.bytedance.retrofit2.ExecutorCallAdapterFactory$ExecutorCallbackCall.enqueue



com.ss.android.ugc.aweme on (google: 8.1.0) [usb] # android hooking watch class com.bytedance.retrofit2.Utils
(agent) Hooking com.bytedance.retrofit2.Utils.checkNotNull(java.lang.Object, java.lang.String)
(agent) Hooking com.bytedance.retrofit2.Utils.checkNotPrimitive(java.lang.reflect.Type)
(agent) Hooking com.bytedance.retrofit2.Utils.convert(okhttp3.RequestBody)
(agent) Hooking com.bytedance.retrofit2.Utils.declaringClassOf(java.lang.reflect.TypeVariable)
(agent) Hooking com.bytedance.retrofit2.Utils.equals(java.lang.reflect.Type, java.lang.reflect.Type)
(agent) Hooking com.bytedance.retrofit2.Utils.getCallResponseType(java.lang.reflect.Type)
(agent) Hooking com.bytedance.retrofit2.Utils.getGenericSupertype(java.lang.reflect.Type, java.lang.Class, java.lang.Class)
(agent) Hooking com.bytedance.retrofit2.Utils.getParameterLowerBound(int, java.lang.reflect.ParameterizedType)
(agent) Hooking com.bytedance.retrofit2.Utils.getParameterUpperBound(int, java.lang.reflect.ParameterizedType)
(agent) Hooking com.bytedance.retrofit2.Utils.getRawType(java.lang.reflect.Type)
(agent) Hooking com.bytedance.retrofit2.Utils.getSupertype(java.lang.reflect.Type, java.lang.Class, java.lang.Class)
(agent) Hooking com.bytedance.retrofit2.Utils.hasUnresolvableType(java.lang.reflect.Type)
(agent) Hooking com.bytedance.retrofit2.Utils.indexOf([Ljava.lang.Object;, java.lang.Object)
(agent) Hooking com.bytedance.retrofit2.Utils.isAnnotationPresent([Ljava.lang.annotation.Annotation;, java.lang.Class)
(agent) Hooking com.bytedance.retrofit2.Utils.methodError(java.lang.reflect.Method, java.lang.String, [Ljava.lang.Object;)
(agent) Hooking com.bytedance.retrofit2.Utils.methodError(java.lang.reflect.Method, java.lang.Throwable, java.lang.String, [Ljava.lang.Object;)
(agent) Hooking com.bytedance.retrofit2.Utils.parameterError(java.lang.reflect.Method, int, java.lang.String, [Ljava.lang.Object;)
(agent) Hooking com.bytedance.retrofit2.Utils.parameterError(java.lang.reflect.Method, java.lang.Throwable, int, java.lang.String, [Ljava.lang.Object;)
(agent) Hooking com.bytedance.retrofit2.Utils.permitsRequestBody(java.lang.String)
(agent) Hooking com.bytedance.retrofit2.Utils.requiresRequestBody(java.lang.String)
(agent) Hooking com.bytedance.retrofit2.Utils.resolve(java.lang.reflect.Type, java.lang.Class, java.lang.reflect.Type)
(agent) Hooking com.bytedance.retrofit2.Utils.resolveTypeVariable(java.lang.reflect.Type, java.lang.Class, java.lang.reflect.TypeVariable)
(agent) Hooking com.bytedance.retrofit2.Utils.streamToBytes(java.io.InputStream)
(agent) Hooking com.bytedance.retrofit2.Utils.throwIfFatal(java.lang.Throwable)
(agent) Hooking com.bytedance.retrofit2.Utils.typeToString(java.lang.reflect.Type)
(agent) Hooking com.bytedance.retrofit2.Utils.validateServiceInterface(java.lang.Class)


com.ss.android.ugc.aweme on (google: 8.1.0) [usb] # android hooking watch class com.bytedance.retrofit2.SsHttpCall
(agent) Hooking com.bytedance.retrofit2.SsHttpCall.com_bytedance_retrofit2_SsHttpCall_com_ss_android_ugc_aweme_lancet_NetIOCheckLancet_execute(com.bytedance.retrofit2.SsHttpCall)
(agent) Hooking com.bytedance.retrofit2.SsHttpCall.setReqLevelControl(com.bytedance.retrofit2.SsHttpCall$IHttpCallReqLevelControl)
(agent) Hooking com.bytedance.retrofit2.SsHttpCall.setThrottleControl(com.bytedance.retrofit2.SsHttpCall$IHttpCallThrottleControl)
(agent) Hooking com.bytedance.retrofit2.SsHttpCall.cancel()
(agent) Hooking com.bytedance.retrofit2.SsHttpCall.clone()
(agent) Hooking com.bytedance.retrofit2.SsHttpCall.clone()
(agent) Hooking com.bytedance.retrofit2.SsHttpCall.clone()
(agent) Hooking com.bytedance.retrofit2.SsHttpCall.com_bytedance_retrofit2_SsHttpCall__execute$___twin___()
(agent) Hooking com.bytedance.retrofit2.SsHttpCall.doCollect()
(agent) Hooking com.bytedance.retrofit2.SsHttpCall.enqueue(com.bytedance.retrofit2.Callback)
(agent) Hooking com.bytedance.retrofit2.SsHttpCall.execute()
(agent) Hooking com.bytedance.retrofit2.SsHttpCall.getRequestInfo()
(agent) Hooking com.bytedance.retrofit2.SsHttpCall.getResponseWithInterceptorChain()
(agent) Hooking com.bytedance.retrofit2.SsHttpCall.getRetrofitMetrics()
(agent) Hooking com.bytedance.retrofit2.SsHttpCall.isCanceled()
(agent) Hooking com.bytedance.retrofit2.SsHttpCall.isExecuted()
(agent) Hooking com.bytedance.retrofit2.SsHttpCall.request()
(agent) Hooking com.bytedance.retrofit2.SsHttpCall.setThrottleNetSpeed(long)
(agent) Hooking com.bytedance.retrofit2.SsHttpCall.toResponseBody(com.bytedance.retrofit2.mime.TypedInput)
(agent) Registering job 210409. Type: watch-class for: com.bytedance.retrofit2.SsHttpCall


(agent) [931827] Called com.bytedance.retrofit2.SsHttpCall.com_bytedance_retrofit2_SsHttpCall_com_ss_android_ugc_aweme_lancet_NetIOCheckLancet_execute(com.bytedance.retrofit2.SsHttpCall)
(agent) [931827] Called com.bytedance.retrofit2.SsHttpCall.com_bytedance_retrofit2_SsHttpCall__execute$___twin___()
(agent) [931827] Called com.bytedance.retrofit2.SsHttpCall.getResponseWithInterceptorChain()


(agent) [784934] Arguments com.bytedance.retrofit2.SsHttpCall.com_bytedance_retrofit2_SsHttpCall_com_ss_android_ugc_aweme_lancet_NetIOCheckLancet_execute(com.bytedance.retrofit2.SsHttpCall@64407ea)
(agent) [784934] Return Value: com.bytedance.retrofit2.SsResponse@c52b


com.ss.android.ugc.aweme on (google: 8.1.0) [usb] # android hooking watch class X.QWe
(agent) Hooking X.QWe.clinit$r$fake()
(agent) Hooking X.QWe.onFailure(com.bytedance.retrofit2.Call, java.lang.Throwable)
(agent) Hooking X.QWe.onResponse(com.bytedance.retrofit2.Call, com.bytedance.retrofit2.SsResponse)
(agent) Registering job 597996. Type: watch-class for: X.QWe
com.ss.android.ugc.aweme on (google: 8.1.0) [usb] # (agent) [597996] Called X.QWe.onResponse(com.bytedance.retrofit2.Call, com.bytedance.retrofit2.SsResponse)
(agent) [597996] Called X.QWe.onResponse(com.bytedance.retrofit2.Call, com.bytedance.retrofit2.SsResponse)
(agent) [597996] Called X.QWe.onResponse(com.bytedance.retrofit2.Call, com.bytedance.retrofit2.SsResponse)
(agent) [597996] Called X.QWe.onResponse(com.bytedance.retrofit2.Call, com.bytedance.retrofit2.SsResponse)
(agent) [597996] Called X.QWe.onResponse(com.bytedance.retrofit2.Call, com.bytedance.retrofit2.SsResponse)
(agent) [597996] Called X.QWe.onResponse(com.bytedance.retrofit2.Call, com.bytedance.retrofit2.SsResponse)
(agent) [597996] Called X.QWe.onResponse(com.bytedance.retrofit2.Call, com.bytedance.retrofit2.SsResponse)

(agent) [606522] Arguments X.QWe.onResponse([object Object], com.bytedance.retrofit2.SsResponse@18edab7)
(agent) [606522] Return Value: (none)
(agent) [606522] Called X.QWe.onResponse(com.bytedance.retrofit2.Call, com.bytedance.retrofit2.SsResponse)
(agent) [606522] Backtrace:
        X.QWe.onResponse(Native Method)
        com.bytedance.retrofit2.SsHttpCall$1.callSuccess(SourceFile:17039382)
        com.bytedance.retrofit2.SsHttpCall$1.run(SourceFile:327768)
        X.QwB.run(SourceFile:196635)
        java.util.concurrent.ThreadPoolExecutor.runWorker(ThreadPoolExecutor.java:1162)
        java.util.concurrent.ThreadPoolExecutor$Worker.run(ThreadPoolExecutor.java:636)
        java.lang.Thread.run(Thread.java:764)
        X.7HX.run(SourceFile:196628)

android hooking watch class com.bytedance.org.chromium.net.AndroidNetworkLibrary



public final java.lang.String javax.net.ssl.TrustManagerFactory.getAlgorithm()
public final java.security.Provider javax.net.ssl.TrustManagerFactory.getProvider()
public final javax.net.ssl.TrustManager[] javax.net.ssl.TrustManagerFactory.getTrustManagers()
public final void javax.net.ssl.TrustManagerFactory.init(java.security.KeyStore) throws java.security.KeyStoreException
public final void javax.net.ssl.TrustManagerFactory.init(javax.net.ssl.ManagerFactoryParameters) throws java.security.InvalidAlgorithmParameterException
public static final java.lang.String javax.net.ssl.TrustManagerFactory.getDefaultAlgorithm()
public static final javax.net.ssl.TrustManagerFactory javax.net.ssl.TrustManagerFactory.getInstance(java.lang.String) throws java.security.NoSuchAlgorithmException
public static final javax.net.ssl.TrustManagerFactory javax.net.ssl.TrustManagerFactory.getInstance(java.lang.String,java.lang.String) throws java.security.NoSuchAlgorithmException,java.security.NoSuchProviderException
public static final javax.net.ssl.TrustManagerFactory javax.net.ssl.TrustManagerFactory.getInstance(java.lang.String,java.security.Provider) throws java.security.NoSuchAlgorithmException




com.ss.android.ugc.aweme.feed.panel

(agent) [022934] Arguments com.ss.android.ugc.aweme.feed.panel.c.LIZ(Aweme{aid='7127503435611573536', desc='被人艾特看夜光玫瑰真的超级幸福，点赞和评论三个玫瑰花会出现满屏玫瑰哦.
#心动七夕 #让点赞变成玫瑰花', createTime=1659501222, author=com.ss.android.ugc.aweme.profile.model.User@38ceab3a, music=com.ss.android.ugc.aweme.music.model.Music@6c392121, challengeList=[com.ss.android.ugc.aweme.discover.model.Challenge@5747606e], video=Video{playAddr=VideoUrlModel{uri='v0300fg10000cbkvl7jc77udmpo6k240'aK='null', urlList=[https://v3-cold.douyinvod.com/797a69922dbc4bb8a2b051e9dadd041d/62edf188/video/tos/cn/tos-cn-ve-15c001-alinc2/e942e1445d89484a9040f7765322667c/?a=1128&ch=5&cr=3&dr=0&lr=all&cd=0%7C0%7C0%7C3&cv=1&br=2019&bt=2019&btag=80000&cs=0&ds=6&ft=-C~17S55QlmapUxwUxRrAOPE_R4lfgCtDfy5ThaMy1f6C~Y7mmfcVY9_WWssp&mime_type=video_mp4&qs=0&rc=aDM3PDw0ZDhkNGZkNDc0aUBpMzU5c2c6Zjp5ZTMzNGkzM0BeNWEyMTE1X2AxMi5jNGIwYSMxaGxqcjRnaWhgLS1kLTBzcw%3D%3D&l=20220806114345010133037218033FE316, https://v5-coldy.douyinvod.com/f100276cb40ad97d3a2f07fea797ab71/62edf188/video/tos/cn/tos-cn-ve-15c001-alinc2/e942e1445d89484a9040f7765322667c/?a=1128&ch=5&cr=3&dr=0&lr=all&cd=0%7C0%7C0%7C3&cv=1&br=2019&bt=2019&btag=80000&cs=0&ds=6&ft=-C~17S55QlmapUxwUxRrAOPE_R4lfgCtDfy5ThaMy1f6C~Y7mmfcVY9_WWssp&mime_type=video_mp4&qs=0&rc=aDM3PDw0ZDhkNGZkNDc0aUBpMzU5c2c6Zjp5ZTMzNGkzM0BeNWEyMTE1X2AxMi5jNGIwYSMxaGxqcjRnaWhgLS1kLTBzcw%3D%3D&l=20220806114345010133037218033FE316, https://api.amemv.com/aweme/v1/play/?video_id=v0300fg10000cbkvl7jc77udmpo6k240&line=0&file_id=3fe174f11a5c41cab58a414959d480ae&sign=12b2a3ea979b6f1567514c2781c83ad5&is_play_url=1&source=PackSourceEnum_FEED, https://api5-normal-dsa.amemv.com/aweme/v1/play/?video_id=v0300fg10000cbkvl7jc77udmpo6k240&line=1&file_id=3fe174f11a5c41cab58a414959d480ae&sign=12b2a3ea979b6f1567514c2781c83ad5&is_play_url=1&source=PackSourceEnum_FEED]sourceId='7127503435611573536', ratio='540p', mVr=false, duration=6964.0, bitRate=[BitRate{bitRate=1040819, gearName='adapt_lowest_720_1', qualityType=15, isH265=1}, BitRate{bitRate=897486, gearName='adapt_540_1', qualityType=28, isH265=1}, BitRate{bitRate=732420, gearName='adapt_lower_540_1', qualityType=21, isH265=1}], createTime=800075, codecType=0}, playAddrH265=VideoUrlModel{uri='v0300fg10000cbkvl7jc77udmpo6k240'aK='null', urlList=[https://v83-017.douyinvod.com/ecc1f6be4b527c9e043cd082814df483/62edf188/video/tos/cn/tos-cn-ve-15c001-alinc2/e2525277bc514c30aac2dc308e94e0be/?a=1128&ch=5&cr=3&dr=0&lr=all&cd=0%7C0%7C0%7C3&cv=1&br=876&bt=876&btag=80000&cs=2&ds=6&ft=-C~17S55QlmapUxwUxRrAOPE_R4lfgCtDfy5ThaMy1f6C~Y7mmfcVY9_WWssp&mime_type=video_mp4&qs=11&rc=aGQ1OjVoMzlmNDQ1NGc0NkBpMzU5c2c6Zjp5ZTMzNGkzM0BjNDQtNDZgNTExLzI0LzEzYSMxaGxqcjRnaWhgLS1kLTBzcw%3D%3D&l=20220806114345010133037218033FE316, https://v6-cold.douyinvod.com/43f25682c03ca51e3443306867aea100/62edf188/video/tos/cn/tos-cn-ve-15c001-alinc2/e2525277bc514c30aac2dc308e94e0be/?a=1128&ch=5&cr=3&dr=0&lr=all&cd=0%7C0%7C0%7C3&cv=1&br=876&bt=876&btag=80000&cs=2&ds=6&ft=-C~17S55QlmapUxwUxRrAOPE_R4lfgCtDfy5ThaMy1f6C~Y7mmfcVY9_WWssp&mime_type=video_mp4&qs=11&rc=aGQ1OjVoMzlmNDQ1NGc0NkBpMzU5c2c6Zjp5ZTMzNGkzM0BjNDQtNDZgNTExLzI0LzEzYSMxaGxqcjRnaWhgLS1kLTBzcw%3D%3D&l=20220806114345010133037218033FE316, https://api.amemv.com/aweme/v1/play/?video_id=v0300fg10000cbkvl7jc77udmpo6k240&line=0&file_id=63412d715221414c86c09e7207727afe&sign=f2fc50f47497c4e5f19221ae8f80b1a2&is_play_url=1&source=PackSourceEnum_FEED, https://api5-normal-dsa.amemv.com/aweme/v1/play/?video_id=v0300fg10000cbkvl7jc77udmpo6k240&line=1&file_id=63412d715221414c86c09e7207727afe&sign=f2fc50f47497c4e5f19221ae8f80b1a2&is_play_url=1&source=PackSourceEnum_FEED]sourceId='7127503435611573536', ratio='540p', mVr=false, duration=6964.0, bitRate=[BitRate{bitRate=1040819, gearName='adapt_lowest_720_1', qualityType=15, isH265=1}, BitRate{bitRate=897486, gearName='adapt_540_1', qualityType=28, isH265=1}, BitRate{bitRate=732420, gearName='adapt_lower_540_1', qualityType=21, isH265=1}], createTime=800075, codecType=1}, cover=com.ss.android.ugc.aweme.base.model.UrlModel@890221fc, dynamicCover=com.ss.android.ugc.aweme.base.model.UrlModel@1, intelligentCover=null, originCover=com.ss.android.ugc.aweme.base.model.UrlModel@2484cb1f, height=1024, width=576, ratio='540p', downloadAddr=com.ss.android.ugc.aweme.base.model.UrlModel@6ecb531a, hasWaterMark=true, videoLength=6964, bitRate=[BitRate{bitRate=1040819, gearName='adapt_lowest_720_1', qualityType=15, isH265=1}, BitRate{bitRate=897486, gearName='adapt_540_1', qualityType=28, isH265=1}, BitRate{bitRate=732420, gearName='adapt_lower_540_1', qualityType=21, isH265=1}], newDownloadAddr=null, suffixLogoAddr=com.ss.android.ugc.aweme.base.model.UrlModel@6ecb531a, hasSuffixWaterMark=true, needSetCookie=false, misc_download_addrs=null, isCallback=false}, shareUrl='https://www.iesdouyin.com/share/video/7127503435611573536/?region=CN&mid=6906039368197524232&u_code=0&did=MS4wLjABAAAA1zZ7A_G66Jb_ODXBCUWxSUcNOe8wEjxW6r5IjF4_SNUdHtl1g0C_lvqtBTPqKSp-&iid=MS4wLjABAAAAivVb45PudPgmvMRyNhHEaJju8t28sgjMc31k2LQz_hUf7XDzCHwpad5-E7l2xQ7G&with_sec_did=1&titleType=title', userDigg=0, statistics=AwemeStatistics{aid='null', commentCount=2526, diggCount=7793, friendDiggCount=null, admireCount=0, playCount=0, shareCount=584, collectCount347, forwardCount=0, downloadCount=8}, status=AwemeStatus{aid='null', isDelete=false, allowShare=true, allowComment=true, privateStatus=0, withFusionGoods=false, showGoodDelayTime=2000, inReviewing=false, reviewed=1, selfSee=false, isProhibited=false, downloadStatus=0, reviewStatus=, musicEditStatus=0, excludeStatus=0, allowRecommend=0}, extra='null', rate=12, shareInfo=com.ss.android.ugc.aweme.base.share.ShareInfo@ba6ea63, labelLarge=null, labelThumb=null, textExtra=[com.ss.android.ugc.aweme.model.TextExtraStruct@2cc7fd38, com.ss.android.ugc.aweme.model.TextExtraStruct@d2df3447], isTop=0, labelTop=com.ss.android.ugc.aweme.base.model.UrlModel@e7161084, originalPos=0, isAd=false, awemeType=0, awemeRawAd=null, specialSticker=null, videoLabels=[], cmtSwt=false, adSchedule=null, mSimplePromotions=[], region=CN, recommendCardType=0, isFamiliar=false, needMarkFriend=false}, true, true)
(agent) [022934] Called com.ss.android.ugc.aweme.feed.panel.c.LIZ(int, com.ss.android.ugc.aweme.feed.adapter.ct)
(agent) [022934] Backtrace:
        com.ss.android.ugc.aweme.feed.panel.c.LIZ(Native Method)
        com.ss.android.ugc.aweme.feed.panel.c.LJIJI(SourceFile:327712)
        com.ss.android.ugc.aweme.feed.panel.c.LLJL(SourceFile:262175)
        com.ss.android.ugc.aweme.feed.panel.c.LLIIIZ(SourceFile:196628)
        com.ss.android.ugc.aweme.feed.controller.PlayerController.LJIILJJIL(SourceFile:393254)
        com.ss.android.ugc.aweme.feed.controller.PlayerController.LIZ(SourceFile:6017)
        X.g1t.LIZ(SourceFile:761)
        com.ss.android.ugc.aweme.feed.panel.c.LIZ(SourceFile:4342)
        com.ss.android.ugc.aweme.feed.panel.c.LIZ(Native Method)
        com.ss.android.ugc.aweme.feed.plato.core.b.b.LIZ(SourceFile:34013210)
        com.ss.android.ugc.aweme.feed.plato.core.FeedComponentsRoot.LJI(SourceFile:459016)
        com.ss.android.ugc.aweme.feed.panel.c.handleMsg(SourceFile:17301714)
        com.bytedance.common.utility.collection.WeakHandler.handleMessage(SourceFile:17039389)
        android.os.Handler.dispatchMessage(Handler.java:106)
        android.os.Looper.loop(Looper.java:164)
        android.app.ActivityThread.main(ActivityThread.java:6494)
        java.lang.reflect.Method.invoke(Native Method)
        com.android.internal.os.RuntimeInit$MethodAndArgsCaller.run(RuntimeInit.java:438)
        com.android.internal.os.ZygoteInit.main(ZygoteInit.java:807)
        de.robv.android.xposed.XposedBridge.main(XposedBridge.java:108)


com.ss.android.ugc.aweme on (google: 8.1.0) [usb] # android hooking watch class androidx.recyclerview.widget.RecyclerView
(agent) Hooking androidx.recyclerview.widget.RecyclerView.access$000(androidx.recyclerview.widget.RecyclerView, android.view.View, int, android.view.ViewGroup$LayoutParams)
(agent) Hooking androidx.recyclerview.widget.RecyclerView.access$100(androidx.recyclerview.widget.RecyclerView, int)
(agent) Hooking androidx.recyclerview.widget.RecyclerView.access$200(androidx.recyclerview.widget.RecyclerView)
(agent) Hooking androidx.recyclerview.widget.RecyclerView.access$300(androidx.recyclerview.widget.RecyclerView, int, int)
(agent) Hooking androidx.recyclerview.widget.RecyclerView.addAnimatingView(androidx.recyclerview.widget.RecyclerView$ViewHolder)
(agent) Hooking androidx.recyclerview.widget.RecyclerView.androidx_recyclerview_widget_RecyclerView_com_bytedance_scalpel_scenemanager_lancet_common_RecyclerViewLancet_setAdapter(androidx.recyclerview.widget.RecyclerView, androidx.recyclerview.widget.RecyclerView$Adapter)
(agent) Hooking androidx.recyclerview.widget.RecyclerView.androidx_recyclerview_widget_RecyclerView_com_ss_android_ugc_aweme_lancet_JatoBoostLancet_setRecyclerViewAdapter(androidx.recyclerview.widget.RecyclerView, androidx.recyclerview.widget.RecyclerView$Adapter)
(agent) Hooking androidx.recyclerview.widget.RecyclerView.androidx_recyclerview_widget_RecyclerView_com_ss_android_ugc_aweme_lancet_RecyclerViewLancet_consumePendingUpdateOperations(androidx.recyclerview.widget.RecyclerView)
(agent) Hooking androidx.recyclerview.widget.RecyclerView.animateChange(androidx.recyclerview.widget.RecyclerView$ViewHolder, androidx.recyclerview.widget.RecyclerView$ViewHolder, androidx.recyclerview.widget.RecyclerView$ItemAnimator$c, androidx.recyclerview.widget.RecyclerView$ItemAnimator$c, boolean, boolean)
(agent) Hooking androidx.recyclerview.widget.RecyclerView.cancelScroll()
(agent) Hooking androidx.recyclerview.widget.RecyclerView.clearNestedRecyclerViewIfNotNested(androidx.recyclerview.widget.RecyclerView$ViewHolder)
(agent) Hooking androidx.recyclerview.widget.RecyclerView.createLayoutManager(android.content.Context, java.lang.String, android.util.AttributeSet, int, int)
(agent) Hooking androidx.recyclerview.widget.RecyclerView.didChildRangeChange(int, int)
(agent) Hooking androidx.recyclerview.widget.RecyclerView.dispatchContentChangedIfNecessary()
(agent) Hooking androidx.recyclerview.widget.RecyclerView.dispatchLayoutStep1()
(agent) Hooking androidx.recyclerview.widget.RecyclerView.dispatchLayoutStep2()
(agent) Hooking androidx.recyclerview.widget.RecyclerView.dispatchLayoutStep3()
(agent) Hooking androidx.recyclerview.widget.RecyclerView.dispatchToOnItemTouchListeners(android.view.MotionEvent)
(agent) Hooking androidx.recyclerview.widget.RecyclerView.findInterceptingOnItemTouchListener(android.view.MotionEvent)
(agent) Hooking androidx.recyclerview.widget.RecyclerView.findMinMaxChildLayoutPositions([I)
(agent) Hooking androidx.recyclerview.widget.RecyclerView.findNestedRecyclerView(android.view.View)
(agent) Hooking androidx.recyclerview.widget.RecyclerView.findNextViewToFocus()
(agent) Hooking androidx.recyclerview.widget.RecyclerView.getChildViewHolderInt(android.view.View)
(agent) Hooking androidx.recyclerview.widget.RecyclerView.getDecoratedBoundsWithMarginsInt(android.view.View, android.graphics.Rect)
(agent) Hooking androidx.recyclerview.widget.RecyclerView.getDeepestFocusedViewWithId(android.view.View)
(agent) Hooking androidx.recyclerview.widget.RecyclerView.getFullClassName(android.content.Context, java.lang.String)
(agent) Hooking androidx.recyclerview.widget.RecyclerView.getScrollingChildHelper()
(agent) Hooking androidx.recyclerview.widget.RecyclerView.handleMissingPreInfoForChangeError(long, androidx.recyclerview.widget.RecyclerView$ViewHolder, androidx.recyclerview.widget.RecyclerView$ViewHolder)
(agent) Hooking androidx.recyclerview.widget.RecyclerView.hasUpdatedView()
(agent) Hooking androidx.recyclerview.widget.RecyclerView.initAutofill()
(agent) Hooking androidx.recyclerview.widget.RecyclerView.initChildrenHelper()
(agent) Hooking androidx.recyclerview.widget.RecyclerView.isPreferredNextFocus(android.view.View, android.view.View, int)
(agent) Hooking androidx.recyclerview.widget.RecyclerView.onPointerUp(android.view.MotionEvent)
(agent) Hooking androidx.recyclerview.widget.RecyclerView.predictiveItemAnimationsEnabled()
(agent) Hooking androidx.recyclerview.widget.RecyclerView.processAdapterUpdatesAndSetAnimationFlags()
(agent) Hooking androidx.recyclerview.widget.RecyclerView.pullGlows(float, float, float, float)
(agent) Hooking androidx.recyclerview.widget.RecyclerView.recoverFocusFromState()
(agent) Hooking androidx.recyclerview.widget.RecyclerView.releaseGlows()
(agent) Hooking androidx.recyclerview.widget.RecyclerView.requestChildOnScreen(android.view.View, android.view.View)
(agent) Hooking androidx.recyclerview.widget.RecyclerView.resetFocusInfo()
(agent) Hooking androidx.recyclerview.widget.RecyclerView.resetScroll()
(agent) Hooking androidx.recyclerview.widget.RecyclerView.saveFocusInfo()
(agent) Hooking androidx.recyclerview.widget.RecyclerView.setAdapterInternal(androidx.recyclerview.widget.RecyclerView$Adapter, boolean, boolean)
(agent) Hooking androidx.recyclerview.widget.RecyclerView.stopScrollersInternal()
(agent) Hooking androidx.recyclerview.widget.RecyclerView.absorbGlows(int, int)
(agent) Hooking androidx.recyclerview.widget.RecyclerView.addFocusables(java.util.ArrayList, int, int)
(agent) Hooking androidx.recyclerview.widget.RecyclerView.addItemDecoration(androidx.recyclerview.widget.RecyclerView$ItemDecoration)
(agent) Hooking androidx.recyclerview.widget.RecyclerView.addItemDecoration(androidx.recyclerview.widget.RecyclerView$ItemDecoration, int)
(agent) Hooking androidx.recyclerview.widget.RecyclerView.addOnChildAttachStateChangeListener(androidx.recyclerview.widget.RecyclerView$OnChildAttachStateChangeListener)
(agent) Hooking androidx.recyclerview.widget.RecyclerView.addOnItemTouchListener(androidx.recyclerview.widget.RecyclerView$OnItemTouchListener)
(agent) Hooking androidx.recyclerview.widget.RecyclerView.addOnScrollListener(androidx.recyclerview.widget.RecyclerView$OnScrollListener)
(agent) Hooking androidx.recyclerview.widget.RecyclerView.androidx_recyclerview_widget_RecyclerView__consumePendingUpdateOperations$___twin___()
(agent) Hooking androidx.recyclerview.widget.RecyclerView.androidx_recyclerview_widget_RecyclerView__setAdapter$___twin___(androidx.recyclerview.widget.RecyclerView$Adapter)
(agent) Hooking androidx.recyclerview.widget.RecyclerView.animateAppearance(androidx.recyclerview.widget.RecyclerView$ViewHolder, androidx.recyclerview.widget.RecyclerView$ItemAnimator$c, androidx.recyclerview.widget.RecyclerView$ItemAnimator$c)
(agent) Hooking androidx.recyclerview.widget.RecyclerView.animateDisappearance(androidx.recyclerview.widget.RecyclerView$ViewHolder, androidx.recyclerview.widget.RecyclerView$ItemAnimator$c, androidx.recyclerview.widget.RecyclerView$ItemAnimator$c)
(agent) Hooking androidx.recyclerview.widget.RecyclerView.assertInLayoutOrScroll(java.lang.String)
(agent) Hooking androidx.recyclerview.widget.RecyclerView.assertNotInLayoutOrScroll(java.lang.String)
(agent) Hooking androidx.recyclerview.widget.RecyclerView.canReuseUpdatedViewHolder(androidx.recyclerview.widget.RecyclerView$ViewHolder)
(agent) Hooking androidx.recyclerview.widget.RecyclerView.checkLayoutParams(android.view.ViewGroup$LayoutParams)
(agent) Hooking androidx.recyclerview.widget.RecyclerView.clearOldPositions()
(agent) Hooking androidx.recyclerview.widget.RecyclerView.clearOnChildAttachStateChangeListeners()
(agent) Hooking androidx.recyclerview.widget.RecyclerView.clearOnScrollListeners()
(agent) Hooking androidx.recyclerview.widget.RecyclerView.computeHorizontalScrollExtent()
(agent) Hooking androidx.recyclerview.widget.RecyclerView.computeHorizontalScrollOffset()
(agent) Hooking androidx.recyclerview.widget.RecyclerView.computeHorizontalScrollRange()
(agent) Hooking androidx.recyclerview.widget.RecyclerView.computeVerticalScrollExtent()
(agent) Hooking androidx.recyclerview.widget.RecyclerView.computeVerticalScrollOffset()
(agent) Hooking androidx.recyclerview.widget.RecyclerView.computeVerticalScrollRange()
(agent) Hooking androidx.recyclerview.widget.RecyclerView.considerReleasingGlowsOnScroll(int, int)
(agent) Hooking androidx.recyclerview.widget.RecyclerView.consumePendingUpdateOperations()
(agent) Hooking androidx.recyclerview.widget.RecyclerView.defaultOnMeasure(int, int)
(agent) Hooking androidx.recyclerview.widget.RecyclerView.dispatchChildAttached(android.view.View)
(agent) Hooking androidx.recyclerview.widget.RecyclerView.dispatchChildDetached(android.view.View)
(agent) Hooking androidx.recyclerview.widget.RecyclerView.dispatchLayout()
(agent) Hooking androidx.recyclerview.widget.RecyclerView.dispatchNestedFling(float, float, boolean)
(agent) Hooking androidx.recyclerview.widget.RecyclerView.dispatchNestedPreFling(float, float)
(agent) Hooking androidx.recyclerview.widget.RecyclerView.dispatchNestedPreScroll(int, int, [I, [I)
(agent) Hooking androidx.recyclerview.widget.RecyclerView.dispatchNestedPreScroll(int, int, [I, [I, int)
(agent) Hooking androidx.recyclerview.widget.RecyclerView.dispatchNestedScroll(int, int, int, int, [I, int, [I)
(agent) Hooking androidx.recyclerview.widget.RecyclerView.dispatchNestedScroll(int, int, int, int, [I)
(agent) Hooking androidx.recyclerview.widget.RecyclerView.dispatchNestedScroll(int, int, int, int, [I, int)
(agent) Hooking androidx.recyclerview.widget.RecyclerView.dispatchOnScrollStateChanged(int)
(agent) Hooking androidx.recyclerview.widget.RecyclerView.dispatchOnScrolled(int, int)
(agent) Hooking androidx.recyclerview.widget.RecyclerView.dispatchPendingImportantForAccessibilityChanges()
(agent) Hooking androidx.recyclerview.widget.RecyclerView.dispatchPopulateAccessibilityEvent(android.view.accessibility.AccessibilityEvent)
(agent) Hooking androidx.recyclerview.widget.RecyclerView.dispatchRestoreInstanceState(android.util.SparseArray)
(agent) Hooking androidx.recyclerview.widget.RecyclerView.dispatchSaveInstanceState(android.util.SparseArray)
(agent) Hooking androidx.recyclerview.widget.RecyclerView.draw(android.graphics.Canvas)
(agent) Hooking androidx.recyclerview.widget.RecyclerView.drawChild(android.graphics.Canvas, android.view.View, long)
(agent) Hooking androidx.recyclerview.widget.RecyclerView.ensureBottomGlow()
(agent) Hooking androidx.recyclerview.widget.RecyclerView.ensureLeftGlow()
(agent) Hooking androidx.recyclerview.widget.RecyclerView.ensureRightGlow()
(agent) Hooking androidx.recyclerview.widget.RecyclerView.ensureTopGlow()
(agent) Hooking androidx.recyclerview.widget.RecyclerView.exceptionLabel()
(agent) Hooking androidx.recyclerview.widget.RecyclerView.fillRemainingScrollValues(androidx.recyclerview.widget.RecyclerView$State)
(agent) Hooking androidx.recyclerview.widget.RecyclerView.findChildViewUnder(float, float)
(agent) Hooking androidx.recyclerview.widget.RecyclerView.findContainingItemView(android.view.View)
(agent) Hooking androidx.recyclerview.widget.RecyclerView.findContainingViewHolder(android.view.View)
(agent) Hooking androidx.recyclerview.widget.RecyclerView.findViewHolderForAdapterPosition(int)
(agent) Hooking androidx.recyclerview.widget.RecyclerView.findViewHolderForItemId(long)
(agent) Hooking androidx.recyclerview.widget.RecyclerView.findViewHolderForLayoutPosition(int)
(agent) Hooking androidx.recyclerview.widget.RecyclerView.findViewHolderForPosition(int)
(agent) Hooking androidx.recyclerview.widget.RecyclerView.findViewHolderForPosition(int, boolean)
(agent) Hooking androidx.recyclerview.widget.RecyclerView.fling(int, int)
(agent) Hooking androidx.recyclerview.widget.RecyclerView.focusSearch(android.view.View, int)
(agent) Hooking androidx.recyclerview.widget.RecyclerView.generateDefaultLayoutParams()
(agent) Hooking androidx.recyclerview.widget.RecyclerView.generateLayoutParams(android.util.AttributeSet)
(agent) Hooking androidx.recyclerview.widget.RecyclerView.generateLayoutParams(android.view.ViewGroup$LayoutParams)
(agent) Hooking androidx.recyclerview.widget.RecyclerView.getAccessibilityClassName()
(agent) Hooking androidx.recyclerview.widget.RecyclerView.getAdapter()
(agent) Hooking androidx.recyclerview.widget.RecyclerView.getAdapterPositionFor(androidx.recyclerview.widget.RecyclerView$ViewHolder)
(agent) Hooking androidx.recyclerview.widget.RecyclerView.getBaseline()
(agent) Hooking androidx.recyclerview.widget.RecyclerView.getChangedHolderKey(androidx.recyclerview.widget.RecyclerView$ViewHolder)
(agent) Hooking androidx.recyclerview.widget.RecyclerView.getChildAdapterPosition(android.view.View)
(agent) Hooking androidx.recyclerview.widget.RecyclerView.getChildDrawingOrder(int, int)
(agent) Hooking androidx.recyclerview.widget.RecyclerView.getChildItemId(android.view.View)
(agent) Hooking androidx.recyclerview.widget.RecyclerView.getChildLayoutPosition(android.view.View)
(agent) Hooking androidx.recyclerview.widget.RecyclerView.getChildPosition(android.view.View)
(agent) Hooking androidx.recyclerview.widget.RecyclerView.getChildViewHolder(android.view.View)
(agent) Hooking androidx.recyclerview.widget.RecyclerView.getClipToPadding()
(agent) Hooking androidx.recyclerview.widget.RecyclerView.getCompatAccessibilityDelegate()
(agent) Hooking androidx.recyclerview.widget.RecyclerView.getDecoratedBoundsWithMargins(android.view.View, android.graphics.Rect)
(agent) Hooking androidx.recyclerview.widget.RecyclerView.getEdgeEffectFactory()
(agent) Hooking androidx.recyclerview.widget.RecyclerView.getItemAnimator()
(agent) Hooking androidx.recyclerview.widget.RecyclerView.getItemDecorInsetsForChild(android.view.View)
(agent) Hooking androidx.recyclerview.widget.RecyclerView.getItemDecorationAt(int)
(agent) Hooking androidx.recyclerview.widget.RecyclerView.getItemDecorationCount()
(agent) Hooking androidx.recyclerview.widget.RecyclerView.getLayoutManager()
(agent) Hooking androidx.recyclerview.widget.RecyclerView.getMaxFlingVelocity()
(agent) Hooking androidx.recyclerview.widget.RecyclerView.getMinFlingVelocity()
(agent) Hooking androidx.recyclerview.widget.RecyclerView.getNanoTime()
(agent) Hooking androidx.recyclerview.widget.RecyclerView.getOnFlingListener()
(agent) Hooking androidx.recyclerview.widget.RecyclerView.getPreserveFocusAfterLayout()
(agent) Hooking androidx.recyclerview.widget.RecyclerView.getRecycledViewPool()
(agent) Hooking androidx.recyclerview.widget.RecyclerView.getScrollState()
(agent) Hooking androidx.recyclerview.widget.RecyclerView.hasFixedSize()
(agent) Hooking androidx.recyclerview.widget.RecyclerView.hasNestedScrollingParent()
(agent) Hooking androidx.recyclerview.widget.RecyclerView.hasNestedScrollingParent(int)
(agent) Hooking androidx.recyclerview.widget.RecyclerView.hasPendingAdapterUpdates()
(agent) Hooking androidx.recyclerview.widget.RecyclerView.initAdapterManager()
(agent) Hooking androidx.recyclerview.widget.RecyclerView.initFastScroller(android.graphics.drawable.StateListDrawable, android.graphics.drawable.Drawable, android.graphics.drawable.StateListDrawable, android.graphics.drawable.Drawable)
(agent) Hooking androidx.recyclerview.widget.RecyclerView.invalidateGlows()
(agent) Hooking androidx.recyclerview.widget.RecyclerView.invalidateItemDecorations()
(agent) Hooking androidx.recyclerview.widget.RecyclerView.isAccessibilityEnabled()
(agent) Hooking androidx.recyclerview.widget.RecyclerView.isAnimating()
(agent) Hooking androidx.recyclerview.widget.RecyclerView.isAttachedToWindow()
(agent) Hooking androidx.recyclerview.widget.RecyclerView.isComputingLayout()
(agent) Hooking androidx.recyclerview.widget.RecyclerView.isLayoutFrozen()
(agent) Hooking androidx.recyclerview.widget.RecyclerView.isLayoutSuppressed()
(agent) Hooking androidx.recyclerview.widget.RecyclerView.isNestedScrollingEnabled()
(agent) Hooking androidx.recyclerview.widget.RecyclerView.jumpToPositionForSmoothScroller(int)
(agent) Hooking androidx.recyclerview.widget.RecyclerView.markItemDecorInsetsDirty()
(agent) Hooking androidx.recyclerview.widget.RecyclerView.markKnownViewsInvalid()
(agent) Hooking androidx.recyclerview.widget.RecyclerView.offsetChildrenHorizontal(int)
(agent) Hooking androidx.recyclerview.widget.RecyclerView.offsetChildrenVertical(int)
(agent) Hooking androidx.recyclerview.widget.RecyclerView.offsetPositionRecordsForInsert(int, int)
(agent) Hooking androidx.recyclerview.widget.RecyclerView.offsetPositionRecordsForMove(int, int)
(agent) Hooking androidx.recyclerview.widget.RecyclerView.offsetPositionRecordsForRemove(int, int, boolean)
(agent) Hooking androidx.recyclerview.widget.RecyclerView.onAttachedToWindow()
(agent) Hooking androidx.recyclerview.widget.RecyclerView.onChildAttachedToWindow(android.view.View)
(agent) Hooking androidx.recyclerview.widget.RecyclerView.onChildDetachedFromWindow(android.view.View)
(agent) Hooking androidx.recyclerview.widget.RecyclerView.onDetachedFromWindow()
(agent) Hooking androidx.recyclerview.widget.RecyclerView.onDraw(android.graphics.Canvas)
(agent) Hooking androidx.recyclerview.widget.RecyclerView.onEnterLayoutOrScroll()
(agent) Hooking androidx.recyclerview.widget.RecyclerView.onExitLayoutOrScroll()
(agent) Hooking androidx.recyclerview.widget.RecyclerView.onExitLayoutOrScroll(boolean)
(agent) Hooking androidx.recyclerview.widget.RecyclerView.onGenericMotionEvent(android.view.MotionEvent)
(agent) Hooking androidx.recyclerview.widget.RecyclerView.onInterceptTouchEvent(android.view.MotionEvent)
(agent) Hooking androidx.recyclerview.widget.RecyclerView.onLayout(boolean, int, int, int, int)
(agent) Hooking androidx.recyclerview.widget.RecyclerView.onMeasure(int, int)
(agent) Hooking androidx.recyclerview.widget.RecyclerView.onRequestFocusInDescendants(int, android.graphics.Rect)
(agent) Hooking androidx.recyclerview.widget.RecyclerView.onRestoreInstanceState(android.os.Parcelable)
(agent) Hooking androidx.recyclerview.widget.RecyclerView.onSaveInstanceState()
(agent) Hooking androidx.recyclerview.widget.RecyclerView.onScrollStateChanged(int)
(agent) Hooking androidx.recyclerview.widget.RecyclerView.onScrolled(int, int)
(agent) Hooking androidx.recyclerview.widget.RecyclerView.onSizeChanged(int, int, int, int)
(agent) Hooking androidx.recyclerview.widget.RecyclerView.onTouchEvent(android.view.MotionEvent)
(agent) Hooking androidx.recyclerview.widget.RecyclerView.postAnimationRunner()
(agent) Hooking androidx.recyclerview.widget.RecyclerView.processDataSetCompletelyChanged(boolean)
(agent) Hooking androidx.recyclerview.widget.RecyclerView.recordAnimationInfoIfBouncedHiddenView(androidx.recyclerview.widget.RecyclerView$ViewHolder, androidx.recyclerview.widget.RecyclerView$ItemAnimator$c)
(agent) Hooking androidx.recyclerview.widget.RecyclerView.removeAndRecycleViews()
(agent) Hooking androidx.recyclerview.widget.RecyclerView.removeAnimatingView(android.view.View)
(agent) Hooking androidx.recyclerview.widget.RecyclerView.removeDetachedView(android.view.View, boolean)
(agent) Hooking androidx.recyclerview.widget.RecyclerView.removeItemDecoration(androidx.recyclerview.widget.RecyclerView$ItemDecoration)
(agent) Hooking androidx.recyclerview.widget.RecyclerView.removeItemDecorationAt(int)
(agent) Hooking androidx.recyclerview.widget.RecyclerView.removeOnChildAttachStateChangeListener(androidx.recyclerview.widget.RecyclerView$OnChildAttachStateChangeListener)
(agent) Hooking androidx.recyclerview.widget.RecyclerView.removeOnItemTouchListener(androidx.recyclerview.widget.RecyclerView$OnItemTouchListener)
(agent) Hooking androidx.recyclerview.widget.RecyclerView.removeOnScrollListener(androidx.recyclerview.widget.RecyclerView$OnScrollListener)
(agent) Hooking androidx.recyclerview.widget.RecyclerView.repositionShadowingViews()
(agent) Hooking androidx.recyclerview.widget.RecyclerView.requestChildFocus(android.view.View, android.view.View)
(agent) Hooking androidx.recyclerview.widget.RecyclerView.requestChildRectangleOnScreen(android.view.View, android.graphics.Rect, boolean)
(agent) Hooking androidx.recyclerview.widget.RecyclerView.requestDisallowInterceptTouchEvent(boolean)
(agent) Hooking androidx.recyclerview.widget.RecyclerView.requestLayout()
(agent) Hooking androidx.recyclerview.widget.RecyclerView.saveOldPositions()
(agent) Hooking androidx.recyclerview.widget.RecyclerView.scrollBy(int, int)
(agent) Hooking androidx.recyclerview.widget.RecyclerView.scrollByInternal(int, int, android.view.MotionEvent)
(agent) Hooking androidx.recyclerview.widget.RecyclerView.scrollStep(int, int, [I)
(agent) Hooking androidx.recyclerview.widget.RecyclerView.scrollTo(int, int)
(agent) Hooking androidx.recyclerview.widget.RecyclerView.scrollToPosition(int)
(agent) Hooking androidx.recyclerview.widget.RecyclerView.sendAccessibilityEventUnchecked(android.view.accessibility.AccessibilityEvent)
(agent) Hooking androidx.recyclerview.widget.RecyclerView.setAccessibilityDelegateCompat(X.d7q)
(agent) Hooking androidx.recyclerview.widget.RecyclerView.setAdapter(androidx.recyclerview.widget.RecyclerView$Adapter)
(agent) Hooking androidx.recyclerview.widget.RecyclerView.setChildDrawingOrderCallback(X.fCk)
(agent) Hooking androidx.recyclerview.widget.RecyclerView.setChildImportantForAccessibilityInternal(androidx.recyclerview.widget.RecyclerView$ViewHolder, int)
(agent) Hooking androidx.recyclerview.widget.RecyclerView.setClipToPadding(boolean)
(agent) Hooking androidx.recyclerview.widget.RecyclerView.setEdgeEffectFactory(androidx.recyclerview.widget.RecyclerView$EdgeEffectFactory)
(agent) Hooking androidx.recyclerview.widget.RecyclerView.setHasFixedSize(boolean)
(agent) Hooking androidx.recyclerview.widget.RecyclerView.setItemAnimator(androidx.recyclerview.widget.RecyclerView$ItemAnimator)
(agent) Hooking androidx.recyclerview.widget.RecyclerView.setItemViewCacheSize(int)
(agent) Hooking androidx.recyclerview.widget.RecyclerView.setLayoutFrozen(boolean)
(agent) Hooking androidx.recyclerview.widget.RecyclerView.setLayoutManager(androidx.recyclerview.widget.RecyclerView$LayoutManager)
(agent) Hooking androidx.recyclerview.widget.RecyclerView.setLayoutTransition(android.animation.LayoutTransition)
(agent) Hooking androidx.recyclerview.widget.RecyclerView.setNestedScrollingEnabled(boolean)
(agent) Hooking androidx.recyclerview.widget.RecyclerView.setOnFlingListener(X.ElD)
(agent) Hooking androidx.recyclerview.widget.RecyclerView.setOnScrollListener(androidx.recyclerview.widget.RecyclerView$OnScrollListener)
(agent) Hooking androidx.recyclerview.widget.RecyclerView.setPreserveFocusAfterLayout(boolean)
(agent) Hooking androidx.recyclerview.widget.RecyclerView.setRecycledViewPool(androidx.recyclerview.widget.RecyclerView$RecycledViewPool)
(agent) Hooking androidx.recyclerview.widget.RecyclerView.setRecyclerListener(androidx.recyclerview.widget.RecyclerView$RecyclerListener)
(agent) Hooking androidx.recyclerview.widget.RecyclerView.setScrollState(int)
(agent) Hooking androidx.recyclerview.widget.RecyclerView.setScrollingTouchSlop(int)
(agent) Hooking androidx.recyclerview.widget.RecyclerView.setViewCacheExtension(androidx.recyclerview.widget.RecyclerView$g)
(agent) Hooking androidx.recyclerview.widget.RecyclerView.shouldDeferAccessibilityEvent(android.view.accessibility.AccessibilityEvent)
(agent) Hooking androidx.recyclerview.widget.RecyclerView.smoothScrollBy(int, int)
(agent) Hooking androidx.recyclerview.widget.RecyclerView.smoothScrollBy(int, int, android.view.animation.Interpolator)
(agent) Hooking androidx.recyclerview.widget.RecyclerView.smoothScrollBy(int, int, android.view.animation.Interpolator, int)
(agent) Hooking androidx.recyclerview.widget.RecyclerView.smoothScrollBy(int, int, android.view.animation.Interpolator, int, boolean)
(agent) Hooking androidx.recyclerview.widget.RecyclerView.smoothScrollToPosition(int)
(agent) Hooking androidx.recyclerview.widget.RecyclerView.startInterceptRequestLayout()
(agent) Hooking androidx.recyclerview.widget.RecyclerView.startNestedScroll(int)
(agent) Hooking androidx.recyclerview.widget.RecyclerView.startNestedScroll(int, int)
(agent) Hooking androidx.recyclerview.widget.RecyclerView.stopInterceptRequestLayout(boolean)
(agent) Hooking androidx.recyclerview.widget.RecyclerView.stopNestedScroll()
(agent) Hooking androidx.recyclerview.widget.RecyclerView.stopNestedScroll(int)
(agent) Hooking androidx.recyclerview.widget.RecyclerView.stopScroll()
(agent) Hooking androidx.recyclerview.widget.RecyclerView.suppressLayout(boolean)
(agent) Hooking androidx.recyclerview.widget.RecyclerView.swapAdapter(androidx.recyclerview.widget.RecyclerView$Adapter, boolean)
(agent) Hooking androidx.recyclerview.widget.RecyclerView.viewRangeUpdate(int, int, java.lang.Object)
(agent) Registering job 371092. Type: watch-class for: androidx.recyclerview.widget.RecyclerView
com.ss.android.ugc.aweme on (google: 8.1.0) [usb] # (agent) [371092] Called androidx.recyclerview.widget.RecyclerView.getAdapter()
(agent) [371092] Called androidx.recyclerview.widget.RecyclerView.assertNotInLayoutOrScroll(java.lang.String)
(agent) [371092] Called androidx.recyclerview.widget.RecyclerView.isComputingLayout()
(agent) [371092] Called androidx.recyclerview.widget.RecyclerView.processDataSetCompletelyChanged(boolean)
(agent) [371092] Called androidx.recyclerview.widget.RecyclerView.markKnownViewsInvalid()
(agent) [371092] Called androidx.recyclerview.widget.RecyclerView.markItemDecorInsetsDirty()
(agent) [371092] Called androidx.recyclerview.widget.RecyclerView.requestLayout()
(agent) [371092] Called androidx.recyclerview.widget.RecyclerView.getAdapter()
(agent) [371092] Called androidx.recyclerview.widget.RecyclerView.assertNotInLayoutOrScroll(java.lang.String)
(agent) [371092] Called androidx.recyclerview.widget.RecyclerView.isComputingLayout()
(agent) [371092] Called androidx.recyclerview.widget.RecyclerView.processDataSetCompletelyChanged(boolean)
(agent) [371092] Called androidx.recyclerview.widget.RecyclerView.markKnownViewsInvalid()
(agent) [371092] Called androidx.recyclerview.widget.RecyclerView.markItemDecorInsetsDirty()
(agent) [371092] Called androidx.recyclerview.widget.RecyclerView.requestLayout()
(agent) [371092] Called androidx.recyclerview.widget.RecyclerView.getAdapter()
(agent) [371092] Called androidx.recyclerview.widget.RecyclerView.assertNotInLayoutOrScroll(java.lang.String)
(agent) [371092] Called androidx.recyclerview.widget.RecyclerView.isComputingLayout()
(agent) [371092] Called androidx.recyclerview.widget.RecyclerView.processDataSetCompletelyChanged(boolean)
(agent) [371092] Called androidx.recyclerview.widget.RecyclerView.markKnownViewsInvalid()
(agent) [371092] Called androidx.recyclerview.widget.RecyclerView.markItemDecorInsetsDirty()
(agent) [371092] Called androidx.recyclerview.widget.RecyclerView.requestLayout()
(agent) [371092] Called androidx.recyclerview.widget.RecyclerView.getAdapter()
(agent) [371092] Called androidx.recyclerview.widget.RecyclerView.assertNotInLayoutOrScroll(java.lang.String)
(agent) [371092] Called androidx.recyclerview.widget.RecyclerView.isComputingLayout()
(agent) [371092] Called androidx.recyclerview.widget.RecyclerView.processDataSetCompletelyChanged(boolean)
(agent) [371092] Called androidx.recyclerview.widget.RecyclerView.markKnownViewsInvalid()
(agent) [371092] Called androidx.recyclerview.widget.RecyclerView.markItemDecorInsetsDirty()
(agent) [371092] Called androidx.recyclerview.widget.RecyclerView.requestLayout()
com.ss.android.ugc.aweme on (google: 8.1.0) [usb] #
com.ss.android.ugc.aweme on (google: 8.1.0) [usb] #
com.ss.android.ugc.aweme on (google: 8.1.0) [usb] #
com.ss.android.ugc.aweme on (google: 8.1.0) [usb] #
com.ss.android.ugc.aweme on (google: 8.1.0) [usb] #


//下滑
com.ss.android.ugc.aweme on (google: 8.1.0) [usb] # (agent) [371092] Called androidx.recyclerview.widget.RecyclerView.getAdapter()
(agent) [371092] Called androidx.recyclerview.widget.RecyclerView.assertNotInLayoutOrScroll(java.lang.String)
(agent) [371092] Called androidx.recyclerview.widget.RecyclerView.isComputingLayout()
(agent) [371092] Called androidx.recyclerview.widget.RecyclerView.processDataSetCompletelyChanged(boolean)
(agent) [371092] Called androidx.recyclerview.widget.RecyclerView.markKnownViewsInvalid()
(agent) [371092] Called androidx.recyclerview.widget.RecyclerView.markItemDecorInsetsDirty()
(agent) [371092] Called androidx.recyclerview.widget.RecyclerView.requestLayout()


 androidx.recyclerview.widget.RecyclerView.getAdapter(Native Method)
        X.akp.LIZ(SourceFile:17104917)
        X.akO.LIZJ(SourceFile:17104973)
        X.akO.LIZIZ(SourceFile:17170536)
        X.akO.LIZ(SourceFile:142)
        X.akO.onFullFeedVideoChangeEvent(SourceFile:17170479)
        X.NHk.onFullFeedVideoChangeEvent(SourceFile:17104952)
