AesEncryptionHelper ========================================================================
a3266bc937f6e301
97,51,50,54,54,98,99,57,51,55,102,54,101,51,48,49
Error: init(): has more than one overload, use .overload(<signature>) to choose from:
	.overload('int', 'java.security.Key')
	.overload('int', 'java.security.cert.Certificate')
	.overload('int', 'java.security.Key', 'java.security.AlgorithmParameters')
	.overload('int', 'java.security.Key', 'java.security.SecureRandom')
	.overload('int', 'java.security.Key', 'java.security.spec.AlgorithmParameterSpec')
	.overload('int', 'java.security.cert.Certificate', 'java.security.SecureRandom')
	.overload('int', 'java.security.Key', 'java.security.AlgorithmParameters', 'java.security.SecureRandom')
	.overload('int', 'java.security.Key', 'java.security.spec.AlgorithmParameterSpec', 'java.security.SecureRandom')
    at X (frida/node_modules/frida-java-bridge/lib/class-factory.js:569)
    at K (frida/node_modules/frida-java-bridge/lib/class-factory.js:564)
    at set (frida/node_modules/frida-java-bridge/lib/class-factory.js:932)
    at <anonymous> (/frida/repl-2.js:160)
    at <anonymous> (frida/node_modules/frida-java-bridge/lib/vm.js:12)
    at _performPendingVmOps (frida/node_modules/frida-java-bridge/index.js:250)
    at <anonymous> (frida/node_modules/frida-java-bridge/index.js:225)
    at <anonymous> (frida/node_modules/frida-java-bridge/lib/vm.js:12)
    at _performPendingVmOpsWhenReady (frida/node_modules/frida-java-bridge/index.js:244)
    at perform (frida/node_modules/frida-java-bridge/index.js:204)
    at Cipher (/frida/repl-2.js:167)
    at <anonymous> (/frida/repl-2.js:174)
Error: init(): has more than one overload, use .overload(<signature>) to choose from:
	.overload('int', 'java.security.Key')
	.overload('int', 'java.security.cert.Certificate')
	.overload('int', 'java.security.Key', 'java.security.AlgorithmParameters')
	.overload('int', 'java.security.Key', 'java.security.SecureRandom')
	.overload('int', 'java.security.Key', 'java.security.spec.AlgorithmParameterSpec')
	.overload('int', 'java.security.cert.Certificate', 'java.security.SecureRandom')
	.overload('int', 'java.security.Key', 'java.security.AlgorithmParameters', 'java.security.SecureRandom')
	.overload('int', 'java.security.Key', 'java.security.spec.AlgorithmParameterSpec', 'java.security.SecureRandom')
    at X (frida/node_modules/frida-java-bridge/lib/class-factory.js:569)
    at K (frida/node_modules/frida-java-bridge/lib/class-factory.js:564)
    at set (frida/node_modules/frida-java-bridge/lib/class-factory.js:932)
    at <anonymous> (/frida/repl-2.js:160)
    at <anonymous> (frida/node_modules/frida-java-bridge/lib/vm.js:12)
    at _performPendingVmOps (frida/node_modules/frida-java-bridge/index.js:250)
    at <anonymous> (frida/node_modules/frida-java-bridge/index.js:225)
    at <anonymous> (frida/node_modules/frida-java-bridge/lib/vm.js:12)
    at _performPendingVmOpsWhenReady (frida/node_modules/frida-java-bridge/index.js:244)
    at perform (frida/node_modules/frida-java-bridge/index.js:204)
    at Cipher (/frida/repl-2.js:167)
    at <anonymous> (/frida/repl-2.js:174)
