com.android.org.conscrypt.OpenSSLMessageDigestJDK$MD5
android.security.keystore.AndroidKeyStoreSpi
android.security.keystore.AndroidKeyStoreKeyPairGeneratorSpi$RSA
com.android.org.conscrypt.OpenSSLMessageDigestJDK$SHA1
com.android.org.conscrypt.OpenSSLRSAKeyFactory
com.android.org.conscrypt.OpenSSLSignature$SHA256RSA
com.android.org.conscrypt.OpenSSLMessageDigestJDK$SHA256
com.android.org.conscrypt.OpenSSLMessageDigestJDK$SHA256
com.android.org.conscrypt.KeyGeneratorImpl$AES
com.android.org.conscrypt.OpenSSLCipherRSA$PKCS1
com.android.org.conscrypt.DefaultSSLContextImpl
com.android.org.conscrypt.KeyManagerFactoryImpl
com.android.org.bouncycastle.jcajce.provider.keystore.bc.BcKeyStoreSpi$Std
android.security.net.config.RootTrustManagerFactorySpi
sun.security.provider.certpath.PKIXCertPathValidator
com.android.org.conscrypt.OpenSSLContextImpl$TLSv12
com.android.org.conscrypt.OpenSSLCipher$EVP_CIPHER$AES$CBC$PKCS5Padding
com.android.org.conscrypt.OpenSSLMac$HmacSHA1
android.security.keystore.AndroidKeyStoreRSACipherSpi$PKCS1Padding
com.android.org.conscrypt.OpenSSLCipher$EVP_CIPHER$ARC4
com.android.org.bouncycastle.jcajce.provider.symmetric.AES$ECB
javax.crypto.spec.GCMParameterSpec
