city	
citycode	
device	a07b3c0b-9940-384e-be0b-95e600ec9016
device_model	Pixel 2
device_name	Pixel 2
device_os	Android 8.1.0
device_product	Google
device_size	1080*1794
device_type	1
district	
fake_id	271311371
interface_code	7244
latitude	
longitude	
mobile	15801367777
nonce	h]XwUbHZkNcdfpjk
password	4C196B29E085E57269FC151945F559B9
province	
province_code	179888171
timestamp	1663815353
version	7.2.4.4
securitykey	d3298d2fd4264d55d011c4c4a083106c


city	
citycode	
device	a07b3c0b-9940-384e-be0b-95e600ec9016
device_model	Pixel 2
device_name	Pixel 2
device_os	Android 8.1.0
device_product	Google
device_size	1080*1794
device_type	1
district	
fake_id	271311371
interface_code	7244
latitude	
longitude	
mobile	15801367777
nonce	zhnVY^XZKePT^sOf
password	4C196B29E085E57269FC151945F559B9
province	
province_code	180893526
timestamp	1663816358
version	7.2.4.4


device	a07b3c0b-9940-384e-be0b-95e600ec9016
device_model	Pixel 2
device_name	Pixel 2
device_os	Android 8.1.0
device_product	Google
device_size	1080*1794
device_type	1
district	
fake_id	271311371
interface_code	7244
latitude	
longitude	
mobile	15801367777
nonce	HayPX_`WPqbJyNgN
password	4C196B29E085E57269FC151945F559B9
province	
province_code	181844583
timestamp	1663817309
version	7.2.4.4
securitykey	e9519e413a76347ba367ee41df7f62bc


0123456789abc