com.ali.mobisecenhance.ld.StubApplication
com.ali.mobisecenhance.SpeedInit
com.android.org.conscrypt.OpenSSLMessageDigestJDK$MD5
com.peopledailychina.activity.application.PeopleDailyApplication
android.app.ContextImpl
com.huawei.hms.aaid.InitProvider
com.getui.gtc.base.GtcProvider
com.huawei.agconnect.core.provider.AGConnectInitializeProvider
android.security.keystore.AndroidKeyStoreSpi
android.security.keystore.AndroidKeyStoreKeyPairGeneratorSpi$RSA
com.huawei.updatesdk.fileprovider.UpdateSdkFileProvider
com.sensorsdata.analytics.android.sdk.data.SensorsDataContentProvider
com.huawei.hms.device.provider.CheckHmsProvider
com.huawei.hms.update.provider.UpdateProvider
io.rong.imlib.chatroom.base.ChatRoomContentProvider
com.huawei.hms.support.api.push.PushProvider
android.arch.lifecycle.ProcessLifecycleOwnerInitializer
android.support.v4.content.FileProvider
com.android.org.conscrypt.OpenSSLMessageDigestJDK$SHA1
com.android.org.conscrypt.OpenSSLRSAKeyFactory
com.android.org.conscrypt.KeyGeneratorImpl$AES
com.android.org.conscrypt.OpenSSLCipherRSA$PKCS1
com.android.org.conscrypt.OpenSSLSignature$SHA256RSA
com.android.org.conscrypt.OpenSSLMessageDigestJDK$SHA256
com.android.org.conscrypt.OpenSSLMessageDigestJDK$SHA256
org.dom4j.DocumentFactory
org.dom4j.tree.QNameCache
com.android.org.conscrypt.DefaultSSLContextImpl
com.android.org.conscrypt.KeyManagerFactoryImpl
com.android.org.bouncycastle.jcajce.provider.keystore.bc.BcKeyStoreSpi$Std
android.security.net.config.RootTrustManagerFactorySpi
sun.security.provider.certpath.PKIXCertPathValidator
android.widget.LinearLayout
com.android.org.conscrypt.OpenSSLContextImpl$TLSv12
android.widget.TextView
com.peopledailychina.activity.activity.WelcomeActivity
android.view.ViewStub
android.widget.FrameLayout
android.support.constraint.ConstraintLayout
android.widget.ImageView
com.peopledailychina.activity.view.CountDownTextView
com.android.org.conscrypt.OpenSSLMac$HmacSHA1
com.android.org.conscrypt.OpenSSLCipher$EVP_CIPHER$AES$CBC$PKCS5Padding
com.peopledailychina.activity.activity.MainActivity
android.support.v7.widget.FitWindowsLinearLayout
android.support.v7.widget.ViewStubCompat
android.support.v7.widget.ContentFrameLayout
android.widget.RelativeLayout
android.view.View
com.peopledailychina.activity.views.tablayout.CommonTabLayout2
com.peopledailychina.activity.views.tablayout.MyLottieAnimationView
com.peopledailychina.activity.views.tablayout.widget.MsgView
pl.droidsonroids.gif.GifImageView
android.widget.ViewFlipper
com.peopledailychina.activity.views.pageindicator.MagicIndicator
com.peopledailychina.activity.view.HomeCustomViewPager
com.airbnb.lottie.LottieAnimationView
com.peopledailychina.activity.views.pageindicator.buildins.commonnavigator.titles.MyHorizontalScrollView
com.peopledailychina.activity.view.ShapedImageView
android.security.keystore.AndroidKeyStoreRSACipherSpi$PKCS1Padding
com.peopledailychina.activity.audio.AudioPlayService
com.peopledailychina.activity.views.refresh.PtrClassicFrameLayout
android.support.v7.widget.RecyclerView
com.peopledaily.common.ui.view.StatusView
com.android.org.conscrypt.OpenSSLCipher$EVP_CIPHER$ARC4
com.igexin.push.extension.distribution.gbd.stub.PushExtension
com.android.org.bouncycastle.jcajce.provider.symmetric.AES$ECB
javax.crypto.spec.GCMParameterSpec
com.igexin.push.extension.distribution.gws.stub.PushExtension
android.security.keystore.AndroidKeyStoreUnauthenticatedAESCipherSpi$CBC$PKCS7Padding
com.peopledailychina.activity.views.banner.ConvenientBanner
com.peopledailychina.activity.views.banner.view.CBLoopViewPager
com.peopledailychina.activity.views.widget.AutoScaleLayout
android.support.v7.widget.AppCompatTextView
com.peopledailychina.activity.basic.TextLabelView
android.support.v7.widget.AppCompatImageView
com.peopledailychina.activity.views.widget.AutoRoundLayout
