4
java.lang.Throwable
	at android.widget.Toast.show(Native Method)
	at com.peopledaily.common.manager.toast.factory.SystemToast.show(Native Method)
	at com.peopledaily.common.manager.toast.ToastManager.quickShow(Native Method)
	at com.peopledaily.common.manager.toast.ToastManager.showError(Native Method)
	at com.peopledailychina.activity.application.NewsApplication.checkRoot(NewsApplication.java:168)
	at com.peopledailychina.activity.application.NewsApplication.onCreate(NewsApplication.java:233)
	at com.tencent.tinker.entry.TinkerApplicationInlineFence.handleMessageImpl(TinkerApplicationInlineFence.java:76)
	at com.tencent.tinker.entry.TinkerApplicationInlineFence.handleMessage_$noinline$(TinkerApplicationInlineFence.java:60)
	at com.tencent.tinker.entry.TinkerApplicationInlineFence.handleMessage(TinkerApplicationInlineFence.java:53)
	at com.tencent.tinker.loader.app.TinkerInlineFenceAction.callOnCreate(TinkerInlineFenceAction.java:57)
	at com.tencent.tinker.loader.app.TinkerApplication.onCreate(TinkerApplication.java:189)
	at android.app.Instrumentation.callApplicationOnCreate(Instrumentation.java:1119)
	at com.ali.mobisecenhance.SpeedInit.reallyRun(Native Method)
	at com.ali.mobisecenhance.SpeedInit.run(Native Method)
	at com.ali.mobisecenhance.ld.BridgeAppMini.onCreate(Native Method)
	at android.app.Instrumentation.callApplicationOnCreate(Instrumentation.java:1119)
	at android.app.ActivityThread.handleBindApplication(ActivityThread.java:5740)
	at android.app.ActivityThread.handleBindApplication(Native Method)
	at android.app.ActivityThread.-wrap1(Unknown Source:0)
	at android.app.ActivityThread$H.handleMessage(ActivityThread.java:1656)
	at android.os.Handler.dispatchMessage(Handler.java:106)
	at android.os.Looper.loop(Looper.java:164)
	at android.app.ActivityThread.main(ActivityThread.java:6494)
	at java.lang.reflect.Method.invoke(Native Method)
	at com.android.internal.os.RuntimeInit$MethodAndArgsCaller.run(RuntimeInit.java:438)
	at com.android.internal.os.ZygoteInit.main(ZygoteInit.java:807)

