 {
    "view": 0,
    "click_type": 2,
    "id": "6886797",
    "articleid": "6750481",
    "news_link": "",
    "view_type": "with_video",
    "category_id": "1",
    "title": "“过于先进、不便展示”的画面来了！",
    "article_title": "陆基中段反导拦截试验画面首次披露",
    "news_timestamp": "1665184017",
    "image": [
        {
            "url": "https://rmrbcmsonline.peopleapp.com/upload/image/202210/202210080644347348.png?x-oss-process=image/resize,m_fill,h_170,w_226/quality,q_90/format,jpg",
            "desc": "",
            "sort": 0,
            "is_thumb": 0,
            "thumbnail": "https://rmrbcmsonline.peopleapp.com/upload/image/202210/202210080644347348.png?x-oss-process=image/resize,m_fill,h_170,w_226/quality,q_90/format,jpg",
            "image_height": 0,
            "image_wide": 0,
            "is_long_image": 0
        }
    ],
    "tags": "",
    "news_time": "2022-10-08 07-06-57",
    "news_times": "2022-10-08",
    "push_date": 0,
    "to_category": 0,
    "show_help": 1,
    "open_com": 1,
    "share_url": "https://wap.peopleapp.com/article/6886797/6750481",
    "shareMsg": "人民日报，有品质的新闻",
    "share_image": "https://rmrbcmsonline.peopleapp.com/upload/image/202210/202210080644349114.png?x-oss-process=style/w7",
    "share_title": "“过于先进、不便展示”的画面来了！",
    "comment_count": "329",
    "read_count": "369388",
    "likes_count": 2010,
    "join_count": "369388",
    "share_count": 174,
    "is_collect": 0,
    "is_recommend": 0,
    "title_show_line": 2,
    "default_image": "",
    "love_num": 0,
    "show_num": 1,
    "news_type": "cms",
    "copyfrom": "人民日报客户端",
    "turns_image": "https://rmrbcmsonline.peopleapp.com/upload/image/202210/rmrb_62001665209541.jpg?x-oss-process=image/resize,m_fill,h_388,w_690/quality,q_90",
    "article_weight": "normal",
    "unique_id": null,
    "article_category_id": "6886797",
    "position": 0,
    "weather": "0",
    "is_attention": 0,
    "is_like": 0
},

"view": 0,
    "click_type": 2,
    "id": "6887385",
    "articleid": "6750989",
    "news_link": "",
    "view_type": "normal",
    "category_id": "1",
    "title": "俄乌指责对方袭击扎波罗热核电站，称转为柴油发电",
    "article_title": "俄乌指责对方袭击扎波罗热核电站，称转为柴油发电",
    "news_timestamp": "1665210794",
    "image": [
        {
            "url": "https://rmrbcmsonline.peopleapp.com/upload/image/202210/202210081426196696.png?x-oss-process=image/resize,m_fill,h_170,w_226/quality,q_90/format,jpg",
            "desc": "",
            "sort": 0,
            "is_thumb": 0,
            "thumbnail": "https://rmrbcmsonline.peopleapp.com/upload/image/202210/202210081426196696.png?x-oss-process=image/resize,m_fill,h_170,w_226/quality,q_90/format,jpg",
            "image_height": 0,
            "image_wide": 0,
            "is_long_image": 0
        }
    ],
    "tags": "",
    "news_time": "2022-10-08 14-33-14",
    "news_times": "2022-10-08",
    "push_date": 0,
    "to_category": 0,
    "show_help": "4",
    "open_com": "1",
    "share_url": "https://wap.peopleapp.com/article/6887385/6750989",
    "shareMsg": "扎波罗热核电站已转入柴油发电状态。",
    "share_image": "https://rmrbcmsonline.peopleapp.com/upload/image/202210/202210081426197734.png?x-oss-process=style/w7",
    "share_title": "俄乌指责对方袭击扎波罗热核电站，称转为柴油发电",
    "comment_count": "26",
    "read_count": "28678",
    "likes_count": 0,
    "join_count": "28678",
    "share_count": 27,
    "is_collect": 0,
    "is_recommend": 0,
    "title_show_line": 2,
    "default_image": "",
    "love_num": 0,
    "show_num": 1,
    "news_type": "cms",
    "copyfrom": "央视新闻",
    "turns_image": null,
    "article_weight": "normal",
    "unique_id": "6887385",
    "article_category_id": "6887385",
    "position": 0,
    "is_attention": 0,
    "is_like": 0
},