2022-08-17 14:44:22.104 | INFO     | __main__:on_message:232 - SSL Session: B399E370A3DE60880F90E7D58655303FD1CA57B58177800843BE9ED201892348
2022-08-17 14:44:22.106 | INFO     | __main__:on_message:238 - [SSL_write] 1.1.1.1:45753 --> 240.0.0.61:443
2022-08-17 14:44:22.107 | INFO     | __main__:on_message:241 - GET /android/box/player/v3.9/user-profile-mareacode-110000.html HTTP/1.1..pauth: ..s-id: ..mudid: 1019gKHg4uTKWgskOGrCe87ad..SM-DEVICEID: 202208161102328b22a93ba49638768a7fc1b8347e6d290173572bb14c08d0..User-Agent: 4399GameCenter/6.8.0.59(android;Pixel 2;8.1.0;1080x1794;WIFI;1791.840;upgrade)..m-id: 40%3A4E%3A36%3A86%3AC1%3AF9..mauthcode: ..a-id: 2c1d7000523555f9..e-id: ..zxaid: A01-2otMBjE0ZOp%2BwcWBVp2%2BVuDO7XHtRgCQ..mauth: ..mareacode: 110000..mdeviceId: 40:4E:36:86:C1:F9..Host: cdn.yxhapi.com..Connection: Keep-Alive..Accept-Encoding: gzip....
2022-08-17 14:44:22.109 | INFO     | __main__:on_message:242 - None
2022-08-17 14:44:22.145 | INFO     | __main__:on_message:232 - SSL Session: 73960B529A40EA36256E67370AD53143A2AD65257FE7274CDC241783D0567329
2022-08-17 14:44:22.146 | INFO     | __main__:on_message:238 - [SSL_write] 1.1.1.1:47482 --> 240.0.0.63:443
2022-08-17 14:44:22.148 | INFO     | __main__:on_message:241 - POST /event/media-eb40cb50d15a49a9 HTTP/1.1..Content-Type: application/x-www-form-urlencoded..User-Agent: Dalvik/2.1.0 (Linux; U; Android 8.1.0; Pixel 2 Build/OPM4.171019.021.Q1)..Host: 4399logs.4399doc.com..Connection: Keep-Alive..Accept-Encoding: gzip..Content-Length: 2445....data_list=drVNz18sbwIITrcShLf%2BI7eiULIYaxoORqC1076dpGB54lVf9y39kuLv9sbUM0tK36HRJ3WmnXid%0Ahnfu%2BzeXvQyME7uGPNyWncSwg8jRAzeqEOw6AwIzvyvaXqjEs3z2iXbBc2d401fpPvIMCSS6%2B22K%0AaOfcJ2OekHeT2dnhWDoBemUQkPqL%2BZT3wOMjNygrHJYBObs5TvXYlim97xAjB5LMJ%2FtZ5LmNv2dW%0A9VjtepVsUai1Yv%2BBvzVqBFx8ZjzSxbs%2BW9VNQy2ubPXGqgz3%2BU4qFPRuSPth53AyzBNBQsN5khU%2B%0A55XsD94gr%2Fzoz%2FW%2FhnUVKdanl316kQgsmbsFG%2Bv3gq4QLot20f2oUxBvoh%2FDY6%2BRMz6ACLLyQJ08%0A%2FUfAQtN2Q5EVAjanln9A656AJwMahrv5rYQSW4dx%2Bat2s3pOmWQfTrcBUQtVm%2B0dmVLJEUYH2ejc%0A5DArmkczgSo3mkiOUVTuHwTSjs%2FZodMt7eNBJLD%2BfaVLT%2BqVR6n4CkNFrjbnc2uUUpFF92LxQ%2F0v%0AQ50sQ2GjsXUNTjc4jRWWzQgDvMIWSbvkmolim1Ordj7fUJDz2Xtmxm9%2FxALzgOfDgPlClCoO0Kon%0A3VXQByRy0kYgWhD4Bq9YCXKhBR7PTSunlz%2FTh7PDAiAzV5LNr6o8flnGbR9wBYL7pIb2Jrc3eTWF%0Ae0L5XhVe6FBAaYd68cXx46dPohbDBhOlBViAwdBt8i%2FFBdvDUqBkKlqggLZCvaMEu20GjNfBfx9x%0Avc8TVL0MIbxm5VOTAwnVy%2BWBKmwMxVRIV3xO9DVidabOkR6WxU%2FHLuXoo8M8wxzb7BOwX2pXueci%0AXD2QRNq63RLFsDSEXXS9EeQusq6b%2FbmBvMDper6hz8skgd7UPoiu%2BAydDUaWVXFltZ9gsra34HWP%0A8yh%2Byzh9WGp68BLg1YPVoonU4Spe8WM6KjP1MEvyZzVBJYueXw2MsQBZgArJFqG23eUp%2Fs0u7unr%0A%2FQRTG21SaM5T7Ho%2B%2Bgftz6KbiNFpkdWR332WHHdZTmxiHFDnzGEPDS73gw1Ksr34L4nnTQ1UNcXj%0ABkzuWH1utRSstq572FVGw54QOdTlDHM5zME8l7yg0an%2BiGlHkkcqTmL8vVriRaxjRM%2BtIPql8yGM%0AEh4JSF6YpKadgw29cDoDN2cX%2FoPnWTtMEx8mwIrm0GSjBeFv1O12p6VaujUg228Wn9fCL4Cag5l2%0AdTRJILxlW%2BY65MrvuoJsLq6GwV8gViTMdwP5LM4kPazKzMi6GbaZ%2F7NOdnokIEF3%2FJ0oXnufiKB2%0ArmnOiW2d55AmkMJ3%2BHU3qPH2RHeXMfwLJP1POccu0my2WSvP%2B0O1ACcnn59RiaxVzz9ygE%2F2Sdik%0AXhwwKxidgar3QVNBt%2Fm1%2BfVAoHTqW%2BYkWGpqBFsI2TB3pZGyOv1VMN7gtR4wE7mMFiQf%2F3nZbN%2Fr%0AoVW7pktP0OfDP6h5HxkCF5hm1L1iXH%2FlV6i397gtN5ClA2g15oP90%2B03uUHq8qzO5lzsF09Wb6hE%0AuXm3wqGQjH68K4gDTmro15dUh53Z2iVX%2FLLzCQk%2FIr9knJdPy0Y%2FOIVNljoqSaN12pctNuGsLPs6%0AT6hX%2BZnULB7MEY43zdjLZiPeKFzUyLQSB0HD21v2J%2B55ITL7B85KB%2Bmu%2BNRf%2FTynBFfQ7WBfijUt%0ATFV9JHhLKL%2FdJlo8YynVXhgx%2BL5pjq60UfTpoPoLeWl%2BO215USMUJDECokXzEbUhL%2BGhR7NwrbmE%0AAbblz%2FnnWOqJGDvZE4AZ6zXP%2Fk84SJdES4mCUHoPEHdpODEFqn3NE3hQREWrJIf3rRohCgWQt7vq%0Aqm2OjQ38ve5K9HJEB3O3dobKAvxWpLkWBB8zWNf0CU%2FRvjKgcndSk8J4ByLaStMelB%2BS%2BVHk7j%2Br%0A2TIoMors1j%2BWf9GwaC366DnBd8%2F%2FthhYd3dEEqPc2oluDT8eOloxhH94dkjyrWrLnBHU83qKXfiE%0AnPGqJhg7Lzw%2BedYffqjp0vu%2FXX%2BAe7eshz380GJSbvsgItbeSIcx3ECafW99ImLPQqSfBA1MFEc7%0Aqap%2F0HOOiIr4URYOfEHqYjQBgg%3D%3D%0A&gzip=1&encrypt_key=IQMTo%2BztR2QLD7ud4UmIVkU9roNedKiJQD1im4eVxJkd0em9ZKxqNfVBvuGKegtEvRWzkA5eSDs%2Ffv0BghP1Hg%3D%3D&
2022-08-17 14:44:22.157 | INFO     | __main__:on_message:242 - java.lang.Throwable
	at com.android.org.conscrypt.ConscryptFileDescriptorSocket$SSLOutputStream.write(Native Method)
	at okio.Okio$1.write(SourceFile:79)
	at okio.AsyncTimeout$1.write(SourceFile:180)
	at okio.RealBufferedSink.flush(SourceFile:224)
	at okhttp3.internal.http1.Http1Codec.finishRequest(SourceFile:166)
	at okhttp3.internal.http.CallServerInterceptor.intercept(SourceFile:84)
	at okhttp3.internal.http.RealInterceptorChain.proceed(SourceFile:147)
	at okhttp3.internal.http.RealInterceptorChain.proceed(SourceFile:121)
	at com.framework.net.okhttp3.HttpLoggingNetworkInterceptor.intercept(SourceFile:38)
	at okhttp3.internal.http.RealInterceptorChain.proceed(SourceFile:147)
	at okhttp3.internal.connection.ConnectInterceptor.intercept(SourceFile:45)
	at okhttp3.internal.http.RealInterceptorChain.proceed(SourceFile:147)
	at okhttp3.internal.http.RealInterceptorChain.proceed(SourceFile:121)
	at okhttp3.internal.cache.CacheInterceptor.intercept(SourceFile:93)
	at okhttp3.internal.http.RealInterceptorChain.proceed(SourceFile:147)
	at okhttp3.internal.http.RealInterceptorChain.proceed(SourceFile:121)
	at okhttp3.internal.http.BridgeInterceptor.intercept(SourceFile:93)
	at okhttp3.internal.http.RealInterceptorChain.proceed(SourceFile:147)
	at okhttp3.internal.http.RetryAndFollowUpInterceptor.intercept(SourceFile:127)
	at okhttp3.internal.http.RealInterceptorChain.proceed(SourceFile:147)
	at okhttp3.internal.http.RealInterceptorChain.proceed(SourceFile:121)
	at com.framework.net.okhttp3.RetryInterceptor.intercept(SourceFile:77)
	at okhttp3.internal.http.RealInterceptorChain.proceed(SourceFile:147)
	at okhttp3.internal.http.RealInterceptorChain.proceed(SourceFile:121)
	at com.framework.net.okhttp3.HttpLoggingInterceptor.intercept(SourceFile:51)
	at okhttp3.internal.http.RealInterceptorChain.proceed(SourceFile:147)
	at okhttp3.internal.http.RealInterceptorChain.proceed(SourceFile:121)
	at com.framework.net.okhttp3.ExceptionInterceptor.intercept(SourceFile:37)
	at okhttp3.internal.http.RealInterceptorChain.proceed(SourceFile:147)
	at okhttp3.internal.http.RealInterceptorChain.proceed(SourceFile:121)
	at okhttp3.RealCall.getResponseWithInterceptorChain(SourceFile:257)
	at okhttp3.RealCall$AsyncCall.execute(SourceFile:201)
	at okhttp3.internal.NamedRunnable.run(SourceFile:32)
	at java.util.concurrent.ThreadPoolExecutor.runWorker(ThreadPoolExecutor.java:1162)
	at java.util.concurrent.ThreadPoolExecutor$Worker.run(ThreadPoolExecutor.java:636)
	at java.lang.Thread.run(Thread.java:764)

2022-08-17 14:44:22.165 | INFO     | __main__:on_message:232 - SSL Session: 73960B529A40EA36256E67370AD53143A2AD65257FE7274CDC241783D0567329
2022-08-17 14:44:22.168 | INFO     | __main__:on_message:238 - [SSL_read] 240.0.0.63:443 --> 1.1.1.1:47482
2022-08-17 14:44:22.172 | INFO     | __main__:on_message:241 - HTTP/1.1 200 OK..Server: nginx..Date: Wed, 17 Aug 2022 06:44:22 GMT..Content-Type: application/octet-stream..Content-Length: 0..Access-Control-Allow-Methods: *..Access-Control-Allow-Origin: *..Connection: keep-alive....
2022-08-17 14:44:22.174 | INFO     | __main__:on_message:242 - None
2022-08-17 14:44:22.363 | INFO     | __main__:on_message:232 - SSL Session: B399E370A3DE60880F90E7D58655303FD1CA57B58177800843BE9ED201892348
2022-08-17 14:44:22.365 | INFO     | __main__:on_message:238 - [SSL_read] 240.0.0.61:443 --> 1.1.1.1:45753
2022-08-17 14:44:22.366 | INFO     | __main__:on_message:241 - HTTP/1.1 200 OK..Date: Wed, 17 Aug 2022 06:44:22 GMT..Content-Type: text/html;charset=utf-8..Transfer-Encoding: chunked..Server: nginx/1.4.2..Cache-Control: no-cache, private, max-age=0..Expires: Mon, 26 Jul 2013 05:00:00 GMT..Content-Encoding: gzip..X-Via: 1.1 PS-000-01aCP44:8 (Cdn Cache Server V2.0), 1.1 PS-000-01Zp022:11 (Cdn Cache Server V2.0), 1.1 changkuan30:9 (Cdn Cache Server V2.0)..X-Ws-Request-Id: 62fc8e46_k31_7672-33373..Connection: keep-alive....
2022-08-17 14:44:22.368 | INFO     | __main__:on_message:242 - java.lang.Throwable
	at com.android.org.conscrypt.ConscryptFileDescriptorSocket$SSLInputStream.read(Native Method)
	at com.android.okhttp.okio.Okio$2.read(Okio.java:136)
	at com.android.okhttp.okio.AsyncTimeout$2.read(AsyncTimeout.java:211)
	at com.android.okhttp.okio.RealBufferedSource.indexOf(RealBufferedSource.java:306)
	at com.android.okhttp.okio.RealBufferedSource.indexOf(RealBufferedSource.java:300)
	at com.android.okhttp.okio.RealBufferedSource.readUtf8LineStrict(RealBufferedSource.java:196)
	at com.android.okhttp.internal.http.Http1xStream.readResponse(Http1xStream.java:186)
	at com.android.okhttp.internal.http.Http1xStream.readResponseHeaders(Http1xStream.java:127)
	at com.android.okhttp.internal.http.HttpEngine.readNetworkResponse(HttpEngine.java:737)
	at com.android.okhttp.internal.http.HttpEngine.readResponse(HttpEngine.java:609)
	at com.android.okhttp.internal.huc.HttpURLConnectionImpl.execute(HttpURLConnectionImpl.java:471)
	at com.android.okhttp.internal.huc.HttpURLConnectionImpl.getResponse(HttpURLConnectionImpl.java:407)
	at com.android.okhttp.internal.huc.HttpURLConnectionImpl.getResponseCode(HttpURLConnectionImpl.java:538)
	at com.android.okhttp.internal.huc.DelegatingHttpsURLConnection.getResponseCode(DelegatingHttpsURLConnection.java:105)
	at com.android.okhttp.internal.huc.HttpsURLConnectionImpl.getResponseCode(Unknown Source:0)
	at cn.m4399.analy.y1.a(SourceFile:17)
	at cn.m4399.analy.b2.a(SourceFile:17)
	at cn.m4399.analy.b2.run(SourceFile:4)

2022-08-17 14:44:22.377 | INFO     | __main__:on_message:232 - SSL Session: B399E370A3DE60880F90E7D58655303FD1CA57B58177800843BE9ED201892348
2022-08-17 14:44:22.378 | INFO     | __main__:on_message:238 - [SSL_read] 240.0.0.61:443 --> 1.1.1.1:45753
2022-08-17 14:44:22.381 | INFO     | __main__:on_message:241 - 599.............Wko.V../.\.>.v.WB.....l.Q...rm71./.R...r)k)[`......r.&(.V..:~......'N....m.!....?.....\..K..Q.0#...~..F/Rn.....Ve......s....P._............_M...9d..R...c.q....l....R.*.......Fx.a..(..........._n6....h....fc...C....l].Ue..GEZ..PN7J.+.9.2Dz..^Rl.F..`.c.f.p.../....q9...WQ....K..RI......}.5.].^#.9.h.f..l.m*LO3..V..9'+.>.{..!.../......J.....V-.U...>..B..k...1)...j..].?r=..z....C.)...S..v,.#*S.`t..iU.d.B....|.r$...M....b.z.Y.W.4_..n........q.aG.N.\.t......h.n.....e..b..b9..#OV......0.Ky.H...)".q.......m..c........]..Q.iOv...D.9.1.....,n.?^.vV..N@\V@?m.....F..[.o..t.h?..E...a....X:....>+......L...#.......Z./...../......h.Zx.%.~...o...Z.h=Y../..w.x....k..Ww...y....b...".8.,.hW.Z..5.7.........x.u.......~.^z....i.%a...l.....hb..4}b.......h./........ ..>?..|6?....(....H+..U.JR,..L.".........8...2~$1..........'.&.}.@.0...4.uYi.\:9.KJb..`....n....>...W.G.i..;..4V..6.v..k.....V=z......YDR......+.Ml.......Qq...T8.....*..lhm.+........J.1Vt....{W....A..u:!....|.h.z\..R.....u...+.....}r..9.+.j.w.h..=mU....{j.....n.8T...6<o:..o..Y..~..i..H.2,.O.^7..i'.....9....P...2.D.6.c...L.:.8.]1..p.y..........+-.,...gf.O.M.....V....1..........U}....hS..~...........h...Ny..}.I.K.A.....T..O..5...&I...#.....Z....0L.O..e......)v|.|.C..=.0lA.OO....N..j..n.O...8.?..F...8.Y.....w.^.<_....?v&.c.$...g...F... ..._m...."...Aq_......J.7.i..L.L...0.d..i..+.....2..`._....=......B...Y."....$..S..)....]..t....)MS'ee:.....iHNg.>..u..9.Ps..Z.0.......
2022-08-17 14:44:22.384 | INFO     | __main__:on_message:242 - java.lang.Throwable
	at com.android.org.conscrypt.ConscryptFileDescriptorSocket$SSLInputStream.read(Native Method)
	at okio.Okio$2.read(SourceFile:140)
	at okio.AsyncTimeout$2.read(SourceFile:237)
	at okio.RealBufferedSource.indexOf(SourceFile:354)
	at okio.RealBufferedSource.readUtf8LineStrict(SourceFile:226)
	at okhttp3.internal.http1.Http1Codec.readHeaderLine(SourceFile:215)
	at okhttp3.internal.http1.Http1Codec.readResponseHeaders(SourceFile:189)
	at okhttp3.internal.http.CallServerInterceptor.intercept(SourceFile:88)
	at okhttp3.internal.http.RealInterceptorChain.proceed(SourceFile:147)
	at okhttp3.internal.http.RealInterceptorChain.proceed(SourceFile:121)
	at com.framework.net.okhttp3.HttpLoggingNetworkInterceptor.intercept(SourceFile:38)
	at okhttp3.internal.http.RealInterceptorChain.proceed(SourceFile:147)
	at okhttp3.internal.connection.ConnectInterceptor.intercept(SourceFile:45)
	at okhttp3.internal.http.RealInterceptorChain.proceed(SourceFile:147)
	at okhttp3.internal.http.RealInterceptorChain.proceed(SourceFile:121)
	at okhttp3.internal.cache.CacheInterceptor.intercept(SourceFile:93)
	at okhttp3.internal.http.RealInterceptorChain.proceed(SourceFile:147)
	at okhttp3.internal.http.RealInterceptorChain.proceed(SourceFile:121)
	at okhttp3.internal.http.BridgeInterceptor.intercept(SourceFile:93)
	at okhttp3.internal.http.RealInterceptorChain.proceed(SourceFile:147)
	at okhttp3.internal.http.RetryAndFollowUpInterceptor.intercept(SourceFile:127)
	at okhttp3.internal.http.RealInterceptorChain.proceed(SourceFile:147)
	at okhttp3.internal.http.RealInterceptorChain.proceed(SourceFile:121)
	at com.framework.net.okhttp3.RetryInterceptor.intercept(SourceFile:77)
	at okhttp3.internal.http.RealInterceptorChain.proceed(SourceFile:147)
	at okhttp3.internal.http.RealInterceptorChain.proceed(SourceFile:121)
	at com.framework.net.okhttp3.HttpLoggingInterceptor.intercept(SourceFile:51)
	at okhttp3.internal.http.RealInterceptorChain.proceed(SourceFile:147)
	at okhttp3.internal.http.RealInterceptorChain.proceed(SourceFile:121)
	at com.framework.net.okhttp3.ExceptionInterceptor.intercept(SourceFile:37)
	at okhttp3.internal.http.RealInterceptorChain.proceed(SourceFile:147)
	at okhttp3.internal.http.RealInterceptorChain.proceed(SourceFile:121)
	at okhttp3.RealCall.getResponseWithInterceptorChain(SourceFile:257)
	at okhttp3.RealCall$AsyncCall.execute(SourceFile:201)
	at okhttp3.internal.NamedRunnable.run(SourceFile:32)
	at java.util.concurrent.ThreadPoolExecutor.runWorker(ThreadPoolExecutor.java:1162)
	at java.util.concurrent.ThreadPoolExecutor$Worker.run(ThreadPoolExecutor.java:636)
	at java.lang.Thread.run(Thread.java:764)

2022-08-17 14:44:22.391 | INFO     | __main__:on_message:232 - SSL Session: B399E370A3DE60880F90E7D58655303FD1CA57B58177800843BE9ED201892348
2022-08-17 14:44:22.393 | INFO     | __main__:on_message:238 - [SSL_read] 240.0.0.61:443 --> 1.1.1.1:45753
2022-08-17 14:44:22.394 | INFO     | __main__:on_message:241 - 0....
2022-08-17 14:44:22.402 | INFO     | __main__:on_message:242 - java.lang.Throwable
	at com.android.org.conscrypt.ConscryptFileDescriptorSocket$SSLInputStream.read(Native Method)
	at okio.Okio$2.read(SourceFile:140)
	at okio.AsyncTimeout$2.read(SourceFile:237)
	at okio.RealBufferedSource.request(SourceFile:68)
	at okio.RealBufferedSource.require(SourceFile:61)
	at okio.RealBufferedSource.readHexadecimalUnsignedLong(SourceFile:303)
	at okhttp3.internal.http1.Http1Codec$ChunkedSource.readChunkSize(SourceFile:469)
	at okhttp3.internal.http1.Http1Codec$ChunkedSource.read(SourceFile:449)
	at okio.RealBufferedSource.read(SourceFile:47)
	at okio.RealBufferedSource.request(SourceFile:68)
	at okio.RealBufferedSource.require(SourceFile:61)
	at okio.GzipSource.consumeHeader(SourceFile:114)
	at okio.GzipSource.read(SourceFile:73)
	at okio.RealBufferedSource.request(SourceFile:68)
	at okio.RealBufferedSource.rangeEquals(SourceFile:417)
	at okio.RealBufferedSource.rangeEquals(SourceFile:401)
	at okhttp3.internal.Util.bomAwareCharset(SourceFile:471)
	at okhttp3.ResponseBody.string(SourceFile:175)
	at com.framework.net.BaseHttpRequestHelper$1.onResponse(SourceFile:395)
	at okhttp3.RealCall$AsyncCall.execute(SourceFile:203)
	at okhttp3.internal.NamedRunnable.run(SourceFile:32)
	at java.util.concurrent.ThreadPoolExecutor.runWorker(ThreadPoolExecutor.java:1162)
	at java.util.concurrent.ThreadPoolExecutor$Worker.run(ThreadPoolExecutor.java:636)
	at java.lang.Thread.run(Thread.java:764)

2022-08-17 14:44:25.320 | INFO     | __main__:on_message:232 - SSL Session: 
2022-08-17 14:44:25.324 | INFO     | __main__:on_message:238 - [HTTP_send] 1.1.1.1:46263 --> 240.0.0.65:80
2022-08-17 14:44:25.328 | INFO     | __main__:on_message:241 - POST /trace/com.m4399.gamecenter/1.0/upgrade/1019gKHg4uTKWgskOGrCe87ad HTTP/1.1..User-Agent: 4399GameCenter/6.8.0.59(android;Pixel 2;8.1.0;1080x1794;WIFI;1791.840)..msign: 87bf5d66e4dcf0948d7e74cfc0458a95..mts: 1660718675893..Content-Type: application/json;charset=UTF-8..mdeviceId: 40:4E:36:86:C1:F9..a-id: 2c1d7000523555f9..e-id: ..s-id: ..m-id: 40%3A4E%3A36%3A86%3AC1%3AF9..pauth: ..mauth: ..Transfer-Encoding: chunked..Host: stat.m.img4399.com..Connection: Keep-Alive..Accept-Encoding: gzip....26d..{"Msgs":{"A162CF88E1FD14C6DA4D168BD084B43B":{"stat_event":[{"ts":1660716843890,"kv":{"event_id":"ad_circle_tab","position":"............"}},{"ts":1660716844151,"kv":{"event_id":"dev_advert_data_load_time","duration1":"19"}},{"ts":1660716844862,"kv":{"event_id":"dev_router_open","url":"main\/home"}},{"ts":1660716846194,"kv":{"event_id":"dev_error_common_count","system_version_start":"8.1.0"}},{"ts":1660716846289,"kv":{"code":"99","event_id":"dev_http_request_failure","url":"user\/msg\/box\/android\/v2.7\/index-unreadNum.html","respone":"1"}},{"ts":1660718675882,"kv":{"event_id":"dev_router_open","url":"login"}}]}}}..
2022-08-17 14:44:25.331 | INFO     | __main__:on_message:242 - java.lang.Throwable
	at java.net.SocketOutputStream.socketWrite0(Native Method)
	at java.net.SocketOutputStream.socketWrite(SocketOutputStream.java:109)
	at java.net.SocketOutputStream.write(SocketOutputStream.java:153)
	at com.android.okhttp.okio.Okio$1.write(Okio.java:76)
	at com.android.okhttp.okio.AsyncTimeout$1.write(AsyncTimeout.java:155)
	at com.android.okhttp.okio.RealBufferedSink.flush(RealBufferedSink.java:221)
	at com.android.okhttp.internal.http.Http1xStream$ChunkedSink.flush(Http1xStream.java:331)
	at com.android.okhttp.okio.RealBufferedSink.flush(RealBufferedSink.java:223)
	at com.android.okhttp.okio.RealBufferedSink$1.flush(RealBufferedSink.java:204)
	at com.m4399.stat.a.f.request(SourceFile:217)
	at com.m4399.stat.a.f.request(SourceFile:68)
	at com.m4399.stat.usecase.k.hl(SourceFile:197)
	at com.m4399.stat.usecase.k.senderEntrance(SourceFile:65)
	at com.m4399.stat.usecase.a.ahg(SourceFile:476)
	at com.m4399.stat.usecase.a.ahf(SourceFile:228)
	at com.m4399.stat.usecase.a.cacheHandler(SourceFile:120)
	at com.m4399.stat.usecase.b$1.a(SourceFile:38)
	at com.m4399.stat.d.run(SourceFile:9)
	at java.util.concurrent.Executors$RunnableAdapter.call(Executors.java:457)
	at java.util.concurrent.FutureTask.run(FutureTask.java:266)
	at java.util.concurrent.ScheduledThreadPoolExecutor$ScheduledFutureTask.run(ScheduledThreadPoolExecutor.java:301)
	at java.util.concurrent.ThreadPoolExecutor.runWorker(ThreadPoolExecutor.java:1162)
	at java.util.concurrent.ThreadPoolExecutor$Worker.run(ThreadPoolExecutor.java:636)
	at java.lang.Thread.run(Thread.java:764)

2022-08-17 14:44:25.336 | INFO     | __main__:on_message:232 - SSL Session: 
2022-08-17 14:44:25.338 | INFO     | __main__:on_message:238 - [HTTP_send] 1.1.1.1:46263 --> 240.0.0.65:80
2022-08-17 14:44:25.342 | INFO     | __main__:on_message:241 - 0....
2022-08-17 14:44:25.346 | INFO     | __main__:on_message:242 - java.lang.Throwable
	at java.net.SocketOutputStream.socketWrite0(Native Method)
	at java.net.SocketOutputStream.socketWrite(SocketOutputStream.java:109)
	at java.net.SocketOutputStream.write(SocketOutputStream.java:153)
	at com.android.okhttp.okio.Okio$1.write(Okio.java:76)
	at com.android.okhttp.okio.AsyncTimeout$1.write(AsyncTimeout.java:155)
	at com.android.okhttp.okio.RealBufferedSink.flush(RealBufferedSink.java:221)
	at com.android.okhttp.internal.http.Http1xStream.finishRequest(Http1xStream.java:161)
	at com.android.okhttp.internal.http.HttpEngine.readNetworkResponse(HttpEngine.java:735)
	at com.android.okhttp.internal.http.HttpEngine.readResponse(HttpEngine.java:609)
	at com.android.okhttp.internal.huc.HttpURLConnectionImpl.execute(HttpURLConnectionImpl.java:471)
	at com.android.okhttp.internal.huc.HttpURLConnectionImpl.getResponse(HttpURLConnectionImpl.java:407)
	at com.android.okhttp.internal.huc.HttpURLConnectionImpl.getResponseCode(HttpURLConnectionImpl.java:538)
	at com.m4399.stat.a.f.request(SourceFile:223)
	at com.m4399.stat.a.f.request(SourceFile:68)
	at com.m4399.stat.usecase.k.hl(SourceFile:197)
	at com.m4399.stat.usecase.k.senderEntrance(SourceFile:65)
	at com.m4399.stat.usecase.a.ahg(SourceFile:476)
	at com.m4399.stat.usecase.a.ahf(SourceFile:228)
	at com.m4399.stat.usecase.a.cacheHandler(SourceFile:120)
	at com.m4399.stat.usecase.b$1.a(SourceFile:38)
	at com.m4399.stat.d.run(SourceFile:9)
	at java.util.concurrent.Executors$RunnableAdapter.call(Executors.java:457)
	at java.util.concurrent.FutureTask.run(FutureTask.java:266)
	at java.util.concurrent.ScheduledThreadPoolExecutor$ScheduledFutureTask.run(ScheduledThreadPoolExecutor.java:301)
	at java.util.concurrent.ThreadPoolExecutor.runWorker(ThreadPoolExecutor.java:1162)
	at java.util.concurrent.ThreadPoolExecutor$Worker.run(ThreadPoolExecutor.java:636)
	at java.lang.Thread.run(Thread.java:764)

2022-08-17 14:44:25.360 | INFO     | __main__:on_message:232 - SSL Session: 73960B529A40EA36256E67370AD53143A2AD65257FE7274CDC241783D0567329
2022-08-17 14:44:25.363 | INFO     | __main__:on_message:238 - [SSL_write] 1.1.1.1:47482 --> 240.0.0.63:443
2022-08-17 14:44:25.369 | INFO     | __main__:on_message:241 - POST /event/media-eb40cb50d15a49a9 HTTP/1.1..Content-Type: application/x-www-form-urlencoded..User-Agent: Dalvik/2.1.0 (Linux; U; Android 8.1.0; Pixel 2 Build/OPM4.171019.021.Q1)..Host: 4399logs.4399doc.com..Connection: Keep-Alive..Accept-Encoding: gzip..Content-Length: 2293....data_list=x01A2qrMBABEwY7B2haoke0hwUgfOOJAwevCNN%2FSmHjKIzBnn1krgNf7ZFH726WfL5X2OLA%2BmHkM%0AAM9ZVcSZdLvvPWz6sJRvCFmCbzqGkUWdTcEEjgMHwDUbNS6tAl5Hp%2Fqr3vJk5WlGxi36E%2BP7j6W8%0AqviL049o1ja%2BN1JKq7a4HmP0dOoaN4Cpkar%2BsJ7qic07NdveqKnnZQN2wioCF32MuGg2TWhZZ4lD%0At7uZTRvxBtYkm7rpRiBimDSG6%2BzVHENvcFwgN0GkHkeq2PPL6d8AWZOoGy8LTVAoK3%2BvXmguxhpE%0Ab7NMIklXKYBYv6aKWtt2e6VEKjKRWwEwMvp4Qmh9Q%2BPJJGl7docFhY3fGBPE3SEJJp5FkFInxA6z%0A3iKwa85PAfuineqtM5hKWZZm66YgQ9piLujCBDzjaJgDVz0q9tHrEdU7n0q2xyS6NvWU8jYCBgCF%0AWcg3QsBlcVqmKUibqtDMouOrLuIIkCFqgx2Celq%2FNYmMwx7zZTt1eri0JGyTl9LNTdmgGJeT%2BfJW%0ACjOdZqUe%2BXYux4nfqS%2FKxPjZ4A0T9fKwwVIk2yEAkcCH7TB3WtZQmJOshEszJ4VZUlNpDE1k4BiB%0ASdSOIJ3bgn9BPjo3%2BBMUINcTUJWjD71%2FmmNDfQRKDK6K2WLLba75KoH4HLebHSdJ1u08rWnKkigs%0A%2BjQrkQmMMCDsFvXLcFjjMo4SpXwvZcJzDbpUss9VVQxw6lgKHwLzzHedoH9hjWh9iKIx58kZsSpy%0AnyKla0tfVeqplZ4lhxdraRcHw5QQPRCnBNMc5si8%2BMOv%2FtGYwJVDBSYPTBtivX4ERaba7uhC6ETX%0AtRn98bpqGbu6fZuIq30YNjKeXUG%2BzNZzfPW6IHN%2F%2B9nMrFbkp7ftg%2FcTZxs32UJKiMDSZMrCI1Rz%0AnKdUTdk3FwY%2FwTPhWNT0hrC4d%2BgZvQPKir%2FdrRyPP8AivqafQbpQZgw%2BSlF%2BV5LJl7I4RCCalRkr%0A7yAeqtSWjUkjU23aoqCnyWGKKvzOHPy5Yffr5yjVCYQO2CAuYNTlPA1mw8Rwj4%2FSZ0Z0h6bG7Rvl%0A110Rh%2BO%2FgeWiMgdbh4PJ5ZYZ4oMbw86%2BJovfEy92uK8YvQgzWoCjoEaCelCl6l7ZPxG61pK9zn9u%0A0Ic4qNy6cbslI412zEY2SVygBinGsy7Pgr1N0UdIFYCjZGuk0C9EwZhYog2buT0FSSfeIwfbHVu3%0AGLrk6ZDyEmniGn3%2Bx1TJKxgRiVCHoFbXQfosxdMO%2F%2FyRrd49u1172AdDLBgDdZBEnmxPNHHzEIvA%0AGC%2Bq87lLKsAFRPNZUiPSk9GNVC2kF0bdZPea2Tg3oqOXrQLBs7eYRE6l%2FsdLLrQeL9w%2BnKPRxwau%0AJXruc7S94saOHDyYAz9pWTjvo1hPnynyLlwjHlkldtlXEv1w6cr%2B5G1xxecUsivzp4ENuvqOD%2FMm%0AH3Qbp6XxCEpjfbiwkqyGI9b4HwZ5gtPV9%2BjCk8uPIQwlcPtzem0mfA3I9HT%2Bxe%2BxWc%2FwAMWilh1Q%0AMZZdInbr6Tl1wthLw1F0NnfX6gqkcWc%2Fbt0dQqTF2EMuPypUJrldKwZFqBKD2BO2Za4unmqJaEHK%0A%2FrPLIJh5PKh2d9R1ELa2u79papUHhZ0CKl1BbPimljoOgp77RWUf888VIVMF435RVlRzIBOZSWvO%0Afl3p3lcd525iRBf1r2DendcTZMBH9CqztELSupxF2d1a%2FApfr0P6vuvjwbMD9sNJrHs%2BxCUB%2FIp%2B%0AJWyu9U%2FMSDleni17gNcS3uoyn4X5AcTymfBbwMzQcMpdrBLWr9fijmuq6YqMdBFJN4sRc2%2FY5%2BpT%0AYdkvwst%2BgaeD5Oys%2FqRLjfwwoo9%2Fxo3vRDNLO2HumbmplJBd3P%2B4Xaax0BmWVsAK33EoZoQRY29l%0AGZJygihbYYhuivjcgBrEJGKcSVrpArRp5wYQ7MZ5a3RzzGyydMN1VgOrcp0DVLBCBjMD4U8iE1sM%0A&gzip=1&encrypt_key=IQMTo%2BztR2QLD7ud4UmIVkU9roNedKiJQD1im4eVxJkd0em9ZKxqNfVBvuGKegtEvRWzkA5eSDs%2Ffv0BghP1Hg%3D%3D&
2022-08-17 14:44:25.379 | INFO     | __main__:on_message:242 - java.lang.Throwable
	at com.android.org.conscrypt.ConscryptFileDescriptorSocket$SSLOutputStream.write(Native Method)
	at com.android.okhttp.okio.Okio$1.write(Okio.java:76)
	at com.android.okhttp.okio.AsyncTimeout$1.write(AsyncTimeout.java:155)
	at com.android.okhttp.okio.RealBufferedSink.flush(RealBufferedSink.java:221)
	at com.android.okhttp.internal.http.Http1xStream.finishRequest(Http1xStream.java:161)
	at com.android.okhttp.internal.http.HttpEngine.readNetworkResponse(HttpEngine.java:735)
	at com.android.okhttp.internal.http.HttpEngine.readResponse(HttpEngine.java:609)
	at com.android.okhttp.internal.huc.HttpURLConnectionImpl.execute(HttpURLConnectionImpl.java:471)
	at com.android.okhttp.internal.huc.HttpURLConnectionImpl.getResponse(HttpURLConnectionImpl.java:407)
	at com.android.okhttp.internal.huc.HttpURLConnectionImpl.getResponseCode(HttpURLConnectionImpl.java:538)
	at com.android.okhttp.internal.huc.DelegatingHttpsURLConnection.getResponseCode(DelegatingHttpsURLConnection.java:105)
	at com.android.okhttp.internal.huc.HttpsURLConnectionImpl.getResponseCode(Unknown Source:0)
	at cn.m4399.analy.y1.a(SourceFile:17)
	at cn.m4399.analy.b2.a(SourceFile:17)
	at cn.m4399.analy.b2.run(SourceFile:4)

2022-08-17 14:44:25.386 | INFO     | __main__:on_message:232 - SSL Session: B399E370A3DE60880F90E7D58655303FD1CA57B58177800843BE9ED201892348
2022-08-17 14:44:25.388 | INFO     | __main__:on_message:238 - [SSL_write] 1.1.1.1:45753 --> 240.0.0.61:443
2022-08-17 14:44:25.389 | INFO     | __main__:on_message:241 - GET /user/box/android/v1.0/config-login-channel-upgrade-mareacode-110000.html HTTP/1.1..pauth: ..s-id: ..mudid: 1019gKHg4uTKWgskOGrCe87ad..SM-DEVICEID: 202208161102328b22a93ba49638768a7fc1b8347e6d290173572bb14c08d0..User-Agent: 4399GameCenter/6.8.0.59(android;Pixel 2;8.1.0;1080x1794;WIFI;1791.840;upgrade)..m-id: 40%3A4E%3A36%3A86%3AC1%3AF9..mauthcode: ..a-id: 2c1d7000523555f9..e-id: ..zxaid: A01-2otMBjE0ZOp%2BwcWBVp2%2BVuDO7XHtRgCQ..mauth: ..mareacode: 110000..mdeviceId: 40:4E:36:86:C1:F9..Host: cdn.yxhapi.com..Connection: Keep-Alive..Accept-Encoding: gzip....
2022-08-17 14:44:25.390 | INFO     | __main__:on_message:242 - java.lang.Throwable
	at com.android.org.conscrypt.ConscryptFileDescriptorSocket$SSLOutputStream.write(Native Method)
	at com.android.okhttp.okio.Okio$1.write(Okio.java:76)
	at com.android.okhttp.okio.AsyncTimeout$1.write(AsyncTimeout.java:155)
	at com.android.okhttp.okio.RealBufferedSink.flush(RealBufferedSink.java:221)
	at com.android.okhttp.internal.http.Http1xStream.finishRequest(Http1xStream.java:161)
	at com.android.okhttp.internal.http.HttpEngine.readNetworkResponse(HttpEngine.java:735)
	at com.android.okhttp.internal.http.HttpEngine.readResponse(HttpEngine.java:609)
	at com.android.okhttp.internal.huc.HttpURLConnectionImpl.execute(HttpURLConnectionImpl.java:471)
	at com.android.okhttp.internal.huc.HttpURLConnectionImpl.getResponse(HttpURLConnectionImpl.java:407)
	at com.android.okhttp.internal.huc.HttpURLConnectionImpl.getResponseCode(HttpURLConnectionImpl.java:538)
	at com.android.okhttp.internal.huc.DelegatingHttpsURLConnection.getResponseCode(DelegatingHttpsURLConnection.java:105)
	at com.android.okhttp.internal.huc.HttpsURLConnectionImpl.getResponseCode(Unknown Source:0)
	at cn.m4399.analy.y1.a(SourceFile:17)
	at cn.m4399.analy.b2.a(SourceFile:17)
	at cn.m4399.analy.b2.run(SourceFile:4)

2022-08-17 14:44:25.426 | INFO     | __main__:on_message:232 - SSL Session: 73960B529A40EA36256E67370AD53143A2AD65257FE7274CDC241783D0567329
2022-08-17 14:44:25.428 | INFO     | __main__:on_message:238 - [SSL_write] 1.1.1.1:47494 --> 240.0.0.63:443
2022-08-17 14:44:25.431 | INFO     | __main__:on_message:241 - POST /event/media-eb40cb50d15a49a9 HTTP/1.1..Content-Type: application/x-www-form-urlencoded..User-Agent: Dalvik/2.1.0 (Linux; U; Android 8.1.0; Pixel 2 Build/OPM4.171019.021.Q1)..Host: 4399logs.4399doc.com..Connection: Keep-Alive..Accept-Encoding: gzip..Content-Length: 2350....data_list=M8EaVKnqMZpUJk%2Bql6X9KaNofAXGkLLjqJCu%2Fp8YqJrHMoool4hJmtdtPbArCXbfL%2BknM6O8Efj%2F%0AABgQ6uH5wRwmQX4pCixh9E%2BFmm9TvZMYwYOrOjfAmXB4MekHi0Ej2dZbZgSA4UBCeXuRLAA%2Fuw8E%0A8h95Tj2OXSIgSDLyhJjqICQYHaaNgSsDAO%2FaJfwIHqGdpv4LwgBaoa2NZpS39IoscMQja0RrbE6m%0AP84LzzNStcFqgxLvEpQo538Ra6%2Bud8FoUgCHP0FuIUctNBqCzz5yiSleqDqIAgqF%2FLZ5vk88bzAD%0AQrcmkp9SAfxhyoJUCDig%2F5d4%2BDXJumh4yBcYMQwO1Ncu6Wslk5itm12F90k1mK60oI7Xixi19lJZ%0AV4PrZKhsBpg%2BovHushkBTQYWcYb6cuI%2FAQsCuDZYIx7w2Ix2ozOZKvcEP7tJKpJFtWrVnYe7Ma5X%0AseHcD6XXnZ5wORZYXit3%2FzqutvxHyu9mal7PrAvsY%2F1sjM2YXtVn77CshhGdAyip22x4IP3LzQXq%0AYbvhmAy62ifhG78fi38MtBnH8EZ3Zuzd2fpoytDOapCsgfqT9MATZdgmwS8m%2Fm368luMyCcsznA7%0AHkQh0dKWYMFX7KYzQSsDtS8AuGPFI5LHHE%2BK%2BYT91m1qZmjsBIywvzurz3KzJ9E%2BdkAxOcwy5nsF%0Abx5q1r2N%2BxObPgazXkGCdBX6x8xyq2SrmuDyXbAxuGsRwGZntQTivhPb3912O%2FemCgUd%2FYJnQOmU%0ApX%2B6PZGNI2B5qGVGtu%2BOf5LuzuPo2JhS6CpGBybvUla%2FEkeL3fTCwqfhIg3dPNPwmm15tNklPAVL%0AwbWefyKi482ThMUyHolpl5dSIz3t4mPOUKHuRe99aonYZZvuRAaINWclLo8ZyNhzL70ovn1438Cz%0AMmxirH3MZxDG2meYFG%2Flj%2FSBsOEUncisrKHvRrE1Lb8NxztFORGUtk0n8Dy9vh496TvoHhOp6k5F%0Ap11%2F8c687EB8cDAw8yjhw7Ijrg4BAHaU9O4r0TKiOehbAiRm9GXerux1GhLG0cIuG7wOo9A5tKCw%0Ae%2FKvtn4gTuFYViyPPKQLwO7v2rS3Ih3yCP%2FgTQdMvb%2FiLJX93hsR98km%2FNWLmehD16ZgKqc%2FvCGN%0A3y1mpjPt0JlXILidB8r%2BIHrYKtvO2LyzG%2BVwxMuJjRFTJdU0IyAl5x24Sr4LFuEHbXJNIyIAbKdE%0Ayrgt%2FLRZN3Zo0gRvAdabTunV1iqUyDtVduhZ7umv9Pp5IVE%2BJb8ZuTII1aZvf1YkubCrbjLXJaT9%0AEa7dieP1WD0cu1tb554IJdvtHF3tHTzWej75F5s6wlkay8S%2FVowbcZq7x6nalW8f41xRRWqQwxHO%0ACm1xOBrqKu0LUnQlqyXS1QQ2ET2lDQh5qCM9ogUXh0jh1O0Ob2N3rZoJVrrkYz8UMveKqf0aOxdd%0A9A%2FgK8%2BQ3bWC0QxxcRp%2FS5SHqqnzni7CJY2HQ5imqV7maUhTe2dYb9rVQX%2BJ4J0ZoDcZeZosmvp5%0AhH5xPf67hwK3TyMQBT4drl%2B1QK7qNKgoEZZOybfZwgu49%2B01qNhCiTMz2gibgIAHWk7scdG3QgMN%0AJ9Ikn63eNNwAeKiQQgOV%2Bxt75Us7JJ%2FKcd7XJ1BrB7Rmjq4qvN4bFBdq7lyEDM5bMPxHP%2FyiZEIy%0A9j0nQDBx%2BKiuGhPKgZQJQ4TgByDOxBjQAnrZueU5SxBA1BXLT04CVzqaaDLJ8KudPLwoVrL97SxC%0ArPXeOjqSFd9O4QPslWcmdAKUy3jqcBchji%2Fcq9%2B5o9NCcMdIQTwaN6kY1jxbD3%2BSlYjipMx2NQaj%0AK6N7gbM5AegUHBbNt2nYYeRz8LkVyFqhQ%2Ff%2Bk5tg9W%2F5nSko5NRR9AFApElrJDKjaseVoNO%2FvSG9%0AJFN7g3HQAkQo44LfjXZ87%2F%2FyBL749DQ09UpBPe5L8QpsomFbE%2BYHYLo7wJEhT%2F7j2RmS2bf%2FNq4N%0AYUCUA9CifanzkK%2FXOXzpPGiyyLLN4DJPrLdsGg%3D%3D%0A&gzip=1&encrypt_key=IQMTo%2BztR2QLD7ud4UmIVkU9roNedKiJQD1im4eVxJkd0em9ZKxqNfVBvuGKegtEvRWzkA5eSDs%2Ffv0BghP1Hg%3D%3D&
2022-08-17 14:44:25.444 | INFO     | __main__:on_message:242 - java.lang.Throwable
	at com.android.org.conscrypt.ConscryptFileDescriptorSocket$SSLOutputStream.write(Native Method)
	at okio.Okio$1.write(SourceFile:79)
	at okio.AsyncTimeout$1.write(SourceFile:180)
	at okio.RealBufferedSink.flush(SourceFile:224)
	at okhttp3.internal.http1.Http1Codec.finishRequest(SourceFile:166)
	at okhttp3.internal.http.CallServerInterceptor.intercept(SourceFile:84)
	at okhttp3.internal.http.RealInterceptorChain.proceed(SourceFile:147)
	at okhttp3.internal.http.RealInterceptorChain.proceed(SourceFile:121)
	at com.framework.net.okhttp3.HttpLoggingNetworkInterceptor.intercept(SourceFile:38)
	at okhttp3.internal.http.RealInterceptorChain.proceed(SourceFile:147)
	at okhttp3.internal.connection.ConnectInterceptor.intercept(SourceFile:45)
	at okhttp3.internal.http.RealInterceptorChain.proceed(SourceFile:147)
	at okhttp3.internal.http.RealInterceptorChain.proceed(SourceFile:121)
	at okhttp3.internal.cache.CacheInterceptor.intercept(SourceFile:93)
	at okhttp3.internal.http.RealInterceptorChain.proceed(SourceFile:147)
	at okhttp3.internal.http.RealInterceptorChain.proceed(SourceFile:121)
	at okhttp3.internal.http.BridgeInterceptor.intercept(SourceFile:93)
	at okhttp3.internal.http.RealInterceptorChain.proceed(SourceFile:147)
	at okhttp3.internal.http.RetryAndFollowUpInterceptor.intercept(SourceFile:127)
	at okhttp3.internal.http.RealInterceptorChain.proceed(SourceFile:147)
	at okhttp3.internal.http.RealInterceptorChain.proceed(SourceFile:121)
	at com.framework.net.okhttp3.RetryInterceptor.intercept(SourceFile:77)
	at okhttp3.internal.http.RealInterceptorChain.proceed(SourceFile:147)
	at okhttp3.internal.http.RealInterceptorChain.proceed(SourceFile:121)
	at com.framework.net.okhttp3.HttpLoggingInterceptor.intercept(SourceFile:51)
	at okhttp3.internal.http.RealInterceptorChain.proceed(SourceFile:147)
	at okhttp3.internal.http.RealInterceptorChain.proceed(SourceFile:121)
	at com.framework.net.okhttp3.ExceptionInterceptor.intercept(SourceFile:37)
	at okhttp3.internal.http.RealInterceptorChain.proceed(SourceFile:147)
	at okhttp3.internal.http.RealInterceptorChain.proceed(SourceFile:121)
	at okhttp3.RealCall.getResponseWithInterceptorChain(SourceFile:257)
	at okhttp3.RealCall$AsyncCall.execute(SourceFile:201)
	at okhttp3.internal.NamedRunnable.run(SourceFile:32)
	at java.util.concurrent.ThreadPoolExecutor.runWorker(ThreadPoolExecutor.java:1162)
	at java.util.concurrent.ThreadPoolExecutor$Worker.run(ThreadPoolExecutor.java:636)
	at java.lang.Thread.run(Thread.java:764)

2022-08-17 14:44:25.458 | INFO     | __main__:on_message:232 - SSL Session: 73960B529A40EA36256E67370AD53143A2AD65257FE7274CDC241783D0567329
2022-08-17 14:44:25.459 | INFO     | __main__:on_message:238 - [SSL_read] 240.0.0.63:443 --> 1.1.1.1:47482
2022-08-17 14:44:25.460 | INFO     | __main__:on_message:241 - HTTP/1.1 200 OK..Server: nginx..Date: Wed, 17 Aug 2022 06:44:26 GMT..Content-Type: application/octet-stream..Content-Length: 0..Access-Control-Allow-Methods: *..Access-Control-Allow-Origin: *..Connection: keep-alive....
2022-08-17 14:44:25.461 | INFO     | __main__:on_message:242 - java.lang.Throwable
	at com.android.org.conscrypt.ConscryptFileDescriptorSocket$SSLInputStream.read(Native Method)
	at okio.Okio$2.read(SourceFile:140)
	at okio.AsyncTimeout$2.read(SourceFile:237)
	at okio.RealBufferedSource.request(SourceFile:68)
	at okio.RealBufferedSource.require(SourceFile:61)
	at okio.RealBufferedSource.readHexadecimalUnsignedLong(SourceFile:303)
	at okhttp3.internal.http1.Http1Codec$ChunkedSource.readChunkSize(SourceFile:469)
	at okhttp3.internal.http1.Http1Codec$ChunkedSource.read(SourceFile:449)
	at okio.RealBufferedSource.read(SourceFile:47)
	at okio.RealBufferedSource.exhausted(SourceFile:57)
	at okio.GzipSource.read(SourceFile:99)
	at okio.Buffer.writeAll(SourceFile:1135)
	at okio.RealBufferedSource.readString(SourceFile:199)
	at okhttp3.ResponseBody.string(SourceFile:176)
	at com.framework.net.BaseHttpRequestHelper$1.onResponse(SourceFile:395)
	at okhttp3.RealCall$AsyncCall.execute(SourceFile:203)
	at okhttp3.internal.NamedRunnable.run(SourceFile:32)
	at java.util.concurrent.ThreadPoolExecutor.runWorker(ThreadPoolExecutor.java:1162)
	at java.util.concurrent.ThreadPoolExecutor$Worker.run(ThreadPoolExecutor.java:636)
	at java.lang.Thread.run(Thread.java:764)

2022-08-17 14:44:25.466 | INFO     | __main__:on_message:232 - SSL Session: 
2022-08-17 14:44:25.469 | INFO     | __main__:on_message:238 - [HTTP_recv] 240.0.0.65:80 --> 1.1.1.1:46263
2022-08-17 14:44:25.470 | INFO     | __main__:on_message:241 - HTTP/1.1 200 OK..Date: Wed, 17 Aug 2022 06:44:26 GMT..Content-Type: text/html;charset=utf-8..Content-Length: 2..Server: nginx/1.18.0..Cache-Control: no-cache, private, max-age=0..Error-Msg: ok..Expires: Mon, 26 Jul 2013 05:00:00 GMT..Connection: keep-alive....
2022-08-17 14:44:25.472 | INFO     | __main__:on_message:242 - java.lang.Throwable
	at java.net.SocketInputStream.socketRead0(Native Method)
	at java.net.SocketInputStream.socketRead(SocketInputStream.java:114)
	at java.net.SocketInputStream.read(SocketInputStream.java:170)
	at java.net.SocketInputStream.read(SocketInputStream.java:139)
	at com.android.okhttp.okio.Okio$2.read(Okio.java:136)
	at com.android.okhttp.okio.AsyncTimeout$2.read(AsyncTimeout.java:211)
	at com.android.okhttp.okio.RealBufferedSource.indexOf(RealBufferedSource.java:306)
	at com.android.okhttp.okio.RealBufferedSource.indexOf(RealBufferedSource.java:300)
	at com.android.okhttp.okio.RealBufferedSource.readUtf8LineStrict(RealBufferedSource.java:196)
	at com.android.okhttp.internal.http.Http1xStream.readResponse(Http1xStream.java:186)
	at com.android.okhttp.internal.http.Http1xStream.readResponseHeaders(Http1xStream.java:127)
	at com.android.okhttp.internal.http.HttpEngine.readNetworkResponse(HttpEngine.java:737)
	at com.android.okhttp.internal.http.HttpEngine.readResponse(HttpEngine.java:609)
	at com.android.okhttp.internal.huc.HttpURLConnectionImpl.execute(HttpURLConnectionImpl.java:471)
	at com.android.okhttp.internal.huc.HttpURLConnectionImpl.getResponse(HttpURLConnectionImpl.java:407)
	at com.android.okhttp.internal.huc.HttpURLConnectionImpl.getResponseCode(HttpURLConnectionImpl.java:538)
	at com.m4399.stat.a.f.request(SourceFile:223)
	at com.m4399.stat.a.f.request(SourceFile:68)
	at com.m4399.stat.usecase.k.hl(SourceFile:197)
	at com.m4399.stat.usecase.k.senderEntrance(SourceFile:65)
	at com.m4399.stat.usecase.a.ahg(SourceFile:476)
	at com.m4399.stat.usecase.a.ahf(SourceFile:228)
	at com.m4399.stat.usecase.a.cacheHandler(SourceFile:120)
	at com.m4399.stat.usecase.b$1.a(SourceFile:38)
	at com.m4399.stat.d.run(SourceFile:9)
	at java.util.concurrent.Executors$RunnableAdapter.call(Executors.java:457)
	at java.util.concurrent.FutureTask.run(FutureTask.java:266)
	at java.util.concurrent.ScheduledThreadPoolExecutor$ScheduledFutureTask.run(ScheduledThreadPoolExecutor.java:301)
	at java.util.concurrent.ThreadPoolExecutor.runWorker(ThreadPoolExecutor.java:1162)
	at java.util.concurrent.ThreadPoolExecutor$Worker.run(ThreadPoolExecutor.java:636)
	at java.lang.Thread.run(Thread.java:764)

2022-08-17 14:44:25.479 | INFO     | __main__:on_message:232 - SSL Session: 73960B529A40EA36256E67370AD53143A2AD65257FE7274CDC241783D0567329
2022-08-17 14:44:25.480 | INFO     | __main__:on_message:238 - [SSL_read] 240.0.0.63:443 --> 1.1.1.1:47494
2022-08-17 14:44:25.482 | INFO     | __main__:on_message:241 - HTTP/1.1 200 OK..Server: nginx..Date: Wed, 17 Aug 2022 06:44:26 GMT..Content-Type: application/octet-stream..Content-Length: 0..Access-Control-Allow-Methods: *..Access-Control-Allow-Origin: *..Connection: keep-alive....
2022-08-17 14:44:25.488 | INFO     | __main__:on_message:242 - java.lang.Throwable
	at com.android.org.conscrypt.ConscryptFileDescriptorSocket$SSLInputStream.read(Native Method)
	at okio.Okio$2.read(SourceFile:140)
	at okio.AsyncTimeout$2.read(SourceFile:237)
	at okio.RealBufferedSource.request(SourceFile:68)
	at okio.RealBufferedSource.require(SourceFile:61)
	at okio.RealBufferedSource.readHexadecimalUnsignedLong(SourceFile:303)
	at okhttp3.internal.http1.Http1Codec$ChunkedSource.readChunkSize(SourceFile:469)
	at okhttp3.internal.http1.Http1Codec$ChunkedSource.read(SourceFile:449)
	at okio.RealBufferedSource.read(SourceFile:47)
	at okio.RealBufferedSource.exhausted(SourceFile:57)
	at okio.GzipSource.read(SourceFile:99)
	at okio.Buffer.writeAll(SourceFile:1135)
	at okio.RealBufferedSource.readString(SourceFile:199)
	at okhttp3.ResponseBody.string(SourceFile:176)
	at com.framework.net.BaseHttpRequestHelper$1.onResponse(SourceFile:395)
	at okhttp3.RealCall$AsyncCall.execute(SourceFile:203)
	at okhttp3.internal.NamedRunnable.run(SourceFile:32)
	at java.util.concurrent.ThreadPoolExecutor.runWorker(ThreadPoolExecutor.java:1162)
	at java.util.concurrent.ThreadPoolExecutor$Worker.run(ThreadPoolExecutor.java:636)
	at java.lang.Thread.run(Thread.java:764)

2022-08-17 14:44:25.491 | INFO     | __main__:on_message:232 - SSL Session: B399E370A3DE60880F90E7D58655303FD1CA57B58177800843BE9ED201892348
2022-08-17 14:44:25.493 | INFO     | __main__:on_message:238 - [SSL_read] 240.0.0.61:443 --> 1.1.1.1:45753
2022-08-17 14:44:25.494 | INFO     | __main__:on_message:241 - HTTP/1.1 200 OK..Date: Wed, 17 Aug 2022 06:44:26 GMT..Content-Type: text/html;charset=utf-8..Transfer-Encoding: chunked..Server: nginx/1.4.2..Content-Encoding: gzip..X-Via: 1.1 PS-000-01BHf45:13 (Cdn Cache Server V2.0), 1.1 PS-000-01zaI23:12 (Cdn Cache Server V2.0), 1.1 changkuan30:3 (Cdn Cache Server V2.0)..X-Ws-Request-Id: 62fc8e4a_k31_7672-33462..Connection: keep-alive....
2022-08-17 14:44:25.496 | INFO     | __main__:on_message:242 - java.lang.Throwable
	at com.android.org.conscrypt.ConscryptFileDescriptorSocket$SSLInputStream.read(Native Method)
	at com.android.okhttp.okio.Okio$2.read(Okio.java:136)
	at com.android.okhttp.okio.AsyncTimeout$2.read(AsyncTimeout.java:211)
	at com.android.okhttp.okio.RealBufferedSource.indexOf(RealBufferedSource.java:306)
	at com.android.okhttp.okio.RealBufferedSource.indexOf(RealBufferedSource.java:300)
	at com.android.okhttp.okio.RealBufferedSource.readUtf8LineStrict(RealBufferedSource.java:196)
	at com.android.okhttp.internal.http.Http1xStream.readResponse(Http1xStream.java:186)
	at com.android.okhttp.internal.http.Http1xStream.readResponseHeaders(Http1xStream.java:127)
	at com.android.okhttp.internal.http.HttpEngine.readNetworkResponse(HttpEngine.java:737)
	at com.android.okhttp.internal.http.HttpEngine.readResponse(HttpEngine.java:609)
	at com.android.okhttp.internal.huc.HttpURLConnectionImpl.execute(HttpURLConnectionImpl.java:471)
	at com.android.okhttp.internal.huc.HttpURLConnectionImpl.getResponse(HttpURLConnectionImpl.java:407)
	at com.android.okhttp.internal.huc.HttpURLConnectionImpl.getResponseCode(HttpURLConnectionImpl.java:538)
	at com.android.okhttp.internal.huc.DelegatingHttpsURLConnection.getResponseCode(DelegatingHttpsURLConnection.java:105)
	at com.android.okhttp.internal.huc.HttpsURLConnectionImpl.getResponseCode(Unknown Source:0)
	at cn.m4399.analy.y1.a(SourceFile:17)
	at cn.m4399.analy.b2.a(SourceFile:17)
	at cn.m4399.analy.b2.run(SourceFile:4)

2022-08-17 14:44:25.502 | INFO     | __main__:on_message:232 - SSL Session: 
2022-08-17 14:44:25.503 | INFO     | __main__:on_message:238 - [HTTP_recv] 240.0.0.65:80 --> 1.1.1.1:46263
2022-08-17 14:44:25.504 | INFO     | __main__:on_message:241 - ok
2022-08-17 14:44:25.506 | INFO     | __main__:on_message:242 - java.lang.Throwable
	at java.net.SocketInputStream.socketRead0(Native Method)
	at java.net.SocketInputStream.socketRead(SocketInputStream.java:114)
	at java.net.SocketInputStream.read(SocketInputStream.java:170)
	at java.net.SocketInputStream.read(SocketInputStream.java:139)
	at com.android.okhttp.okio.Okio$2.read(Okio.java:136)
	at com.android.okhttp.okio.AsyncTimeout$2.read(AsyncTimeout.java:211)
	at com.android.okhttp.okio.RealBufferedSource.read(RealBufferedSource.java:50)
	at com.android.okhttp.internal.http.Http1xStream$FixedLengthSource.read(Http1xStream.java:393)
	at com.android.okhttp.okio.RealBufferedSource$1.read(RealBufferedSource.java:371)
	at java.io.InputStream.read(InputStream.java:101)
	at com.m4399.stat.a.c.readInputStream(SourceFile:260)
	at com.m4399.stat.a.f.request(SourceFile:246)
	at com.m4399.stat.a.f.request(SourceFile:68)
	at com.m4399.stat.usecase.k.hl(SourceFile:197)
	at com.m4399.stat.usecase.k.senderEntrance(SourceFile:65)
	at com.m4399.stat.usecase.a.ahg(SourceFile:476)
	at com.m4399.stat.usecase.a.ahf(SourceFile:228)
	at com.m4399.stat.usecase.a.cacheHandler(SourceFile:120)
	at com.m4399.stat.usecase.b$1.a(SourceFile:38)
	at com.m4399.stat.d.run(SourceFile:9)
	at java.util.concurrent.Executors$RunnableAdapter.call(Executors.java:457)
	at java.util.concurrent.FutureTask.run(FutureTask.java:266)
	at java.util.concurrent.ScheduledThreadPoolExecutor$ScheduledFutureTask.run(ScheduledThreadPoolExecutor.java:301)
	at java.util.concurrent.ThreadPoolExecutor.runWorker(ThreadPoolExecutor.java:1162)
	at java.util.concurrent.ThreadPoolExecutor$Worker.run(ThreadPoolExecutor.java:636)
	at java.lang.Thread.run(Thread.java:764)

2022-08-17 14:44:25.510 | INFO     | __main__:on_message:232 - SSL Session: B399E370A3DE60880F90E7D58655303FD1CA57B58177800843BE9ED201892348
2022-08-17 14:44:25.512 | INFO     | __main__:on_message:238 - [SSL_read] 240.0.0.61:443 --> 1.1.1.1:45753
2022-08-17 14:44:25.514 | INFO     | __main__:on_message:241 - 2a3..............OK.A.........j....Ki.....&.ov.ww.3.nS..z(.A).......jz*-...........j....=.2;..y..yW.....399A..$4$.._>.FQ.E..w.....W.lyQ.<&y..#u..];.Z3....D...c....*.3...r.......9.S.93e|.........z`........yW.........(.+P..w.B....3.U_...R...j...Y.....L...D(...k/]..m G*a..a...g...\....v.....f....*E7.j..."b.. D."g.k...}..Al.J\2_....!F(.d|..p.U;j.....m...l....7.?].j........e.....{...f..u..&.].Z.........2.1md..*-.u<.B.^.0."Q.4..]qm.5*....9.~.x..u...y...j..h~.il.4?.4?..EsO...0..E....,`....V.[.....C........hT.wt.Bb.....=$&1.S....P$...m...Z....k.....q.B.#P..W.......7j...#H_. .hM}..*I4...q.....W..a3.tS....D.....!g..1..B...~.r=.X..J......._./C;..o\..C.yE..q....8.jX....L..Y...Ue.......
2022-08-17 14:44:25.519 | INFO     | __main__:on_message:242 - java.lang.Throwable
	at com.android.org.conscrypt.ConscryptFileDescriptorSocket$SSLInputStream.read(Native Method)
	at okio.Okio$2.read(SourceFile:140)
	at okio.AsyncTimeout$2.read(SourceFile:237)
	at okio.RealBufferedSource.indexOf(SourceFile:354)
	at okio.RealBufferedSource.readUtf8LineStrict(SourceFile:226)
	at okhttp3.internal.http1.Http1Codec.readHeaderLine(SourceFile:215)
	at okhttp3.internal.http1.Http1Codec.readResponseHeaders(SourceFile:189)
	at okhttp3.internal.http.CallServerInterceptor.intercept(SourceFile:88)
	at okhttp3.internal.http.RealInterceptorChain.proceed(SourceFile:147)
	at okhttp3.internal.http.RealInterceptorChain.proceed(SourceFile:121)
	at com.framework.net.okhttp3.HttpLoggingNetworkInterceptor.intercept(SourceFile:38)
	at okhttp3.internal.http.RealInterceptorChain.proceed(SourceFile:147)
	at okhttp3.internal.connection.ConnectInterceptor.intercept(SourceFile:45)
	at okhttp3.internal.http.RealInterceptorChain.proceed(SourceFile:147)
	at okhttp3.internal.http.RealInterceptorChain.proceed(SourceFile:121)
	at okhttp3.internal.cache.CacheInterceptor.intercept(SourceFile:93)
	at okhttp3.internal.http.RealInterceptorChain.proceed(SourceFile:147)
	at okhttp3.internal.http.RealInterceptorChain.proceed(SourceFile:121)
	at okhttp3.internal.http.BridgeInterceptor.intercept(SourceFile:93)
	at okhttp3.internal.http.RealInterceptorChain.proceed(SourceFile:147)
	at okhttp3.internal.http.RetryAndFollowUpInterceptor.intercept(SourceFile:127)
	at okhttp3.internal.http.RealInterceptorChain.proceed(SourceFile:147)
	at okhttp3.internal.http.RealInterceptorChain.proceed(SourceFile:121)
	at com.framework.net.okhttp3.RetryInterceptor.intercept(SourceFile:77)
	at okhttp3.internal.http.RealInterceptorChain.proceed(SourceFile:147)
	at okhttp3.internal.http.RealInterceptorChain.proceed(SourceFile:121)
	at com.framework.net.okhttp3.HttpLoggingInterceptor.intercept(SourceFile:51)
	at okhttp3.internal.http.RealInterceptorChain.proceed(SourceFile:147)
	at okhttp3.internal.http.RealInterceptorChain.proceed(SourceFile:121)
	at com.framework.net.okhttp3.ExceptionInterceptor.intercept(SourceFile:37)
	at okhttp3.internal.http.RealInterceptorChain.proceed(SourceFile:147)
	at okhttp3.internal.http.RealInterceptorChain.proceed(SourceFile:121)
	at okhttp3.RealCall.getResponseWithInterceptorChain(SourceFile:257)
	at okhttp3.RealCall$AsyncCall.execute(SourceFile:201)
	at okhttp3.internal.NamedRunnable.run(SourceFile:32)
	at java.util.concurrent.ThreadPoolExecutor.runWorker(ThreadPoolExecutor.java:1162)
	at java.util.concurrent.ThreadPoolExecutor$Worker.run(ThreadPoolExecutor.java:636)
	at java.lang.Thread.run(Thread.java:764)

2022-08-17 14:44:25.525 | INFO     | __main__:on_message:232 - SSL Session: B399E370A3DE60880F90E7D58655303FD1CA57B58177800843BE9ED201892348
2022-08-17 14:44:25.526 | INFO     | __main__:on_message:238 - [SSL_read] 240.0.0.61:443 --> 1.1.1.1:45753
2022-08-17 14:44:25.527 | INFO     | __main__:on_message:241 - 0....
2022-08-17 14:44:25.529 | INFO     | __main__:on_message:242 - java.lang.Throwable
	at com.android.org.conscrypt.ConscryptFileDescriptorSocket$SSLInputStream.read(Native Method)
	at okio.Okio$2.read(SourceFile:140)
	at okio.AsyncTimeout$2.read(SourceFile:237)
	at okio.RealBufferedSource.request(SourceFile:68)
	at okio.RealBufferedSource.require(SourceFile:61)
	at okio.RealBufferedSource.readHexadecimalUnsignedLong(SourceFile:303)
	at okhttp3.internal.http1.Http1Codec$ChunkedSource.readChunkSize(SourceFile:469)
	at okhttp3.internal.http1.Http1Codec$ChunkedSource.read(SourceFile:449)
	at okio.RealBufferedSource.read(SourceFile:47)
	at okio.RealBufferedSource.request(SourceFile:68)
	at okio.RealBufferedSource.require(SourceFile:61)
	at okio.GzipSource.consumeHeader(SourceFile:114)
	at okio.GzipSource.read(SourceFile:73)
	at okio.RealBufferedSource.request(SourceFile:68)
	at okio.RealBufferedSource.rangeEquals(SourceFile:417)
	at okio.RealBufferedSource.rangeEquals(SourceFile:401)
	at okhttp3.internal.Util.bomAwareCharset(SourceFile:471)
	at okhttp3.ResponseBody.string(SourceFile:175)
	at com.framework.net.BaseHttpRequestHelper$1.onResponse(SourceFile:395)
	at okhttp3.RealCall$AsyncCall.execute(SourceFile:203)
	at okhttp3.internal.NamedRunnable.run(SourceFile:32)
	at java.util.concurrent.ThreadPoolExecutor.runWorker(ThreadPoolExecutor.java:1162)
	at java.util.concurrent.ThreadPoolExecutor$Worker.run(ThreadPoolExecutor.java:636)
	at java.lang.Thread.run(Thread.java:764)

2022-08-17 14:44:25.534 | INFO     | __main__:on_message:232 - SSL Session: 73960B529A40EA36256E67370AD53143A2AD65257FE7274CDC241783D0567329
2022-08-17 14:44:25.538 | INFO     | __main__:on_message:238 - [SSL_write] 1.1.1.1:47498 --> 240.0.0.63:443
2022-08-17 14:44:25.540 | INFO     | __main__:on_message:241 - POST /event/media-eb40cb50d15a49a9 HTTP/1.1..Content-Type: application/x-www-form-urlencoded..User-Agent: Dalvik/2.1.0 (Linux; U; Android 8.1.0; Pixel 2 Build/OPM4.171019.021.Q1)..Host: 4399logs.4399doc.com..Connection: Keep-Alive..Accept-Encoding: gzip..Content-Length: 2429....data_list=Xq0yqSWOxI%2Fd9xoVpHpln2RdNpuGmCW0FnDebkgMtU4g1%2BD1wfir1jja%2F94naXPKWxAEslrW1U%2BI%0A1j%2FXfuAdeBnm2b25aYMn1FT6MtyXhGtw5v6Crp4%2BJUBWK3Qw0i6OIJIupedGu1xjzj1REMoYmc6S%0AXtnlQrZ4Zfjzt0QY%2FVFI%2FbfshpczCF9yeCFzmD9cv2PhhX7bjlCWzMH8Bw2fSiLMrH%2FW%2Fz6xxBI5%0ANo%2B%2FAELO2erscOcuWxUpe7uNoSbv3LXD1uK6%2FzUgzNqv6%2BD%2Bh99L%2F1g8ZjXxn4nX35NOROWVu2q3%0Aje2Tpz3WEy8tsSHDpkx8fw8smikiacdNejoMM0WGcb19B5hHbBRTlHWFlEwc3psIab%2B9xy4doVfk%0AU4VKOblXjGldcUHu279%2BioL%2FU9vLBW0IivuS4y63ZTj%2FMsPvkkroIb%2FxxJU83pbb4NzL8%2BTjX%2BsA%0AUM28KiaavgFs5wZrxJmR6i3lR1l4xr%2Fw0GV3HfSv4oeKETwdB4vYPfQwrwkdQaPTzIE8nhYZrLI0%0Avty5wQDQ%2B2MZqFQXXgQAueOXPWXm%2BRZqQmfZrmkQD7g0S7CB9I1rh69XLNC4lhh0wkkP48lOJCs%2B%0AwbMJnFuiO56Ilx42cPhP84NZ4n5k1nryDXZmbvTg3aknS4BcPbXEMu5GXZ%2BdTxYOzlqpcex64kS6%0AhYuwAgdLQe1Y0osDMIderHRqCFok%2FB4b2VE817mPXVvb9MmWcVRVmjfPEGO7ouvfvV13SwHAS%2BH%2B%0A%2BF79Qy6%2FcVYRr28ygyL%2Bl4JPV%2FyyzpPbDrVNJzh9parnfqFq1SrBbyXjqTIkprhH1idbakXHLz66%0AtDDCT%2Biry5JSydByK2LfYgXOG1gkob1tcfjcZRPJI%2B3YVMXAfRWy3RLJ0iaLbZsIlDRM7VI5XxEQ%0AqVgYXpIyN1nORRa0ch%2FveKjE%2F6cX7jlBJ2u7ygWg093C39mYI2CJE9qGP%2FuO5fePxED06IA70s5y%0A0IvLb%2BGXTcza4AMxukM7tfY%2Fk1iuKKRAttPVt0Hxc%2Bisyjks682lqEpWy3YKChaOV3y5liujF1e7%0AsAfrBnj8r%2FphoaT2dimFTwEn4rcWru4dSipKZsQJQvZCDdmXG0z1wIVWuAdpdJ9ttfXp6AuUvumw%0A%2FSaZeIPww4tsm7XU8hPCUggpW9fKMKeksfEy2NoPZOjXQ%2FFegFup43THDE7EsEcWDhXmql98ZE6P%0A%2BdlDMcWFcwxG34BarKqTfBtSlU59edxIx65uAUuxkwkQByfdyZHyWsi7MDvfRSTs1T3yWbvutWiG%0AumE0t8IBmAt2zfb2OOoMSkpEr43YrtKYALkO705shDzIskVmRAZT%2BnRdonw83afTE2lQcoND2OHp%0AYln9kaZwVpw0gQd%2F0StBQasXz6tMpQaP5dMbZJ%2Bm6M%2F%2BNREY8PKmGUT4L1hGDqVmKEUtp%2F65FFZp%0AvqQLA%2FHh8eR1R5NKKa5PplTLv78dtn%2FEDYog9XVZ5WKMIx8DJfK3incqU6pIx3eD%2BoTh7oBvq5So%0A7F87gryPFesNZSqZ8n2XJF%2BQASj0yr8wtoFo%2FPeOqwG0wMSrM17PawvtmFVuyjnpLrThtfTwqQhA%0AC%2BAN3cYASPBi5WxBI4ShPhBi%2BUiVyccAz6KjHy3fl%2BC432OAA%2Bjw%2B25ftVPsMTHKSNKgvQLqnRkO%0AWRRwoC323l7uaLKDb%2Bkr13O7po7OJD1Iu2C7kqTkYwTQIXyR7Euvi9eRdomxXU4bli%2FX2jrj11ta%0Arr%2FDSteNo24FZAkGPoulD3gCl0SSfIBn5Trm%2Fd3nnFTyQDgostXhldXGYX7x%2BOF%2FROWP8mS05K1H%0ARk6Da6UexHP2vze4FByMPGHIm4090%2BWyVWBeiau0lkCCHjqBOqSsJp5Vl543wP1bHH9rSaAq28VD%0AWGus%2BGQO7gf4hen5E%2FvH6q8niEtLdiN8HZ4b6z5d3Rp%2BE7E2vP6ZdNDz24q7105yyjiJK34cWPe1%0AG%2FIZ6kvLJVT3LD5yoO25sK%2BixgCx4rop1e%2BYlH%2BJw03h%2FcwboG9yeXzaghNmjAMtW8smjSnSlmOi%0AxOvOv1E%3D%0A&gzip=1&encrypt_key=IQMTo%2BztR2QLD7ud4UmIVkU9roNedKiJQD1im4eVxJkd0em9ZKxqNfVBvuGKegtEvRWzkA5eSDs%2Ffv0BghP1Hg%3D%3D&
2022-08-17 14:44:25.544 | INFO     | __main__:on_message:242 - java.lang.Throwable
	at com.android.org.conscrypt.ConscryptFileDescriptorSocket$SSLOutputStream.write(Native Method)
	at com.android.okhttp.okio.Okio$1.write(Okio.java:76)
	at com.android.okhttp.okio.AsyncTimeout$1.write(AsyncTimeout.java:155)
	at com.android.okhttp.okio.RealBufferedSink.flush(RealBufferedSink.java:221)
	at com.android.okhttp.internal.http.Http1xStream.finishRequest(Http1xStream.java:161)
	at com.android.okhttp.internal.http.HttpEngine.readNetworkResponse(HttpEngine.java:735)
	at com.android.okhttp.internal.http.HttpEngine.readResponse(HttpEngine.java:609)
	at com.android.okhttp.internal.huc.HttpURLConnectionImpl.execute(HttpURLConnectionImpl.java:471)
	at com.android.okhttp.internal.huc.HttpURLConnectionImpl.getResponse(HttpURLConnectionImpl.java:407)
	at com.android.okhttp.internal.huc.HttpURLConnectionImpl.getResponseCode(HttpURLConnectionImpl.java:538)
	at com.android.okhttp.internal.huc.DelegatingHttpsURLConnection.getResponseCode(DelegatingHttpsURLConnection.java:105)
	at com.android.okhttp.internal.huc.HttpsURLConnectionImpl.getResponseCode(Unknown Source:0)
	at cn.m4399.analy.y1.a(SourceFile:17)
	at cn.m4399.analy.b2.a(SourceFile:17)
	at cn.m4399.analy.b2.run(SourceFile:4)

2022-08-17 14:44:25.641 | INFO     | __main__:on_message:232 - SSL Session: 73960B529A40EA36256E67370AD53143A2AD65257FE7274CDC241783D0567329
2022-08-17 14:44:25.643 | INFO     | __main__:on_message:238 - [SSL_read] 240.0.0.63:443 --> 1.1.1.1:47498
2022-08-17 14:44:25.644 | INFO     | __main__:on_message:241 - HTTP/1.1 200 OK..Server: nginx..Date: Wed, 17 Aug 2022 06:44:26 GMT..Content-Type: application/octet-stream..Content-Length: 0..Access-Control-Allow-Methods: *..Access-Control-Allow-Origin: *..Connection: keep-alive....
2022-08-17 14:44:25.646 | INFO     | __main__:on_message:242 - java.lang.Throwable
	at com.android.org.conscrypt.ConscryptFileDescriptorSocket$SSLInputStream.read(Native Method)
	at okio.Okio$2.read(SourceFile:140)
	at okio.AsyncTimeout$2.read(SourceFile:237)
	at okio.RealBufferedSource.request(SourceFile:68)
	at okio.RealBufferedSource.require(SourceFile:61)
	at okio.RealBufferedSource.readHexadecimalUnsignedLong(SourceFile:303)
	at okhttp3.internal.http1.Http1Codec$ChunkedSource.readChunkSize(SourceFile:469)
	at okhttp3.internal.http1.Http1Codec$ChunkedSource.read(SourceFile:449)
	at okio.RealBufferedSource.read(SourceFile:47)
	at okio.RealBufferedSource.exhausted(SourceFile:57)
	at okio.GzipSource.read(SourceFile:99)
	at okio.Buffer.writeAll(SourceFile:1135)
	at okio.RealBufferedSource.readString(SourceFile:199)
	at okhttp3.ResponseBody.string(SourceFile:176)
	at com.framework.net.BaseHttpRequestHelper$1.onResponse(SourceFile:395)
	at okhttp3.RealCall$AsyncCall.execute(SourceFile:203)
	at okhttp3.internal.NamedRunnable.run(SourceFile:32)
	at java.util.concurrent.ThreadPoolExecutor.runWorker(ThreadPoolExecutor.java:1162)
	at java.util.concurrent.ThreadPoolExecutor$Worker.run(ThreadPoolExecutor.java:636)
	at java.lang.Thread.run(Thread.java:764)

2022-08-17 14:44:27.233 | INFO     | __main__:on_message:232 - SSL Session: E9C8A16AA0E4DFE7547D7499051B29D76C06E7F21EEDDD2521DC15FA415BB1C6
2022-08-17 14:44:27.234 | INFO     | __main__:on_message:238 - [SSL_write] 1.1.1.1:40732 --> 240.0.0.60:443
2022-08-17 14:44:27.236 | INFO     | __main__:on_message:241 - POST /user/box/android/v1.0/captcha-get.html HTTP/1.1..pauth: ..s-id: ..mudid: 1019gKHg4uTKWgskOGrCe87ad..SM-DEVICEID: 202208161102328b22a93ba49638768a7fc1b8347e6d290173572bb14c08d0..User-Agent: 4399GameCenter/6.8.0.59(android;Pixel 2;8.1.0;1080x1794;WIFI;1791.840;upgrade)..m-id: 40%3A4E%3A36%3A86%3AC1%3AF9..mauthcode: ..a-id: 2c1d7000523555f9..e-id: ..zxaid: A01-2otMBjE0ZOp%2BwcWBVp2%2BVuDO7XHtRgCQ..mauth: ..mareacode: 110000..mdeviceId: 40:4E:36:86:C1:F9..Content-Type: application/x-www-form-urlencoded..Content-Length: 69..Host: mapi.yxhapi.com..Connection: Keep-Alive..Accept-Encoding: gzip....isReg=0&sign=61efd9fe3c860b8426bd599868272475&timestamp=1660718677770
2022-08-17 14:44:27.238 | INFO     | __main__:on_message:242 - java.lang.Throwable
	at com.android.org.conscrypt.ConscryptFileDescriptorSocket$SSLOutputStream.write(Native Method)
	at com.android.okhttp.okio.Okio$1.write(Okio.java:76)
	at com.android.okhttp.okio.AsyncTimeout$1.write(AsyncTimeout.java:155)
	at com.android.okhttp.okio.RealBufferedSink.flush(RealBufferedSink.java:221)
	at com.android.okhttp.internal.http.Http1xStream.finishRequest(Http1xStream.java:161)
	at com.android.okhttp.internal.http.HttpEngine.readNetworkResponse(HttpEngine.java:735)
	at com.android.okhttp.internal.http.HttpEngine.readResponse(HttpEngine.java:609)
	at com.android.okhttp.internal.huc.HttpURLConnectionImpl.execute(HttpURLConnectionImpl.java:471)
	at com.android.okhttp.internal.huc.HttpURLConnectionImpl.getResponse(HttpURLConnectionImpl.java:407)
	at com.android.okhttp.internal.huc.HttpURLConnectionImpl.getResponseCode(HttpURLConnectionImpl.java:538)
	at com.android.okhttp.internal.huc.DelegatingHttpsURLConnection.getResponseCode(DelegatingHttpsURLConnection.java:105)
	at com.android.okhttp.internal.huc.HttpsURLConnectionImpl.getResponseCode(Unknown Source:0)
	at cn.m4399.analy.y1.a(SourceFile:17)
	at cn.m4399.analy.b2.a(SourceFile:17)
	at cn.m4399.analy.b2.run(SourceFile:4)

2022-08-17 14:44:27.442 | INFO     | __main__:on_message:232 - SSL Session: E9C8A16AA0E4DFE7547D7499051B29D76C06E7F21EEDDD2521DC15FA415BB1C6
2022-08-17 14:44:27.444 | INFO     | __main__:on_message:238 - [SSL_read] 240.0.0.60:443 --> 1.1.1.1:40732
2022-08-17 14:44:27.445 | INFO     | __main__:on_message:241 - HTTP/1.1 200 OK..Date: Wed, 17 Aug 2022 06:44:28 GMT..Content-Type: text/html;charset=utf-8..Content-Length: 46..Server: nginx/1.10.1..X-Via: 1.1 chk45:8 (Cdn Cache Server V2.0)..X-Ws-Request-Id: 62fc8e4c_chk45_49676-1628..Connection: keep-alive....
2022-08-17 14:44:27.447 | INFO     | __main__:on_message:242 - java.lang.Throwable
	at com.android.org.conscrypt.ConscryptFileDescriptorSocket$SSLInputStream.read(Native Method)
	at com.android.okhttp.okio.Okio$2.read(Okio.java:136)
	at com.android.okhttp.okio.AsyncTimeout$2.read(AsyncTimeout.java:211)
	at com.android.okhttp.okio.RealBufferedSource.indexOf(RealBufferedSource.java:306)
	at com.android.okhttp.okio.RealBufferedSource.indexOf(RealBufferedSource.java:300)
	at com.android.okhttp.okio.RealBufferedSource.readUtf8LineStrict(RealBufferedSource.java:196)
	at com.android.okhttp.internal.http.Http1xStream.readResponse(Http1xStream.java:186)
	at com.android.okhttp.internal.http.Http1xStream.readResponseHeaders(Http1xStream.java:127)
	at com.android.okhttp.internal.http.HttpEngine.readNetworkResponse(HttpEngine.java:737)
	at com.android.okhttp.internal.http.HttpEngine.readResponse(HttpEngine.java:609)
	at com.android.okhttp.internal.huc.HttpURLConnectionImpl.execute(HttpURLConnectionImpl.java:471)
	at com.android.okhttp.internal.huc.HttpURLConnectionImpl.getResponse(HttpURLConnectionImpl.java:407)
	at com.android.okhttp.internal.huc.HttpURLConnectionImpl.getResponseCode(HttpURLConnectionImpl.java:538)
	at com.android.okhttp.internal.huc.DelegatingHttpsURLConnection.getResponseCode(DelegatingHttpsURLConnection.java:105)
	at com.android.okhttp.internal.huc.HttpsURLConnectionImpl.getResponseCode(Unknown Source:0)
	at cn.m4399.analy.y1.a(SourceFile:17)
	at cn.m4399.analy.b2.a(SourceFile:17)
	at cn.m4399.analy.b2.run(SourceFile:4)

2022-08-17 14:44:27.485 | INFO     | __main__:on_message:232 - SSL Session: E9C8A16AA0E4DFE7547D7499051B29D76C06E7F21EEDDD2521DC15FA415BB1C6
2022-08-17 14:44:27.487 | INFO     | __main__:on_message:238 - [SSL_read] 240.0.0.60:443 --> 1.1.1.1:40732
2022-08-17 14:44:27.488 | INFO     | __main__:on_message:241 - {"code":"100","result":{},"message":"success"}
2022-08-17 14:44:27.489 | INFO     | __main__:on_message:242 - java.lang.Throwable
	at com.android.org.conscrypt.ConscryptFileDescriptorSocket$SSLInputStream.read(Native Method)
	at okio.Okio$2.read(SourceFile:140)
	at okio.AsyncTimeout$2.read(SourceFile:237)
	at okio.RealBufferedSource.indexOf(SourceFile:354)
	at okio.RealBufferedSource.readUtf8LineStrict(SourceFile:226)
	at okhttp3.internal.http1.Http1Codec.readHeaderLine(SourceFile:215)
	at okhttp3.internal.http1.Http1Codec.readResponseHeaders(SourceFile:189)
	at okhttp3.internal.http.CallServerInterceptor.intercept(SourceFile:88)
	at okhttp3.internal.http.RealInterceptorChain.proceed(SourceFile:147)
	at okhttp3.internal.http.RealInterceptorChain.proceed(SourceFile:121)
	at com.framework.net.okhttp3.HttpLoggingNetworkInterceptor.intercept(SourceFile:38)
	at okhttp3.internal.http.RealInterceptorChain.proceed(SourceFile:147)
	at okhttp3.internal.connection.ConnectInterceptor.intercept(SourceFile:45)
	at okhttp3.internal.http.RealInterceptorChain.proceed(SourceFile:147)
	at okhttp3.internal.http.RealInterceptorChain.proceed(SourceFile:121)
	at okhttp3.internal.cache.CacheInterceptor.intercept(SourceFile:93)
	at okhttp3.internal.http.RealInterceptorChain.proceed(SourceFile:147)
	at okhttp3.internal.http.RealInterceptorChain.proceed(SourceFile:121)
	at okhttp3.internal.http.BridgeInterceptor.intercept(SourceFile:93)
	at okhttp3.internal.http.RealInterceptorChain.proceed(SourceFile:147)
	at okhttp3.internal.http.RetryAndFollowUpInterceptor.intercept(SourceFile:127)
	at okhttp3.internal.http.RealInterceptorChain.proceed(SourceFile:147)
	at okhttp3.internal.http.RealInterceptorChain.proceed(SourceFile:121)
	at com.framework.net.okhttp3.RetryInterceptor.intercept(SourceFile:77)
	at okhttp3.internal.http.RealInterceptorChain.proceed(SourceFile:147)
	at okhttp3.internal.http.RealInterceptorChain.proceed(SourceFile:121)
	at com.framework.net.okhttp3.HttpLoggingInterceptor.intercept(SourceFile:51)
	at okhttp3.internal.http.RealInterceptorChain.proceed(SourceFile:147)
	at okhttp3.internal.http.RealInterceptorChain.proceed(SourceFile:121)
	at com.framework.net.okhttp3.ExceptionInterceptor.intercept(SourceFile:37)
	at okhttp3.internal.http.RealInterceptorChain.proceed(SourceFile:147)
	at okhttp3.internal.http.RealInterceptorChain.proceed(SourceFile:121)
	at okhttp3.RealCall.getResponseWithInterceptorChain(SourceFile:257)
	at okhttp3.RealCall$AsyncCall.execute(SourceFile:201)
	at okhttp3.internal.NamedRunnable.run(SourceFile:32)
	at java.util.concurrent.ThreadPoolExecutor.runWorker(ThreadPoolExecutor.java:1162)
	at java.util.concurrent.ThreadPoolExecutor$Worker.run(ThreadPoolExecutor.java:636)
	at java.lang.Thread.run(Thread.java:764)

