2022-08-17 14:45:00.197 | INFO     | __main__:on_message:232 - SSL Session: E9C8A16AA0E4DFE7547D7499051B29D76C06E7F21EEDDD2521DC15FA415BB1C6
2022-08-17 14:45:00.197 | INFO     | __main__:on_message:238 - [SSL_write] 1.1.1.1:40732 --> 240.0.0.60:443
2022-08-17 14:45:00.199 | INFO     | __main__:on_message:241 - POST /user/box/android/v2.0/log-in.html HTTP/1.1..pauth: ..s-id: ..mudid: 1019gKHg4uTKWgskOGrCe87ad..SM-DEVICEID: 202208161102328b22a93ba49638768a7fc1b8347e6d290173572bb14c08d0..User-Agent: 4399GameCenter/6.8.0.59(android;Pixel 2;8.1.0;1080x1794;WIFI;1791.840;upgrade)..m-id: 40%3A4E%3A36%3A86%3AC1%3AF9..mauthcode: ..a-id: 2c1d7000523555f9..e-id: ..zxaid: A01-2otMBjE0ZOp%2BwcWBVp2%2BVuDO7XHtRgCQ..mauth: ..mareacode: 110000..mdeviceId: 40:4E:36:86:C1:F9..Content-Type: application/x-www-form-urlencoded..Content-Length: 197..Host: mapi.yxhapi.com..Connection: Keep-Alive..Accept-Encoding: gzip....referer=%3A&password=ytHJhV3wqmTLqeV%2BzhXB%2BA%3D%3D&deviceIdentifier=40%3A4E%3A36%3A86%3AC1%3AF9&dateline=1660718700&sign=6690a70842560ee43a3e76b3ca7056ef&model=Pixel%202&info=1&username=wulalala
2022-08-17 14:45:00.202 | INFO     | __main__:on_message:242 - None
2022-08-17 14:45:00.522 | INFO     | __main__:on_message:232 - SSL Session: E9C8A16AA0E4DFE7547D7499051B29D76C06E7F21EEDDD2521DC15FA415BB1C6
2022-08-17 14:45:00.523 | INFO     | __main__:on_message:238 - [SSL_read] 240.0.0.60:443 --> 1.1.1.1:40732
2022-08-17 14:45:00.525 | INFO     | __main__:on_message:241 - HTTP/1.1 200 OK..Date: Wed, 17 Aug 2022 06:45:01 GMT..Content-Type: text/html;charset=utf-8..Content-Length: 51..Server: nginx/1.10.1..X-Via: 1.1 chk47:5 (Cdn Cache Server V2.0)..X-Ws-Request-Id: 62fc8e6c_chk45_49676-4233..Connection: keep-alive....
2022-08-17 14:45:00.526 | INFO     | __main__:on_message:242 - None
2022-08-17 14:45:00.533 | INFO     | __main__:on_message:232 - SSL Session: E9C8A16AA0E4DFE7547D7499051B29D76C06E7F21EEDDD2521DC15FA415BB1C6
2022-08-17 14:45:00.534 | INFO     | __main__:on_message:238 - [SSL_read] 240.0.0.60:443 --> 1.1.1.1:40732
2022-08-17 14:45:00.536 | INFO     | __main__:on_message:241 - {"code":"321","result":{},"message":"............"}
2022-08-17 14:45:00.537 | INFO     | __main__:on_message:242 - java.lang.Throwable
	at com.android.org.conscrypt.ConscryptFileDescriptorSocket$SSLInputStream.read(Native Method)
	at okio.Okio$2.read(SourceFile:140)
	at okio.AsyncTimeout$2.read(SourceFile:237)
	at okio.RealBufferedSource.indexOf(SourceFile:354)
	at okio.RealBufferedSource.readUtf8LineStrict(SourceFile:226)
	at okhttp3.internal.http1.Http1Codec.readHeaderLine(SourceFile:215)
	at okhttp3.internal.http1.Http1Codec.readResponseHeaders(SourceFile:189)
	at okhttp3.internal.http.CallServerInterceptor.intercept(SourceFile:88)
	at okhttp3.internal.http.RealInterceptorChain.proceed(SourceFile:147)
	at okhttp3.internal.http.RealInterceptorChain.proceed(SourceFile:121)
	at com.framework.net.okhttp3.HttpLoggingNetworkInterceptor.intercept(SourceFile:38)
	at okhttp3.internal.http.RealInterceptorChain.proceed(SourceFile:147)
	at okhttp3.internal.connection.ConnectInterceptor.intercept(SourceFile:45)
	at okhttp3.internal.http.RealInterceptorChain.proceed(SourceFile:147)
	at okhttp3.internal.http.RealInterceptorChain.proceed(SourceFile:121)
	at okhttp3.internal.cache.CacheInterceptor.intercept(SourceFile:93)
	at okhttp3.internal.http.RealInterceptorChain.proceed(SourceFile:147)
	at okhttp3.internal.http.RealInterceptorChain.proceed(SourceFile:121)
	at okhttp3.internal.http.BridgeInterceptor.intercept(SourceFile:93)
	at okhttp3.internal.http.RealInterceptorChain.proceed(SourceFile:147)
	at okhttp3.internal.http.RetryAndFollowUpInterceptor.intercept(SourceFile:127)
	at okhttp3.internal.http.RealInterceptorChain.proceed(SourceFile:147)
	at okhttp3.internal.http.RealInterceptorChain.proceed(SourceFile:121)
	at com.framework.net.okhttp3.RetryInterceptor.intercept(SourceFile:77)
	at okhttp3.internal.http.RealInterceptorChain.proceed(SourceFile:147)
	at okhttp3.internal.http.RealInterceptorChain.proceed(SourceFile:121)
	at com.framework.net.okhttp3.HttpLoggingInterceptor.intercept(SourceFile:51)
	at okhttp3.internal.http.RealInterceptorChain.proceed(SourceFile:147)
	at okhttp3.internal.http.RealInterceptorChain.proceed(SourceFile:121)
	at com.framework.net.okhttp3.ExceptionInterceptor.intercept(SourceFile:37)
	at okhttp3.internal.http.RealInterceptorChain.proceed(SourceFile:147)
	at okhttp3.internal.http.RealInterceptorChain.proceed(SourceFile:121)
	at okhttp3.RealCall.getResponseWithInterceptorChain(SourceFile:257)
	at okhttp3.RealCall$AsyncCall.execute(SourceFile:201)
	at okhttp3.internal.NamedRunnable.run(SourceFile:32)
	at java.util.concurrent.ThreadPoolExecutor.runWorker(ThreadPoolExecutor.java:1162)
	at java.util.concurrent.ThreadPoolExecutor$Worker.run(ThreadPoolExecutor.java:636)
	at java.lang.Thread.run(Thread.java:764)

