https://rr1---sn-npoeene6.googlevideo.com/videoplayback?
expire=1665644603
&ei=22NHY9ixCpeDjMwPpp-guAY
&ip=91.243.81.151
&id=o-AEByPDyqWA8khQ-8i4wNNDsRIjgOxzqUU9PBcexRh86q
&itag=396
&aitags=133%2C134%2C135%2C136%2C160%2C242%2C243%2C244%2C247%2C278%2C298%2C299%2C302%2C303%2C308%2C315%2C394%2C395%2C396%2C397%2C398%2C399%2C400%2C401
&source=youtube
&requiressl=yes
&mh=tM
&mm=31%2C29
&mn=sn-npoeene6%2Csn-npoe7nsd
&ms=au%2Crdu
&mv=m
&mvi=1
&pl=24
&ctier=L
&initcwndbps=2063750
&vprv=1
&mime=video%2Fmp4
&ns=XnKVQ6MU99kQwLvlNMHyMeEI
&gir=yes
&clen=1200764
&dur=31.933
&lmt=1655529910580960
&mt=1665622627
&fvip=4
&keepalive=yes
&fexp=24001373%2C24007246
&c=WEB
&txp=5532434
&n=HfwmWcjrFaroog
&sparams=expire%2Cei%2Cip%2Cid%2Caitags%2Csource%2Crequiressl%2Cctier%2Cvprv%2Cmime%2Cns%2Cgir%2Cclen%2Cdur%2Clmt
&sig=AOq0QJ8wRAIgYu5-EuVPqt-jKfJ8HE8CXXlGnbI4As_VRxtpZtmJCIoCIDb8fhCeKiMcFFdZP38dBSIVmGmeM1x8Yrn3Zr0uqbzW
&lsparams=mh%2Cmm%2Cmn%2Cms%2Cmv%2Cmvi%2Cpl%2Cinitcwndbps
&lsig=AG3C_xAwRQIgNEzHAHbR5_hnneFf6meaimUZEdlk9ervpDnpv-QuNRsCIQDzHJpi5m2h9R_Fi9bkOwImnPCnjof9UxbxzMVBdTd_tg%3D%3D
&alr=yes
&cpn=WnCCw-PoyUxkzC4t
&cver=2.20221012.00.00
&range=935057-1200763
&rn=11
&rbuf=22447
&pot=D2FFqLl3dpbOYX3oQ8WpOC6KinBOcDVDyOcuwWvHxBIAsT94LfiFDwkRoMvFVIqmEoUo09HFsOj8RFfzZtAy0-vof00HNN-VdUDH_zto3CJ3TYcWd_-_la_x67g1QVe65LI8Agc=


https://rr1---sn-npoeene6.googlevideo.com/videoplayback?
expire=1665644603
&ei=22NHY9ixCpeDjMwPpp-guAY
&ip=91.243.81.151
&id=o-AEByPDyqWA8khQ-8i4wNNDsRIjgOxzqUU9PBcexRh86q
&itag=396
&aitags=133%2C134%2C135%2C136%2C160%2C242%2C243%2C244%2C247%2C278%2C298%2C299%2C302%2C303%2C308%2C315%2C394%2C395%2C396%2C397%2C398%2C399%2C400%2C401
&source=youtube
&requiressl=yes
&mh=tM
&mm=31%2C29
&mn=sn-npoeene6%2Csn-npoe7nsd
&ms=au%2Crdu
&mv=m
&mvi=1
&pl=24
&ctier=L
&initcwndbps=2063750
&vprv=1
&mime=video%2Fmp4
&ns=XnKVQ6MU99kQwLvlNMHyMeEI
&gir=yes
&clen=1200764
&dur=31.933
&lmt=1655529910580960
&mt=1665622627
&fvip=4
&keepalive=yes
&fexp=24001373%2C24007246
&c=WEB
&txp=5532434
&n=HfwmWcjrFaroog
&sparams=expire%2Cei%2Cip%2Cid%2Caitags%2Csource%2Crequiressl%2Cctier%2Cvprv%2Cmime%2Cns%2Cgir%2Cclen%2Cdur%2Clmt
&sig=AOq0QJ8wRAIgYu5-EuVPqt-jKfJ8HE8CXXlGnbI4As_VRxtpZtmJCIoCIDb8fhCeKiMcFFdZP38dBSIVmGmeM1x8Yrn3Zr0uqbzW
&lsparams=mh%2Cmm%2Cmn%2Cms%2Cmv%2Cmvi%2Cpl%2Cinitcwndbps
&lsig=AG3C_xAwRQIgNEzHAHbR5_hnneFf6meaimUZEdlk9ervpDnpv-QuNRsCIQDzHJpi5m2h9R_Fi9bkOwImnPCnjof9UxbxzMVBdTd_tg%3D%3D
&alr=yes
&cpn=WnCCw-PoyUxkzC4t
&cver=2.20221012.00.00
&range=935057-1200763
&rn=11
&rbuf=22447
&pot=D2FFqLl3dpbOYX3oQ8WpOC6KinBOcDVDyOcuwWvHxBIAsT94LfiFDwkRoMvFVIqmEoUo09HFsOj8RFfzZtAy0-vof00HNN-VdUDH_zto3CJ3TYcWd_-_la_x67g1QVe65LI8Agc=


https://rr2---sn-npoeens7.googlevideo.com/videoplayback?expire=1665644603&ei=22NHY9ixCpeDjMwPpp-guAY&ip=91.243.81.151&id=o-AHmSSyUO1H5ZYttNHOR5lM1L2Xa8F_3j5MU7VDOaZKKB&itag=243&aitags=133%2C134%2C135%2C136%2C137%2C160%2C242%2C243%2C244%2C247%2C248%2C271%2C278%2C313&source=youtube&requiressl=yes&mh=0G&mm=31%2C29&mn=sn-npoeens7%2Csn-npoe7ndl&ms=au%2Crdu&mv=m&mvi=2&pl=24&initcwndbps=2063750&spc=yR2vp6gUOzp3ApQj3StYmz1Bg58Y5r4&vprv=1&mime=video%2Fwebm&ns=zDEWV2a7yMV3JN6UPZqsB-gI&gir=yes&clen=2510679&dur=101.851&lmt=1665158473784742&mt=1665622627&fvip=5&keepalive=yes&fexp=24001373%2C24007246&c=WEB&txp=5319224&n=lz6ET72dlVFUug&sparams=expire%2Cei%2Cip%2Cid%2Caitags%2Csource%2Crequiressl%2Cspc%2Cvprv%2Cmime%2Cns%2Cgir%2Cclen%2Cdur%2Clmt&sig=AOq0QJ8wRQIgOT26MfpR7vWEw08XwPDvA0qNv5-ZoXd4rG8qZCdG5rYCIQCEWXRoP06veTm3fh_zLRjh_o4Q4aNhriE6Km_EMemRSg%3D%3D&lsparams=mh%2Cmm%2Cmn%2Cms%2Cmv%2Cmvi%2Cpl%2Cinitcwndbps&lsig=AG3C_xAwRQIhAIr4Ro8obS3tt8-gXYigyP1-PkyQyAM_tOYGUyQK7KkpAiAqsBFMaDGr1XtqarLrfhR4DK6jc-KOgv4COLEocS_M3Q%3D%3D&alr=yes&cpn=5eaqGOAaf1YVxf5Q&cver=2.20221012.00.00&range=0-82732&rn=1&rbuf=0&pot=D2FFqLl3dpbOYX3oQ8WpOC6KinBOcDVDyOcuwWvHxBIAsT94LfiFDwkRoMvFVIqmEoUo09HFsOj8RFfzZtAy0-vof00HNN-VdUDH_zto3CJ3TYcWd_-_la_x67g1QVe65LI8Agc=&altitags=242%2C278
https://rr1---sn-npoeene6.googlevideo.com/videoplayback?expire=1665644603&ei=22NHY9ixCpeDjMwPpp-guAY&ip=91.243.81.151&id=o-AEByPDyqWA8khQ-8i4wNNDsRIjgOxzqUU9PBcexRh86q&itag=396&aitags=133%2C134%2C135%2C136%2C160%2C242%2C243%2C244%2C247%2C278%2C298%2C299%2C302%2C303%2C308%2C315%2C394%2C395%2C396%2C397%2C398%2C399%2C400%2C401&source=youtube&requiressl=yes&mh=tM&mm=31%2C29&mn=sn-npoeene6%2Csn-npoe7nsd&ms=au%2Crdu&mv=m&mvi=1&pl=24&ctier=L&initcwndbps=2063750&vprv=1&mime=video%2Fmp4&ns=XnKVQ6MU99kQwLvlNMHyMeEI&gir=yes&clen=1200764&dur=31.933&lmt=1655529910580960&mt=1665622627&fvip=4&keepalive=yes&fexp=24001373%2C24007246&c=WEB&txp=5532434&n=HfwmWcjrFaroog&sparams=expire%2Cei%2Cip%2Cid%2Caitags%2Csource%2Crequiressl%2Cctier%2Cvprv%2Cmime%2Cns%2Cgir%2Cclen%2Cdur%2Clmt&sig=AOq0QJ8wRAIgYu5-EuVPqt-jKfJ8HE8CXXlGnbI4As_VRxtpZtmJCIoCIDb8fhCeKiMcFFdZP38dBSIVmGmeM1x8Yrn3Zr0uqbzW&lsparams=mh%2Cmm%2Cmn%2Cms%2Cmv%2Cmvi%2Cpl%2Cinitcwndbps&lsig=AG3C_xAwRQIgNEzHAHbR5_hnneFf6meaimUZEdlk9ervpDnpv-QuNRsCIQDzHJpi5m2h9R_Fi9bkOwImnPCnjof9UxbxzMVBdTd_tg%3D%3D&alr=yes&cpn=WnCCw-PoyUxkzC4t&cver=2.20221012.00.00&range=935057-1200763&rn=11&rbuf=22447&pot=D2FFqLl3dpbOYX3oQ8WpOC6KinBOcDVDyOcuwWvHxBIAsT94LfiFDwkRoMvFVIqmEoUo09HFsOj8RFfzZtAy0-vof00HNN-VdUDH_zto3CJ3TYcWd_-_la_x67g1QVe65LI8Agc=
https://rr1---sn-npoeene6.googlevideo.com/videoplayback?expire=1665644603&ei=22NHY9ixCpeDjMwPpp-guAY&ip=91.243.81.151&id=o-AEByPDyqWA8khQ-8i4wNNDsRIjgOxzqUU9PBcexRh86q&itag=396&aitags=133%2C134%2C135%2C136%2C160%2C242%2C243%2C244%2C247%2C278%2C298%2C299%2C302%2C303%2C308%2C315%2C394%2C395%2C396%2C397%2C398%2C399%2C400%2C401&source=youtube&requiressl=yes&mh=tM&mm=31%2C29&mn=sn-npoeene6%2Csn-npoe7nsd&ms=au%2Crdu&mv=m&mvi=1&pl=24&ctier=L&initcwndbps=2063750&vprv=1&mime=video%2Fmp4&ns=XnKVQ6MU99kQwLvlNMHyMeEI&gir=yes&clen=1200764&dur=31.933&lmt=1655529910580960&mt=1665622627&fvip=4&keepalive=yes&fexp=24001373%2C24007246&c=WEB&txp=5532434&n=HfwmWcjrFaroog&sparams=expire%2Cei%2Cip%2Cid%2Caitags%2Csource%2Crequiressl%2Cctier%2Cvprv%2Cmime%2Cns%2Cgir%2Cclen%2Cdur%2Clmt&sig=AOq0QJ8wRAIgYu5-EuVPqt-jKfJ8HE8CXXlGnbI4As_VRxtpZtmJCIoCIDb8fhCeKiMcFFdZP38dBSIVmGmeM1x8Yrn3Zr0uqbzW&lsparams=mh%2Cmm%2Cmn%2Cms%2Cmv%2Cmvi%2Cpl%2Cinitcwndbps&lsig=AG3C_xAwRQIgNEzHAHbR5_hnneFf6meaimUZEdlk9ervpDnpv-QuNRsCIQDzHJpi5m2h9R_Fi9bkOwImnPCnjof9UxbxzMVBdTd_tg%3D%3D&alr=yes&cpn=WnCCw-PoyUxkzC4t&cver=2.20221012.00.00&range=210753-425662&rn=7&rbuf=5767&pot=D2FFqLl3dpbOYX3oQ8WpOC6KinBOcDVDyOcuwWvHxBIAsT94LfiFDwkRoMvFVIqmEoUo09HFsOj8RFfzZtAy0-vof00HNN-VdUDH_zto3CJ3TYcWd_-_la_x67g1QVe65LI8Agc=
https://rr1---sn-npoeene6.googlevideo.com/videoplayback?expire=1665644603&ei=22NHY9ixCpeDjMwPpp-guAY&ip=91.243.81.151&id=o-AEByPDyqWA8khQ-8i4wNNDsRIjgOxzqUU9PBcexRh86q&itag=251&source=youtube&requiressl=yes&mh=tM&mm=31%2C29&mn=sn-npoeene6%2Csn-npoe7nsd&ms=au%2Crdu&mv=m&mvi=1&pl=24&ctier=L&initcwndbps=2063750&vprv=1&mime=audio%2Fwebm&ns=XnKVQ6MU99kQwLvlNMHyMeEI&gir=yes&clen=486938&dur=31.981&lmt=1655528396561256&mt=1665622627&fvip=4&keepalive=yes&fexp=24001373%2C24007246&c=WEB&txp=5532434&n=HfwmWcjrFaroog&sparams=expire%2Cei%2Cip%2Cid%2Citag%2Csource%2Crequiressl%2Cctier%2Cvprv%2Cmime%2Cns%2Cgir%2Cclen%2Cdur%2Clmt&sig=AOq0QJ8wRQIgBl2ZsQ7Hg-glSd2ghTxCUIGQeII0hHZFrVlGrAvn3AUCIQDPn94k4pPjRMlA_yvNHmTlp98Ph3QS-q1ypQYrPZAl8A%3D%3D&lsparams=mh%2Cmm%2Cmn%2Cms%2Cmv%2Cmvi%2Cpl%2Cinitcwndbps&lsig=AG3C_xAwRQIgNEzHAHbR5_hnneFf6meaimUZEdlk9ervpDnpv-QuNRsCIQDzHJpi5m2h9R_Fi9bkOwImnPCnjof9UxbxzMVBdTd_tg%3D%3D&alr=yes&cpn=WnCCw-PoyUxkzC4t&cver=2.20221012.00.00&range=131537-253995&rn=8&rbuf=7944&pot=D2FFqLl3dpbOYX3oQ8WpOC6KinBOcDVDyOcuwWvHxBIAsT94LfiFDwkRoMvFVIqmEoUo09HFsOj8RFfzZtAy0-vof00HNN-VdUDH_zto3CJ3TYcWd_-_la_x67g1QVe65LI8Agc=
