/watch?v=VZ8bFNXv9aU
/watch?v=jf9PGYVBoZc
/watch?v=aOFyRBsP-YY
/watch?v=-z9B0iOqvhM
/watch?v=iWYaRpeLhrU
/watch?v=-qgIT4ScYnI
/watch?v=vzdkz37b7aY
/watch?v=T0cN8Ux61PU
/watch?v=vBV3Cz-rFLw
/watch?v=eP2mrT6Jg2s
/watch?v=qYi7HimkYdE
/watch?v=Hcm5-q42Sbs
/watch?v=T6IQU0RUkxQ
/watch?v=MnIW7glEJNQ
/watch?v=Q7R6K3ZCV6c
/watch?v=9OlGy_dOZj4
/watch?v=DQMfmZM74kE
/watch?v=TplWaczC3_Y
/watch?v=LF06aItXuCM
/watch?v=do07cCylVqk
/watch?v=AKn5K10FdKU
/watch?v=UzvnMFDmWGo
/watch?v=7LiJihSqCeI
/watch?v=BcJMyevHq_w
/watch?v=AY8IWoGgHig
/watch?v=TEsE0plDuDg
/watch?v=lgmbnkfKR64
/watch?v=zWOb9d5nJtY
/watch?v=czXFwewrTrM
/watch?v=s1eeT5XFeJk
/watch?v=0g1ITOkMuaI
/watch?v=ognWNFPWM0Y
/watch?v=S_slpAYzI1g
/watch?v=5KNpDvkngF0
/watch?v=JjTfxR8nlKo
/watch?v=y7ee9lgQoeM
/watch?v=RBZkSgO4oZQ
/watch?v=v1JmBBZ6i7E
/watch?v=9v6M4wd0RQg
/watch?v=z9XqjuFzt_4
/watch?v=L-Vf3MlbtAs
/watch?v=VaSRc6bpEMI
/watch?v=tgRAhL4a1qA
/watch?v=Xx9TUOZNDaM
/watch?v=W1SSt55Xus0
/watch?v=F2ANP4KCH5k
/watch?v=E2BmEec8y8w
/watch?v=m0F81NHwkZ0
/watch?v=QVeOlXGwI6k
/watch?v=Eg-z7oQfLeQ
/watch?v=QS91MFQcPxg
/watch?v=9BhkjEc6Q64
/watch?v=dFWmG1dZfr8
/watch?v=FDnf8VfbMmo
/watch?v=KACQAl4ywtw
/watch?v=P_9bjXbCN2o
/watch?v=T1IO9VOeV4U
/watch?v=ADE-OWMc3_M
/watch?v=Yz6vEipapXg
/watch?v=QiNM3dgB3Rs
/watch?v=9v6M4wd0RQg
/watch?v=Yz6vEipapXg
/watch?v=Hcm5-q42Sbs
/watch?v=W1SSt55Xus0
/watch?v=7LiJihSqCeI
/watch?v=E2BmEec8y8w
/watch?v=F2ANP4KCH5k
/watch?v=RBZkSgO4oZQ
/watch?v=vBV3Cz-rFLw
/watch?v=do07cCylVqk
/watch?v=LF06aItXuCM
/watch?v=y7ee9lgQoeM
/watch?v=s1eeT5XFeJk
/watch?v=TEsE0plDuDg
/watch?v=czXFwewrTrM
/watch?v=Eg-z7oQfLeQ
/watch?v=KACQAl4ywtw
/watch?v=vzdkz37b7aY
/watch?v=v1JmBBZ6i7E
/watch?v=S_slpAYzI1g
/watch?v=-z9B0iOqvhM
/watch?v=eP2mrT6Jg2s
/watch?v=MnIW7glEJNQ
/watch?v=L-Vf3MlbtAs
/watch?v=ADE-OWMc3_M
/watch?v=DQMfmZM74kE
/watch?v=FDnf8VfbMmo
/watch?v=m0F81NHwkZ0
/watch?v=QiNM3dgB3Rs
/watch?v=AY8IWoGgHig
/watch?v=T1IO9VOeV4U
/watch?v=P_9bjXbCN2o
/watch?v=qYi7HimkYdE
/watch?v=jf9PGYVBoZc
/watch?v=9OlGy_dOZj4
/watch?v=aOFyRBsP-YY
/watch?v=dFWmG1dZfr8
/watch?v=JjTfxR8nlKo
/watch?v=VZ8bFNXv9aU
/watch?v=Q7R6K3ZCV6c
/watch?v=T0cN8Ux61PU
/watch?v=-qgIT4ScYnI
/watch?v=ognWNFPWM0Y
/watch?v=UzvnMFDmWGo
/watch?v=VaSRc6bpEMI
/watch?v=9BhkjEc6Q64
/watch?v=BcJMyevHq_w
/watch?v=0g1ITOkMuaI
/watch?v=QVeOlXGwI6k
/watch?v=lgmbnkfKR64
/watch?v=T6IQU0RUkxQ
/watch?v=TplWaczC3_Y
/watch?v=z9XqjuFzt_4
/watch?v=iWYaRpeLhrU
/watch?v=zWOb9d5nJtY
/watch?v=5KNpDvkngF0
/watch?v=AKn5K10FdKU
/watch?v=tgRAhL4a1qA
/watch?v=QS91MFQcPxg
/watch?v=Xx9TUOZNDaM
/watch?v=dFWmG1dZfr8
/watch?v=tgRAhL4a1qA
/watch?v=z9XqjuFzt_4
/watch?v=jf9PGYVBoZc
/watch?v=0g1ITOkMuaI
/watch?v=vBV3Cz-rFLw
/watch?v=lgmbnkfKR64
/watch?v=KACQAl4ywtw
/watch?v=Hcm5-q42Sbs
/watch?v=Xx9TUOZNDaM
/watch?v=5KNpDvkngF0
/watch?v=JjTfxR8nlKo
/watch?v=9v6M4wd0RQg
/watch?v=-z9B0iOqvhM
/watch?v=9BhkjEc6Q64
/watch?v=y7ee9lgQoeM
/watch?v=UzvnMFDmWGo
/watch?v=eP2mrT6Jg2s
/watch?v=F2ANP4KCH5k
/watch?v=S_slpAYzI1g
/watch?v=P_9bjXbCN2o
/watch?v=9OlGy_dOZj4
/watch?v=T6IQU0RUkxQ
/watch?v=v1JmBBZ6i7E
/watch?v=AY8IWoGgHig
/watch?v=VaSRc6bpEMI
/watch?v=L-Vf3MlbtAs
/watch?v=QVeOlXGwI6k
/watch?v=MnIW7glEJNQ
/watch?v=qYi7HimkYdE
/watch?v=AKn5K10FdKU
/watch?v=T1IO9VOeV4U
/watch?v=QS91MFQcPxg
/watch?v=ognWNFPWM0Y
/watch?v=T0cN8Ux61PU
/watch?v=do07cCylVqk
/watch?v=-qgIT4ScYnI
/watch?v=W1SSt55Xus0
/watch?v=Eg-z7oQfLeQ
/watch?v=BcJMyevHq_w
/watch?v=iWYaRpeLhrU
/watch?v=czXFwewrTrM
/watch?v=VZ8bFNXv9aU
/watch?v=Q7R6K3ZCV6c
/watch?v=vzdkz37b7aY
/watch?v=7LiJihSqCeI
/watch?v=TplWaczC3_Y
/watch?v=zWOb9d5nJtY
/watch?v=s1eeT5XFeJk
/watch?v=ADE-OWMc3_M
/watch?v=LF06aItXuCM
/watch?v=QiNM3dgB3Rs
/watch?v=FDnf8VfbMmo
/watch?v=RBZkSgO4oZQ
/watch?v=TEsE0plDuDg
/watch?v=m0F81NHwkZ0
/watch?v=aOFyRBsP-YY
/watch?v=E2BmEec8y8w
/watch?v=Yz6vEipapXg
/watch?v=DQMfmZM74kE
